[2018-09-12 08:26:19,767] DEBUG preRegister called. Server=com.sun.jmx.mbeanserver.JmxMBeanServer@66d3c617, name=log4j:logger=kafka.controller (kafka.controller)
[2018-09-12 08:55:46,376] INFO [Controller 0]: Controller starting up (kafka.controller.KafkaController)
[2018-09-12 08:55:46,578] INFO [Controller 0]: Broker 0 starting become controller state transition (kafka.controller.KafkaController)
[2018-09-12 08:55:46,750] INFO [Controller 0]: Controller 0 incremented epoch to 1 (kafka.controller.KafkaController)
[2018-09-12 08:55:46,750] DEBUG [Controller 0]: Registering IsrChangeNotificationListener (kafka.controller.KafkaController)
[2018-09-12 08:55:46,828] INFO [Controller 0]: Partitions undergoing preferred replica election:  (kafka.controller.KafkaController)
[2018-09-12 08:55:46,828] INFO [Controller 0]: Partitions that completed preferred replica election:  (kafka.controller.KafkaController)
[2018-09-12 08:55:46,844] INFO [Controller 0]: Resuming preferred replica election for partitions:  (kafka.controller.KafkaController)
[2018-09-12 08:55:46,859] INFO [Controller 0]: Partitions being reassigned: Map() (kafka.controller.KafkaController)
[2018-09-12 08:55:46,875] INFO [Controller 0]: Partitions already reassigned: Set() (kafka.controller.KafkaController)
[2018-09-12 08:55:46,875] INFO [Controller 0]: Resuming reassignment of partitions: Map() (kafka.controller.KafkaController)
[2018-09-12 08:55:46,875] INFO [Controller 0]: List of topics to be deleted:  (kafka.controller.KafkaController)
[2018-09-12 08:55:46,875] INFO [Controller 0]: List of topics ineligible for deletion:  (kafka.controller.KafkaController)
[2018-09-12 08:55:46,890] INFO [Controller 0]: Currently active brokers in the cluster: Set() (kafka.controller.KafkaController)
[2018-09-12 08:55:46,890] INFO [Controller 0]: Currently shutting brokers in the cluster: Set() (kafka.controller.KafkaController)
[2018-09-12 08:55:46,890] INFO [Controller 0]: Current list of topics in the cluster: Set() (kafka.controller.KafkaController)
[2018-09-12 08:55:46,953] INFO [Replica state machine on controller 0]: Started replica state machine with initial state -> Map() (kafka.controller.ReplicaStateMachine)
[2018-09-12 08:55:46,953] INFO [Partition state machine on Controller 0]: Started partition state machine with initial state -> Map() (kafka.controller.PartitionStateMachine)
[2018-09-12 08:55:46,953] INFO [Controller 0]: Broker 0 is ready to serve as the new controller with epoch 1 (kafka.controller.KafkaController)
[2018-09-12 08:55:46,953] INFO [Controller 0]: Starting preferred replica leader election for partitions  (kafka.controller.KafkaController)
[2018-09-12 08:55:46,968] INFO [Partition state machine on Controller 0]: Invoking state change to OnlinePartition for partitions  (kafka.controller.PartitionStateMachine)
[2018-09-12 08:55:47,015] INFO [Controller 0]: starting the partition rebalance scheduler (kafka.controller.KafkaController)
[2018-09-12 08:55:47,015] INFO [Controller 0]: Controller startup complete (kafka.controller.KafkaController)
[2018-09-12 08:55:47,811] INFO [BrokerChangeListener on Controller 0]: Broker change listener fired for path /brokers/ids with children 0 (kafka.controller.ReplicaStateMachine$BrokerChangeListener)
[2018-09-12 08:55:47,889] INFO [BrokerChangeListener on Controller 0]: Newly added brokers: 0, deleted brokers: , all live brokers: 0 (kafka.controller.ReplicaStateMachine$BrokerChangeListener)
[2018-09-12 08:55:47,904] DEBUG [Channel manager on controller 0]: Controller 0 trying to connect to broker 0 (kafka.controller.ControllerChannelManager)
[2018-09-12 08:55:47,936] INFO [Controller-0-to-broker-0-send-thread], Starting  (kafka.controller.RequestSendThread)
[2018-09-12 08:55:47,951] INFO [Controller 0]: New broker startup callback for 0 (kafka.controller.KafkaController)
[2018-09-12 08:55:47,998] INFO [Controller-0-to-broker-0-send-thread], Controller 0 connected to user-PC:9092 (id: 0 rack: null) for sending state change requests (kafka.controller.RequestSendThread)
[2018-09-12 08:55:52,054] TRACE [Controller 0]: checking need to trigger partition rebalance (kafka.controller.KafkaController)
[2018-09-12 08:55:52,101] DEBUG [Controller 0]: preferred replicas by broker Map() (kafka.controller.KafkaController)
[2018-09-12 08:59:15,150] DEBUG [TopicChangeListener on Controller 0]: Topic change listener fired for path /brokers/topics with children test (kafka.controller.PartitionStateMachine$TopicChangeListener)
[2018-09-12 08:59:15,181] INFO [TopicChangeListener on Controller 0]: New topics: [Set(test)], deleted topics: [Set()], new partition replica assignment [Map([test,0] -> List(0))] (kafka.controller.PartitionStateMachine$TopicChangeListener)
[2018-09-12 08:59:15,181] INFO [Controller 0]: New topic creation callback for [test,0] (kafka.controller.KafkaController)
[2018-09-12 08:59:15,212] INFO [Controller 0]: New partition creation callback for [test,0] (kafka.controller.KafkaController)
[2018-09-12 08:59:15,212] INFO [Partition state machine on Controller 0]: Invoking state change to NewPartition for partitions [test,0] (kafka.controller.PartitionStateMachine)
[2018-09-12 08:59:15,228] INFO [Replica state machine on controller 0]: Invoking state change to NewReplica for replicas [Topic=test,Partition=0,Replica=0] (kafka.controller.ReplicaStateMachine)
[2018-09-12 08:59:15,259] INFO [Partition state machine on Controller 0]: Invoking state change to OnlinePartition for partitions [test,0] (kafka.controller.PartitionStateMachine)
[2018-09-12 08:59:15,259] DEBUG [Partition state machine on Controller 0]: Live assigned replicas for partition [test,0] are: [List(0)] (kafka.controller.PartitionStateMachine)
[2018-09-12 08:59:15,290] DEBUG [Partition state machine on Controller 0]: Initializing leader and isr for partition [test,0] to (Leader:0,ISR:0,LeaderEpoch:0,ControllerEpoch:1) (kafka.controller.PartitionStateMachine)
[2018-09-12 08:59:15,696] INFO [Replica state machine on controller 0]: Invoking state change to OnlineReplica for replicas [Topic=test,Partition=0,Replica=0] (kafka.controller.ReplicaStateMachine)
[2018-09-12 09:00:52,026] TRACE [Controller 0]: checking need to trigger partition rebalance (kafka.controller.KafkaController)
[2018-09-12 09:00:52,026] DEBUG [Controller 0]: preferred replicas by broker Map(0 -> Map([test,0] -> List(0))) (kafka.controller.KafkaController)
[2018-09-12 09:00:52,057] DEBUG [Controller 0]: topics not in preferred replica Map() (kafka.controller.KafkaController)
[2018-09-12 09:00:52,104] TRACE [Controller 0]: leader imbalance ratio for broker 0 is 0.000000 (kafka.controller.KafkaController)
[2018-09-12 09:03:40,582] DEBUG [DeleteTopicsListener on Controller 0]: Delete topics listener fired for topics test to be deleted (kafka.controller.PartitionStateMachine$DeleteTopicsListener)
[2018-09-12 09:03:40,582] INFO [DeleteTopicsListener on Controller 0]: Removing /admin/delete_topics/test since delete topic is disabled (kafka.controller.PartitionStateMachine$DeleteTopicsListener)
[2018-09-12 09:03:40,660] DEBUG [DeleteTopicsListener on Controller 0]: Delete topics listener fired for topics  to be deleted (kafka.controller.PartitionStateMachine$DeleteTopicsListener)
[2018-09-12 09:05:00,251] DEBUG [DeleteTopicsListener on Controller 0]: Delete topics listener fired for topics test to be deleted (kafka.controller.PartitionStateMachine$DeleteTopicsListener)
[2018-09-12 09:05:00,251] INFO [DeleteTopicsListener on Controller 0]: Removing /admin/delete_topics/test since delete topic is disabled (kafka.controller.PartitionStateMachine$DeleteTopicsListener)
[2018-09-12 09:05:00,314] DEBUG [DeleteTopicsListener on Controller 0]: Delete topics listener fired for topics  to be deleted (kafka.controller.PartitionStateMachine$DeleteTopicsListener)
[2018-09-12 09:05:52,029] TRACE [Controller 0]: checking need to trigger partition rebalance (kafka.controller.KafkaController)
[2018-09-12 09:05:52,029] DEBUG [Controller 0]: preferred replicas by broker Map(0 -> Map([test,0] -> List(0))) (kafka.controller.KafkaController)
[2018-09-12 09:05:52,029] DEBUG [Controller 0]: topics not in preferred replica Map() (kafka.controller.KafkaController)
[2018-09-12 09:05:52,029] TRACE [Controller 0]: leader imbalance ratio for broker 0 is 0.000000 (kafka.controller.KafkaController)
[2018-09-12 09:16:38,023] DEBUG preRegister called. Server=com.sun.jmx.mbeanserver.JmxMBeanServer@66d3c617, name=log4j:logger=kafka.controller (kafka.controller)
[2018-09-12 09:17:36,399] INFO [Controller 0]: Controller starting up (kafka.controller.KafkaController)
[2018-09-12 09:17:36,539] INFO [Controller 0]: Broker 0 starting become controller state transition (kafka.controller.KafkaController)
[2018-09-12 09:17:36,539] INFO [Controller 0]: Initialized controller epoch to 1 and zk version 0 (kafka.controller.KafkaController)
[2018-09-12 09:17:36,648] INFO [Controller 0]: Controller 0 incremented epoch to 2 (kafka.controller.KafkaController)
[2018-09-12 09:17:36,648] DEBUG [Controller 0]: Registering IsrChangeNotificationListener (kafka.controller.KafkaController)
[2018-09-12 09:17:36,742] INFO [Controller 0]: Partitions undergoing preferred replica election:  (kafka.controller.KafkaController)
[2018-09-12 09:17:36,742] INFO [Controller 0]: Partitions that completed preferred replica election:  (kafka.controller.KafkaController)
[2018-09-12 09:17:36,742] INFO [Controller 0]: Resuming preferred replica election for partitions:  (kafka.controller.KafkaController)
[2018-09-12 09:17:36,757] INFO [Controller 0]: Partitions being reassigned: Map() (kafka.controller.KafkaController)
[2018-09-12 09:17:36,757] INFO [Controller 0]: Partitions already reassigned: Set() (kafka.controller.KafkaController)
[2018-09-12 09:17:36,757] INFO [Controller 0]: Resuming reassignment of partitions: Map() (kafka.controller.KafkaController)
[2018-09-12 09:17:36,757] INFO [Controller 0]: List of topics to be deleted:  (kafka.controller.KafkaController)
[2018-09-12 09:17:36,757] INFO [Controller 0]: List of topics ineligible for deletion: test (kafka.controller.KafkaController)
[2018-09-12 09:17:36,757] INFO [Controller 0]: Currently active brokers in the cluster: Set() (kafka.controller.KafkaController)
[2018-09-12 09:17:36,773] INFO [Controller 0]: Currently shutting brokers in the cluster: Set() (kafka.controller.KafkaController)
[2018-09-12 09:17:36,773] INFO [Controller 0]: Current list of topics in the cluster: Set(test) (kafka.controller.KafkaController)
[2018-09-12 09:17:36,804] INFO [Replica state machine on controller 0]: Started replica state machine with initial state -> Map([Topic=test,Partition=0,Replica=0] -> ReplicaDeletionIneligible) (kafka.controller.ReplicaStateMachine)
[2018-09-12 09:17:36,882] DEBUG [OfflinePartitionLeaderSelector]: No broker in ISR is alive for [test,0]. Pick the leader from the alive assigned replicas:  (kafka.controller.OfflinePartitionLeaderSelector)
[2018-09-12 09:17:36,913] INFO [Partition state machine on Controller 0]: Started partition state machine with initial state -> Map([test,0] -> OfflinePartition) (kafka.controller.PartitionStateMachine)
[2018-09-12 09:17:36,913] INFO [Controller 0]: Broker 0 is ready to serve as the new controller with epoch 2 (kafka.controller.KafkaController)
[2018-09-12 09:17:36,929] INFO [Controller 0]: Starting preferred replica leader election for partitions  (kafka.controller.KafkaController)
[2018-09-12 09:17:36,929] INFO [Partition state machine on Controller 0]: Invoking state change to OnlinePartition for partitions  (kafka.controller.PartitionStateMachine)
[2018-09-12 09:17:36,960] INFO [Controller 0]: starting the partition rebalance scheduler (kafka.controller.KafkaController)
[2018-09-12 09:17:36,960] INFO [Controller 0]: Controller startup complete (kafka.controller.KafkaController)
[2018-09-12 09:17:37,272] INFO [BrokerChangeListener on Controller 0]: Broker change listener fired for path /brokers/ids with children 0 (kafka.controller.ReplicaStateMachine$BrokerChangeListener)
[2018-09-12 09:17:37,428] INFO [BrokerChangeListener on Controller 0]: Newly added brokers: 0, deleted brokers: , all live brokers: 0 (kafka.controller.ReplicaStateMachine$BrokerChangeListener)
[2018-09-12 09:17:37,428] DEBUG [Channel manager on controller 0]: Controller 0 trying to connect to broker 0 (kafka.controller.ControllerChannelManager)
[2018-09-12 09:17:37,459] INFO [Controller 0]: New broker startup callback for 0 (kafka.controller.KafkaController)
[2018-09-12 09:17:37,459] INFO [Replica state machine on controller 0]: Invoking state change to OnlineReplica for replicas [Topic=test,Partition=0,Replica=0] (kafka.controller.ReplicaStateMachine)
[2018-09-12 09:17:37,506] DEBUG [OfflinePartitionLeaderSelector]: Some broker in ISR is alive for [test,0]. Select 0 from ISR 0 to be the leader. (kafka.controller.OfflinePartitionLeaderSelector)
[2018-09-12 09:17:37,506] INFO [Controller-0-to-broker-0-send-thread], Starting  (kafka.controller.RequestSendThread)
[2018-09-12 09:17:37,553] INFO [OfflinePartitionLeaderSelector]: Selected new leader and ISR {"leader":0,"leader_epoch":1,"isr":[0]} for offline partition [test,0] (kafka.controller.OfflinePartitionLeaderSelector)
[2018-09-12 09:17:37,569] INFO [Controller-0-to-broker-0-send-thread], Controller 0 connected to user-PC:9092 (id: 0 rack: null) for sending state change requests (kafka.controller.RequestSendThread)
[2018-09-12 09:17:38,099] DEBUG [Partition state machine on Controller 0]: After leader election, leader cache is updated to Map([test,0] -> (Leader:0,ISR:0,LeaderEpoch:1,ControllerEpoch:2)) (kafka.controller.PartitionStateMachine)
[2018-09-12 09:17:41,968] TRACE [Controller 0]: checking need to trigger partition rebalance (kafka.controller.KafkaController)
[2018-09-12 09:17:41,968] DEBUG [Controller 0]: preferred replicas by broker Map(0 -> Map([test,0] -> List(0))) (kafka.controller.KafkaController)
[2018-09-12 09:17:41,968] DEBUG [Controller 0]: topics not in preferred replica Map() (kafka.controller.KafkaController)
[2018-09-12 09:17:41,983] TRACE [Controller 0]: leader imbalance ratio for broker 0 is 0.000000 (kafka.controller.KafkaController)
[2018-09-12 09:19:53,601] DEBUG [TopicChangeListener on Controller 0]: Topic change listener fired for path /brokers/topics with children car-data,test (kafka.controller.PartitionStateMachine$TopicChangeListener)
[2018-09-12 09:19:53,616] INFO [TopicChangeListener on Controller 0]: New topics: [Set(car-data)], deleted topics: [Set()], new partition replica assignment [Map([car-data,0] -> List(0), [car-data,1] -> List(0))] (kafka.controller.PartitionStateMachine$TopicChangeListener)
[2018-09-12 09:19:53,616] INFO [Controller 0]: New topic creation callback for [car-data,0],[car-data,1] (kafka.controller.KafkaController)
[2018-09-12 09:19:53,616] INFO [Controller 0]: New partition creation callback for [car-data,0],[car-data,1] (kafka.controller.KafkaController)
[2018-09-12 09:19:53,616] INFO [Partition state machine on Controller 0]: Invoking state change to NewPartition for partitions [car-data,0],[car-data,1] (kafka.controller.PartitionStateMachine)
[2018-09-12 09:19:53,632] INFO [Replica state machine on controller 0]: Invoking state change to NewReplica for replicas [Topic=car-data,Partition=0,Replica=0],[Topic=car-data,Partition=1,Replica=0] (kafka.controller.ReplicaStateMachine)
[2018-09-12 09:19:53,663] INFO [Partition state machine on Controller 0]: Invoking state change to OnlinePartition for partitions [car-data,0],[car-data,1] (kafka.controller.PartitionStateMachine)
[2018-09-12 09:19:53,663] DEBUG [Partition state machine on Controller 0]: Live assigned replicas for partition [car-data,0] are: [List(0)] (kafka.controller.PartitionStateMachine)
[2018-09-12 09:19:53,663] DEBUG [Partition state machine on Controller 0]: Initializing leader and isr for partition [car-data,0] to (Leader:0,ISR:0,LeaderEpoch:0,ControllerEpoch:2) (kafka.controller.PartitionStateMachine)
[2018-09-12 09:19:53,788] DEBUG [Partition state machine on Controller 0]: Live assigned replicas for partition [car-data,1] are: [List(0)] (kafka.controller.PartitionStateMachine)
[2018-09-12 09:19:53,788] DEBUG [Partition state machine on Controller 0]: Initializing leader and isr for partition [car-data,1] to (Leader:0,ISR:0,LeaderEpoch:0,ControllerEpoch:2) (kafka.controller.PartitionStateMachine)
[2018-09-12 09:19:53,866] INFO [Replica state machine on controller 0]: Invoking state change to OnlineReplica for replicas [Topic=car-data,Partition=0,Replica=0],[Topic=car-data,Partition=1,Replica=0] (kafka.controller.ReplicaStateMachine)
[2018-09-12 09:22:41,972] TRACE [Controller 0]: checking need to trigger partition rebalance (kafka.controller.KafkaController)
[2018-09-12 09:22:41,972] DEBUG [Controller 0]: preferred replicas by broker Map(0 -> Map([car-data,0] -> List(0), [test,0] -> List(0), [car-data,1] -> List(0))) (kafka.controller.KafkaController)
[2018-09-12 09:22:41,972] DEBUG [Controller 0]: topics not in preferred replica Map() (kafka.controller.KafkaController)
[2018-09-12 09:22:41,972] TRACE [Controller 0]: leader imbalance ratio for broker 0 is 0.000000 (kafka.controller.KafkaController)
[2018-09-12 09:27:41,976] TRACE [Controller 0]: checking need to trigger partition rebalance (kafka.controller.KafkaController)
[2018-09-12 09:27:41,976] DEBUG [Controller 0]: preferred replicas by broker Map(0 -> Map([car-data,0] -> List(0), [test,0] -> List(0), [car-data,1] -> List(0))) (kafka.controller.KafkaController)
[2018-09-12 09:27:41,976] DEBUG [Controller 0]: topics not in preferred replica Map() (kafka.controller.KafkaController)
[2018-09-12 09:27:41,976] TRACE [Controller 0]: leader imbalance ratio for broker 0 is 0.000000 (kafka.controller.KafkaController)
[2018-09-12 09:35:55,106] DEBUG preRegister called. Server=com.sun.jmx.mbeanserver.JmxMBeanServer@66d3c617, name=log4j:logger=kafka.controller (kafka.controller)
[2018-09-12 09:36:23,857] INFO [Controller 0]: Controller starting up (kafka.controller.KafkaController)
[2018-09-12 09:36:23,997] INFO [Controller 0]: Broker 0 starting become controller state transition (kafka.controller.KafkaController)
[2018-09-12 09:36:23,997] INFO [Controller 0]: Initialized controller epoch to 2 and zk version 1 (kafka.controller.KafkaController)
[2018-09-12 09:36:24,106] INFO [Controller 0]: Controller 0 incremented epoch to 3 (kafka.controller.KafkaController)
[2018-09-12 09:36:24,106] DEBUG [Controller 0]: Registering IsrChangeNotificationListener (kafka.controller.KafkaController)
[2018-09-12 09:36:24,231] INFO [Controller 0]: Partitions undergoing preferred replica election:  (kafka.controller.KafkaController)
[2018-09-12 09:36:24,231] INFO [Controller 0]: Partitions that completed preferred replica election:  (kafka.controller.KafkaController)
[2018-09-12 09:36:24,231] INFO [Controller 0]: Resuming preferred replica election for partitions:  (kafka.controller.KafkaController)
[2018-09-12 09:36:24,247] INFO [Controller 0]: Partitions being reassigned: Map() (kafka.controller.KafkaController)
[2018-09-12 09:36:24,247] INFO [Controller 0]: Partitions already reassigned: Set() (kafka.controller.KafkaController)
[2018-09-12 09:36:24,247] INFO [Controller 0]: Resuming reassignment of partitions: Map() (kafka.controller.KafkaController)
[2018-09-12 09:36:24,247] INFO [Controller 0]: List of topics to be deleted:  (kafka.controller.KafkaController)
[2018-09-12 09:36:24,247] INFO [Controller 0]: List of topics ineligible for deletion: car-data,test (kafka.controller.KafkaController)
[2018-09-12 09:36:24,262] INFO [Controller 0]: Currently active brokers in the cluster: Set() (kafka.controller.KafkaController)
[2018-09-12 09:36:24,262] INFO [Controller 0]: Currently shutting brokers in the cluster: Set() (kafka.controller.KafkaController)
[2018-09-12 09:36:24,262] INFO [Controller 0]: Current list of topics in the cluster: Set(car-data, test) (kafka.controller.KafkaController)
[2018-09-12 09:36:24,309] INFO [Replica state machine on controller 0]: Started replica state machine with initial state -> Map([Topic=car-data,Partition=0,Replica=0] -> ReplicaDeletionIneligible, [Topic=test,Partition=0,Replica=0] -> ReplicaDeletionIneligible, [Topic=car-data,Partition=1,Replica=0] -> ReplicaDeletionIneligible) (kafka.controller.ReplicaStateMachine)
[2018-09-12 09:36:24,325] DEBUG [OfflinePartitionLeaderSelector]: No broker in ISR is alive for [car-data,0]. Pick the leader from the alive assigned replicas:  (kafka.controller.OfflinePartitionLeaderSelector)
[2018-09-12 09:36:24,372] DEBUG [OfflinePartitionLeaderSelector]: No broker in ISR is alive for [test,0]. Pick the leader from the alive assigned replicas:  (kafka.controller.OfflinePartitionLeaderSelector)
[2018-09-12 09:36:24,403] DEBUG [OfflinePartitionLeaderSelector]: No broker in ISR is alive for [car-data,1]. Pick the leader from the alive assigned replicas:  (kafka.controller.OfflinePartitionLeaderSelector)
[2018-09-12 09:36:24,418] INFO [Partition state machine on Controller 0]: Started partition state machine with initial state -> Map([car-data,0] -> OfflinePartition, [test,0] -> OfflinePartition, [car-data,1] -> OfflinePartition) (kafka.controller.PartitionStateMachine)
[2018-09-12 09:36:24,418] INFO [Controller 0]: Broker 0 is ready to serve as the new controller with epoch 3 (kafka.controller.KafkaController)
[2018-09-12 09:36:24,434] INFO [Controller 0]: Starting preferred replica leader election for partitions  (kafka.controller.KafkaController)
[2018-09-12 09:36:24,434] INFO [Partition state machine on Controller 0]: Invoking state change to OnlinePartition for partitions  (kafka.controller.PartitionStateMachine)
[2018-09-12 09:36:24,481] INFO [Controller 0]: starting the partition rebalance scheduler (kafka.controller.KafkaController)
[2018-09-12 09:36:24,496] INFO [Controller 0]: Controller startup complete (kafka.controller.KafkaController)
[2018-09-12 09:36:24,528] INFO [delete-topics-thread-0], Starting  (kafka.controller.TopicDeletionManager$DeleteTopicsThread)
[2018-09-12 09:36:24,528] DEBUG [Topic Deletion Manager 0], Waiting for signal to start or continue topic deletion (kafka.controller.TopicDeletionManager)
[2018-09-12 09:36:24,855] INFO [BrokerChangeListener on Controller 0]: Broker change listener fired for path /brokers/ids with children 0 (kafka.controller.ReplicaStateMachine$BrokerChangeListener)
[2018-09-12 09:36:24,902] INFO [BrokerChangeListener on Controller 0]: Newly added brokers: 0, deleted brokers: , all live brokers: 0 (kafka.controller.ReplicaStateMachine$BrokerChangeListener)
[2018-09-12 09:36:24,902] DEBUG [Channel manager on controller 0]: Controller 0 trying to connect to broker 0 (kafka.controller.ControllerChannelManager)
[2018-09-12 09:36:24,918] INFO [Controller-0-to-broker-0-send-thread], Starting  (kafka.controller.RequestSendThread)
[2018-09-12 09:36:24,918] INFO [Controller 0]: New broker startup callback for 0 (kafka.controller.KafkaController)
[2018-09-12 09:36:24,933] INFO [Replica state machine on controller 0]: Invoking state change to OnlineReplica for replicas [Topic=car-data,Partition=0,Replica=0],[Topic=test,Partition=0,Replica=0],[Topic=car-data,Partition=1,Replica=0] (kafka.controller.ReplicaStateMachine)
[2018-09-12 09:36:24,933] INFO [Controller-0-to-broker-0-send-thread], Controller 0 connected to user-PC:9092 (id: 0 rack: null) for sending state change requests (kafka.controller.RequestSendThread)
[2018-09-12 09:36:24,980] DEBUG [OfflinePartitionLeaderSelector]: Some broker in ISR is alive for [car-data,0]. Select 0 from ISR 0 to be the leader. (kafka.controller.OfflinePartitionLeaderSelector)
[2018-09-12 09:36:24,980] INFO [OfflinePartitionLeaderSelector]: Selected new leader and ISR {"leader":0,"leader_epoch":1,"isr":[0]} for offline partition [car-data,0] (kafka.controller.OfflinePartitionLeaderSelector)
[2018-09-12 09:36:25,089] DEBUG [Partition state machine on Controller 0]: After leader election, leader cache is updated to Map([car-data,0] -> (Leader:0,ISR:0,LeaderEpoch:1,ControllerEpoch:3), [test,0] -> (Leader:0,ISR:0,LeaderEpoch:1,ControllerEpoch:2), [car-data,1] -> (Leader:0,ISR:0,LeaderEpoch:0,ControllerEpoch:2)) (kafka.controller.PartitionStateMachine)
[2018-09-12 09:36:25,089] DEBUG [OfflinePartitionLeaderSelector]: Some broker in ISR is alive for [test,0]. Select 0 from ISR 0 to be the leader. (kafka.controller.OfflinePartitionLeaderSelector)
[2018-09-12 09:36:25,089] INFO [OfflinePartitionLeaderSelector]: Selected new leader and ISR {"leader":0,"leader_epoch":2,"isr":[0]} for offline partition [test,0] (kafka.controller.OfflinePartitionLeaderSelector)
[2018-09-12 09:36:25,198] DEBUG [Partition state machine on Controller 0]: After leader election, leader cache is updated to Map([car-data,0] -> (Leader:0,ISR:0,LeaderEpoch:1,ControllerEpoch:3), [test,0] -> (Leader:0,ISR:0,LeaderEpoch:2,ControllerEpoch:3), [car-data,1] -> (Leader:0,ISR:0,LeaderEpoch:0,ControllerEpoch:2)) (kafka.controller.PartitionStateMachine)
[2018-09-12 09:36:25,230] DEBUG [OfflinePartitionLeaderSelector]: Some broker in ISR is alive for [car-data,1]. Select 0 from ISR 0 to be the leader. (kafka.controller.OfflinePartitionLeaderSelector)
[2018-09-12 09:36:25,230] INFO [OfflinePartitionLeaderSelector]: Selected new leader and ISR {"leader":0,"leader_epoch":1,"isr":[0]} for offline partition [car-data,1] (kafka.controller.OfflinePartitionLeaderSelector)
[2018-09-12 09:36:25,370] DEBUG [Partition state machine on Controller 0]: After leader election, leader cache is updated to Map([car-data,0] -> (Leader:0,ISR:0,LeaderEpoch:1,ControllerEpoch:3), [test,0] -> (Leader:0,ISR:0,LeaderEpoch:2,ControllerEpoch:3), [car-data,1] -> (Leader:0,ISR:0,LeaderEpoch:1,ControllerEpoch:3)) (kafka.controller.PartitionStateMachine)
[2018-09-12 09:36:29,504] TRACE [Controller 0]: checking need to trigger partition rebalance (kafka.controller.KafkaController)
[2018-09-12 09:36:29,504] DEBUG [Controller 0]: preferred replicas by broker Map(0 -> Map([car-data,0] -> List(0), [test,0] -> List(0), [car-data,1] -> List(0))) (kafka.controller.KafkaController)
[2018-09-12 09:36:29,504] DEBUG [Controller 0]: topics not in preferred replica Map() (kafka.controller.KafkaController)
[2018-09-12 09:36:29,504] TRACE [Controller 0]: leader imbalance ratio for broker 0 is 0.000000 (kafka.controller.KafkaController)
[2018-09-12 09:38:49,949] DEBUG [DeleteTopicsListener on Controller 0]: Delete topics listener fired for topics test to be deleted (kafka.controller.PartitionStateMachine$DeleteTopicsListener)
[2018-09-12 09:38:49,949] INFO [DeleteTopicsListener on Controller 0]: Starting topic deletion for topics test (kafka.controller.PartitionStateMachine$DeleteTopicsListener)
[2018-09-12 09:38:49,965] INFO [delete-topics-thread-0], Handling deletion for topics test (kafka.controller.TopicDeletionManager$DeleteTopicsThread)
[2018-09-12 09:38:49,965] DEBUG [Replica state machine on controller 0]: Are all replicas for topic test deleted Map([Topic=test,Partition=0,Replica=0] -> OnlineReplica) (kafka.controller.ReplicaStateMachine)
[2018-09-12 09:38:49,996] INFO [delete-topics-thread-0], Deletion of topic test (re)started (kafka.controller.TopicDeletionManager$DeleteTopicsThread)
[2018-09-12 09:38:49,996] INFO [Topic Deletion Manager 0], Topic deletion callback for test (kafka.controller.TopicDeletionManager)
[2018-09-12 09:38:49,996] INFO [Topic Deletion Manager 0], Partition deletion callback for [test,0] (kafka.controller.TopicDeletionManager)
[2018-09-12 09:38:50,011] INFO [Replica state machine on controller 0]: Invoking state change to OfflineReplica for replicas [Topic=test,Partition=0,Replica=0] (kafka.controller.ReplicaStateMachine)
[2018-09-12 09:38:50,027] DEBUG [Controller 0]: Removing replica 0 from ISR 0 for partition [test,0]. (kafka.controller.KafkaController)
[2018-09-12 09:38:50,058] INFO [Controller 0]: New leader and ISR for partition [test,0] is {"leader":-1,"leader_epoch":3,"isr":[]} (kafka.controller.KafkaController)
[2018-09-12 09:38:50,074] DEBUG The stop replica request (delete = true) sent to broker 0 is  (kafka.controller.ControllerBrokerRequestBatch)
[2018-09-12 09:38:50,074] DEBUG The stop replica request (delete = false) sent to broker 0 is [Topic=test,Partition=0,Replica=0] (kafka.controller.ControllerBrokerRequestBatch)
[2018-09-12 09:38:50,074] DEBUG [Topic Deletion Manager 0], Deletion started for replicas [Topic=test,Partition=0,Replica=0] (kafka.controller.TopicDeletionManager)
[2018-09-12 09:38:50,074] INFO [Replica state machine on controller 0]: Invoking state change to ReplicaDeletionStarted for replicas [Topic=test,Partition=0,Replica=0] (kafka.controller.ReplicaStateMachine)
[2018-09-12 09:38:50,089] DEBUG The stop replica request (delete = true) sent to broker 0 is [Topic=test,Partition=0,Replica=0] (kafka.controller.ControllerBrokerRequestBatch)
[2018-09-12 09:38:50,089] DEBUG The stop replica request (delete = false) sent to broker 0 is  (kafka.controller.ControllerBrokerRequestBatch)
[2018-09-12 09:38:50,089] DEBUG [Topic Deletion Manager 0], Waiting for signal to start or continue topic deletion (kafka.controller.TopicDeletionManager)
[2018-09-12 09:38:50,230] DEBUG [Topic Deletion Manager 0], Delete topic callback invoked for {error_code=0,partitions=[{topic=test,partition=0,error_code=-1}]} (kafka.controller.TopicDeletionManager)
[2018-09-12 09:38:50,230] DEBUG [Topic Deletion Manager 0], Deletion failed for replicas [Topic=test,Partition=0,Replica=0]. Halting deletion for topics Set(test) (kafka.controller.TopicDeletionManager)
[2018-09-12 09:38:50,230] INFO [Replica state machine on controller 0]: Invoking state change to ReplicaDeletionIneligible for replicas [Topic=test,Partition=0,Replica=0] (kafka.controller.ReplicaStateMachine)
[2018-09-12 09:38:50,230] INFO [Topic Deletion Manager 0], Halted deletion of topics test (kafka.controller.TopicDeletionManager)
[2018-09-12 09:38:50,230] INFO [delete-topics-thread-0], Handling deletion for topics test (kafka.controller.TopicDeletionManager$DeleteTopicsThread)
[2018-09-12 09:38:50,230] DEBUG [Replica state machine on controller 0]: Are all replicas for topic test deleted Map([Topic=test,Partition=0,Replica=0] -> ReplicaDeletionIneligible) (kafka.controller.ReplicaStateMachine)
[2018-09-12 09:38:50,245] INFO [Topic Deletion Manager 0], Retrying delete topic for topic test since replicas [Topic=test,Partition=0,Replica=0] were not successfully deleted (kafka.controller.TopicDeletionManager)
[2018-09-12 09:38:50,245] INFO [Replica state machine on controller 0]: Invoking state change to OfflineReplica for replicas [Topic=test,Partition=0,Replica=0] (kafka.controller.ReplicaStateMachine)
[2018-09-12 09:38:50,245] DEBUG [Controller 0]: Removing replica 0 from ISR  for partition [test,0]. (kafka.controller.KafkaController)
[2018-09-12 09:38:50,245] WARN [Controller 0]: Cannot remove replica 0 from ISR of partition [test,0] since it is not in the ISR. Leader = -1 ; ISR = List() (kafka.controller.KafkaController)
[2018-09-12 09:38:50,245] DEBUG The stop replica request (delete = true) sent to broker 0 is  (kafka.controller.ControllerBrokerRequestBatch)
[2018-09-12 09:38:50,245] DEBUG The stop replica request (delete = false) sent to broker 0 is [Topic=test,Partition=0,Replica=0] (kafka.controller.ControllerBrokerRequestBatch)
[2018-09-12 09:38:50,245] INFO [delete-topics-thread-0], Not retrying deletion of topic test at this time since it is marked ineligible for deletion (kafka.controller.TopicDeletionManager$DeleteTopicsThread)
[2018-09-12 09:38:50,245] DEBUG [Topic Deletion Manager 0], Waiting for signal to start or continue topic deletion (kafka.controller.TopicDeletionManager)
[2018-09-12 09:40:07,497] DEBUG [DeleteTopicsListener on Controller 0]: Delete topics listener fired for topics car-data,test to be deleted (kafka.controller.PartitionStateMachine$DeleteTopicsListener)
[2018-09-12 09:40:07,497] INFO [DeleteTopicsListener on Controller 0]: Starting topic deletion for topics car-data,test (kafka.controller.PartitionStateMachine$DeleteTopicsListener)
[2018-09-12 09:40:07,497] INFO [delete-topics-thread-0], Handling deletion for topics test,car-data (kafka.controller.TopicDeletionManager$DeleteTopicsThread)
[2018-09-12 09:40:07,497] DEBUG [Replica state machine on controller 0]: Are all replicas for topic test deleted Map([Topic=test,Partition=0,Replica=0] -> OfflineReplica) (kafka.controller.ReplicaStateMachine)
[2018-09-12 09:40:07,497] INFO [delete-topics-thread-0], Not retrying deletion of topic test at this time since it is marked ineligible for deletion (kafka.controller.TopicDeletionManager$DeleteTopicsThread)
[2018-09-12 09:40:07,512] DEBUG [Replica state machine on controller 0]: Are all replicas for topic car-data deleted Map([Topic=car-data,Partition=0,Replica=0] -> OnlineReplica, [Topic=car-data,Partition=1,Replica=0] -> OnlineReplica) (kafka.controller.ReplicaStateMachine)
[2018-09-12 09:40:07,512] INFO [delete-topics-thread-0], Deletion of topic car-data (re)started (kafka.controller.TopicDeletionManager$DeleteTopicsThread)
[2018-09-12 09:40:07,512] INFO [Topic Deletion Manager 0], Topic deletion callback for car-data (kafka.controller.TopicDeletionManager)
[2018-09-12 09:40:07,512] INFO [Topic Deletion Manager 0], Partition deletion callback for [car-data,0],[car-data,1] (kafka.controller.TopicDeletionManager)
[2018-09-12 09:40:07,512] INFO [Replica state machine on controller 0]: Invoking state change to OfflineReplica for replicas [Topic=car-data,Partition=0,Replica=0],[Topic=car-data,Partition=1,Replica=0] (kafka.controller.ReplicaStateMachine)
[2018-09-12 09:40:07,512] DEBUG [Controller 0]: Removing replica 0 from ISR 0 for partition [car-data,0]. (kafka.controller.KafkaController)
[2018-09-12 09:40:07,575] INFO [Controller 0]: New leader and ISR for partition [car-data,0] is {"leader":-1,"leader_epoch":2,"isr":[]} (kafka.controller.KafkaController)
[2018-09-12 09:40:07,575] DEBUG [Controller 0]: Removing replica 0 from ISR 0 for partition [car-data,1]. (kafka.controller.KafkaController)
[2018-09-12 09:40:07,637] INFO [Controller 0]: New leader and ISR for partition [car-data,1] is {"leader":-1,"leader_epoch":2,"isr":[]} (kafka.controller.KafkaController)
[2018-09-12 09:40:07,637] DEBUG The stop replica request (delete = true) sent to broker 0 is  (kafka.controller.ControllerBrokerRequestBatch)
[2018-09-12 09:40:07,637] DEBUG The stop replica request (delete = false) sent to broker 0 is [Topic=car-data,Partition=0,Replica=0],[Topic=car-data,Partition=1,Replica=0] (kafka.controller.ControllerBrokerRequestBatch)
[2018-09-12 09:40:07,637] DEBUG [Topic Deletion Manager 0], Deletion started for replicas [Topic=car-data,Partition=0,Replica=0],[Topic=car-data,Partition=1,Replica=0] (kafka.controller.TopicDeletionManager)
[2018-09-12 09:40:07,637] INFO [Replica state machine on controller 0]: Invoking state change to ReplicaDeletionStarted for replicas [Topic=car-data,Partition=0,Replica=0],[Topic=car-data,Partition=1,Replica=0] (kafka.controller.ReplicaStateMachine)
[2018-09-12 09:40:07,637] DEBUG The stop replica request (delete = true) sent to broker 0 is [Topic=car-data,Partition=0,Replica=0],[Topic=car-data,Partition=1,Replica=0] (kafka.controller.ControllerBrokerRequestBatch)
[2018-09-12 09:40:07,637] DEBUG The stop replica request (delete = false) sent to broker 0 is  (kafka.controller.ControllerBrokerRequestBatch)
[2018-09-12 09:40:07,637] DEBUG [Topic Deletion Manager 0], Waiting for signal to start or continue topic deletion (kafka.controller.TopicDeletionManager)
[2018-09-12 09:40:07,731] DEBUG [Topic Deletion Manager 0], Delete topic callback invoked for {error_code=0,partitions=[{topic=car-data,partition=0,error_code=0}]} (kafka.controller.TopicDeletionManager)
[2018-09-12 09:40:07,746] DEBUG [Topic Deletion Manager 0], Deletion successfully completed for replicas [Topic=car-data,Partition=0,Replica=0] (kafka.controller.TopicDeletionManager)
[2018-09-12 09:40:07,746] INFO [Replica state machine on controller 0]: Invoking state change to ReplicaDeletionSuccessful for replicas [Topic=car-data,Partition=0,Replica=0] (kafka.controller.ReplicaStateMachine)
[2018-09-12 09:40:07,746] INFO [delete-topics-thread-0], Handling deletion for topics test,car-data (kafka.controller.TopicDeletionManager$DeleteTopicsThread)
[2018-09-12 09:40:07,746] DEBUG [Replica state machine on controller 0]: Are all replicas for topic test deleted Map([Topic=test,Partition=0,Replica=0] -> OfflineReplica) (kafka.controller.ReplicaStateMachine)
[2018-09-12 09:40:07,746] INFO [delete-topics-thread-0], Not retrying deletion of topic test at this time since it is marked ineligible for deletion (kafka.controller.TopicDeletionManager$DeleteTopicsThread)
[2018-09-12 09:40:07,746] DEBUG [Replica state machine on controller 0]: Are all replicas for topic car-data deleted Map([Topic=car-data,Partition=0,Replica=0] -> ReplicaDeletionSuccessful, [Topic=car-data,Partition=1,Replica=0] -> ReplicaDeletionStarted) (kafka.controller.ReplicaStateMachine)
[2018-09-12 09:40:07,746] INFO [delete-topics-thread-0], Deletion for replicas 0 for partition [car-data,1] of topic car-data in progress (kafka.controller.TopicDeletionManager$DeleteTopicsThread)
[2018-09-12 09:40:07,746] DEBUG [Topic Deletion Manager 0], Waiting for signal to start or continue topic deletion (kafka.controller.TopicDeletionManager)
[2018-09-12 09:40:07,793] DEBUG [Topic Deletion Manager 0], Delete topic callback invoked for {error_code=0,partitions=[{topic=car-data,partition=1,error_code=0}]} (kafka.controller.TopicDeletionManager)
[2018-09-12 09:40:07,793] DEBUG [Topic Deletion Manager 0], Deletion successfully completed for replicas [Topic=car-data,Partition=1,Replica=0] (kafka.controller.TopicDeletionManager)
[2018-09-12 09:40:07,793] INFO [Replica state machine on controller 0]: Invoking state change to ReplicaDeletionSuccessful for replicas [Topic=car-data,Partition=1,Replica=0] (kafka.controller.ReplicaStateMachine)
[2018-09-12 09:40:07,793] INFO [delete-topics-thread-0], Handling deletion for topics test,car-data (kafka.controller.TopicDeletionManager$DeleteTopicsThread)
[2018-09-12 09:40:07,793] DEBUG [Replica state machine on controller 0]: Are all replicas for topic test deleted Map([Topic=test,Partition=0,Replica=0] -> OfflineReplica) (kafka.controller.ReplicaStateMachine)
[2018-09-12 09:40:07,793] INFO [delete-topics-thread-0], Not retrying deletion of topic test at this time since it is marked ineligible for deletion (kafka.controller.TopicDeletionManager$DeleteTopicsThread)
[2018-09-12 09:40:07,793] DEBUG [Replica state machine on controller 0]: Are all replicas for topic car-data deleted Map([Topic=car-data,Partition=0,Replica=0] -> ReplicaDeletionSuccessful, [Topic=car-data,Partition=1,Replica=0] -> ReplicaDeletionSuccessful) (kafka.controller.ReplicaStateMachine)
[2018-09-12 09:40:07,793] INFO [Replica state machine on controller 0]: Invoking state change to NonExistentReplica for replicas [Topic=car-data,Partition=0,Replica=0],[Topic=car-data,Partition=1,Replica=0] (kafka.controller.ReplicaStateMachine)
[2018-09-12 09:40:07,809] INFO [Partition state machine on Controller 0]: Invoking state change to OfflinePartition for partitions [car-data,0],[car-data,1] (kafka.controller.PartitionStateMachine)
[2018-09-12 09:40:07,809] INFO [Partition state machine on Controller 0]: Invoking state change to NonExistentPartition for partitions [car-data,0],[car-data,1] (kafka.controller.PartitionStateMachine)
[2018-09-12 09:40:07,996] INFO [delete-topics-thread-0], Deletion of topic car-data successfully completed (kafka.controller.TopicDeletionManager$DeleteTopicsThread)
[2018-09-12 09:40:07,996] DEBUG [Topic Deletion Manager 0], Waiting for signal to start or continue topic deletion (kafka.controller.TopicDeletionManager)
[2018-09-12 09:40:07,996] DEBUG [TopicChangeListener on Controller 0]: Topic change listener fired for path /brokers/topics with children test (kafka.controller.PartitionStateMachine$TopicChangeListener)
[2018-09-12 09:40:07,996] INFO [TopicChangeListener on Controller 0]: New topics: [Set()], deleted topics: [Set()], new partition replica assignment [Map()] (kafka.controller.PartitionStateMachine$TopicChangeListener)
[2018-09-12 09:40:07,996] DEBUG [DeleteTopicsListener on Controller 0]: Delete topics listener fired for topics test to be deleted (kafka.controller.PartitionStateMachine$DeleteTopicsListener)
[2018-09-12 09:40:07,996] INFO [DeleteTopicsListener on Controller 0]: Starting topic deletion for topics test (kafka.controller.PartitionStateMachine$DeleteTopicsListener)
[2018-09-12 09:40:07,996] INFO [delete-topics-thread-0], Handling deletion for topics test (kafka.controller.TopicDeletionManager$DeleteTopicsThread)
[2018-09-12 09:40:07,996] DEBUG [Replica state machine on controller 0]: Are all replicas for topic test deleted Map([Topic=test,Partition=0,Replica=0] -> OfflineReplica) (kafka.controller.ReplicaStateMachine)
[2018-09-12 09:40:07,996] INFO [delete-topics-thread-0], Not retrying deletion of topic test at this time since it is marked ineligible for deletion (kafka.controller.TopicDeletionManager$DeleteTopicsThread)
[2018-09-12 09:40:08,012] DEBUG [Topic Deletion Manager 0], Waiting for signal to start or continue topic deletion (kafka.controller.TopicDeletionManager)
[2018-09-12 10:49:01,578] TRACE [Controller 0]: checking need to trigger partition rebalance (kafka.controller.KafkaController)
[2018-09-12 10:49:02,744] DEBUG [Controller 0]: preferred replicas by broker Map() (kafka.controller.KafkaController)
[2018-09-12 10:49:02,744] TRACE [Controller 0]: checking need to trigger partition rebalance (kafka.controller.KafkaController)
[2018-09-12 10:49:02,744] DEBUG [Controller 0]: preferred replicas by broker Map() (kafka.controller.KafkaController)
[2018-09-12 10:49:02,744] TRACE [Controller 0]: checking need to trigger partition rebalance (kafka.controller.KafkaController)
[2018-09-12 10:49:02,744] DEBUG [Controller 0]: preferred replicas by broker Map() (kafka.controller.KafkaController)
[2018-09-12 10:49:02,744] TRACE [Controller 0]: checking need to trigger partition rebalance (kafka.controller.KafkaController)
[2018-09-12 10:49:02,744] DEBUG [Controller 0]: preferred replicas by broker Map() (kafka.controller.KafkaController)
[2018-09-12 10:49:02,744] TRACE [Controller 0]: checking need to trigger partition rebalance (kafka.controller.KafkaController)
[2018-09-12 10:49:02,744] DEBUG [Controller 0]: preferred replicas by broker Map() (kafka.controller.KafkaController)
[2018-09-12 10:49:02,744] TRACE [Controller 0]: checking need to trigger partition rebalance (kafka.controller.KafkaController)
[2018-09-12 10:49:02,744] DEBUG [Controller 0]: preferred replicas by broker Map() (kafka.controller.KafkaController)
[2018-09-12 10:49:02,744] TRACE [Controller 0]: checking need to trigger partition rebalance (kafka.controller.KafkaController)
[2018-09-12 10:49:02,744] DEBUG [Controller 0]: preferred replicas by broker Map() (kafka.controller.KafkaController)
[2018-09-12 10:49:02,744] TRACE [Controller 0]: checking need to trigger partition rebalance (kafka.controller.KafkaController)
[2018-09-12 10:49:02,744] DEBUG [Controller 0]: preferred replicas by broker Map() (kafka.controller.KafkaController)
[2018-09-12 10:49:02,744] TRACE [Controller 0]: checking need to trigger partition rebalance (kafka.controller.KafkaController)
[2018-09-12 10:49:02,744] DEBUG [Controller 0]: preferred replicas by broker Map() (kafka.controller.KafkaController)
[2018-09-12 10:49:02,744] TRACE [Controller 0]: checking need to trigger partition rebalance (kafka.controller.KafkaController)
[2018-09-12 10:49:02,744] DEBUG [Controller 0]: preferred replicas by broker Map() (kafka.controller.KafkaController)
[2018-09-12 10:49:02,744] TRACE [Controller 0]: checking need to trigger partition rebalance (kafka.controller.KafkaController)
[2018-09-12 10:49:02,744] DEBUG [Controller 0]: preferred replicas by broker Map() (kafka.controller.KafkaController)
[2018-09-12 10:49:02,744] TRACE [Controller 0]: checking need to trigger partition rebalance (kafka.controller.KafkaController)
[2018-09-12 10:49:02,744] DEBUG [Controller 0]: preferred replicas by broker Map() (kafka.controller.KafkaController)
[2018-09-12 10:49:02,744] TRACE [Controller 0]: checking need to trigger partition rebalance (kafka.controller.KafkaController)
[2018-09-12 10:49:02,744] DEBUG [Controller 0]: preferred replicas by broker Map() (kafka.controller.KafkaController)
[2018-09-12 10:49:02,744] TRACE [Controller 0]: checking need to trigger partition rebalance (kafka.controller.KafkaController)
[2018-09-12 10:49:02,744] DEBUG [Controller 0]: preferred replicas by broker Map() (kafka.controller.KafkaController)
[2018-09-12 10:49:06,329] INFO [SessionExpirationListener on 0], ZK expired; shut down all controller components and try to re-elect (kafka.controller.KafkaController$SessionExpirationListener)
[2018-09-12 10:49:06,422] DEBUG [Controller 0]: Controller resigning, broker id 0 (kafka.controller.KafkaController)
[2018-09-12 10:49:06,422] DEBUG [Controller 0]: De-registering IsrChangeNotificationListener (kafka.controller.KafkaController)
[2018-09-12 10:49:06,422] INFO [delete-topics-thread-0], Shutting down (kafka.controller.TopicDeletionManager$DeleteTopicsThread)
[2018-09-12 10:49:06,422] INFO [delete-topics-thread-0], Stopped  (kafka.controller.TopicDeletionManager$DeleteTopicsThread)
[2018-09-12 10:49:06,422] INFO [delete-topics-thread-0], Shutdown completed (kafka.controller.TopicDeletionManager$DeleteTopicsThread)
[2018-09-12 10:49:06,438] INFO [Partition state machine on Controller 0]: Stopped partition state machine (kafka.controller.PartitionStateMachine)
[2018-09-12 10:49:06,438] INFO [Replica state machine on controller 0]: Stopped replica state machine (kafka.controller.ReplicaStateMachine)
[2018-09-12 10:49:06,438] INFO [Controller-0-to-broker-0-send-thread], Shutting down (kafka.controller.RequestSendThread)
[2018-09-12 10:49:06,438] INFO [Controller-0-to-broker-0-send-thread], Stopped  (kafka.controller.RequestSendThread)
[2018-09-12 10:49:06,438] INFO [Controller-0-to-broker-0-send-thread], Shutdown completed (kafka.controller.RequestSendThread)
[2018-09-12 10:49:06,438] INFO [Controller 0]: Broker 0 resigned as the controller (kafka.controller.KafkaController)
[2018-09-12 10:49:06,500] INFO [Controller 0]: Broker 0 starting become controller state transition (kafka.controller.KafkaController)
[2018-09-12 10:49:06,500] INFO [Controller 0]: Initialized controller epoch to 3 and zk version 2 (kafka.controller.KafkaController)
[2018-09-12 10:49:06,547] INFO [Controller 0]: Controller 0 incremented epoch to 4 (kafka.controller.KafkaController)
[2018-09-12 10:49:06,547] DEBUG [Controller 0]: Registering IsrChangeNotificationListener (kafka.controller.KafkaController)
[2018-09-12 10:49:06,594] INFO [Controller 0]: Partitions undergoing preferred replica election:  (kafka.controller.KafkaController)
[2018-09-12 10:49:06,594] INFO [Controller 0]: Partitions that completed preferred replica election:  (kafka.controller.KafkaController)
[2018-09-12 10:49:06,594] INFO [Controller 0]: Resuming preferred replica election for partitions:  (kafka.controller.KafkaController)
[2018-09-12 10:49:06,594] INFO [Controller 0]: Partitions being reassigned: Map() (kafka.controller.KafkaController)
[2018-09-12 10:49:06,594] INFO [Controller 0]: Partitions already reassigned: Set() (kafka.controller.KafkaController)
[2018-09-12 10:49:06,594] INFO [Controller 0]: Resuming reassignment of partitions: Map() (kafka.controller.KafkaController)
[2018-09-12 10:49:06,594] INFO [Controller 0]: List of topics to be deleted: test (kafka.controller.KafkaController)
[2018-09-12 10:49:06,594] INFO [Controller 0]: List of topics ineligible for deletion: test (kafka.controller.KafkaController)
[2018-09-12 10:49:06,594] INFO [Controller 0]: Currently active brokers in the cluster: Set() (kafka.controller.KafkaController)
[2018-09-12 10:49:06,594] INFO [Controller 0]: Currently shutting brokers in the cluster: Set() (kafka.controller.KafkaController)
[2018-09-12 10:49:06,594] INFO [Controller 0]: Current list of topics in the cluster: Set(test) (kafka.controller.KafkaController)
[2018-09-12 10:49:06,594] INFO [Replica state machine on controller 0]: Started replica state machine with initial state -> Map([Topic=test,Partition=0,Replica=0] -> ReplicaDeletionIneligible) (kafka.controller.ReplicaStateMachine)
[2018-09-12 10:49:06,594] INFO [Partition state machine on Controller 0]: Started partition state machine with initial state -> Map([test,0] -> OfflinePartition) (kafka.controller.PartitionStateMachine)
[2018-09-12 10:49:06,594] INFO [Controller 0]: Broker 0 is ready to serve as the new controller with epoch 4 (kafka.controller.KafkaController)
[2018-09-12 10:49:06,594] INFO [Controller 0]: Starting preferred replica leader election for partitions  (kafka.controller.KafkaController)
[2018-09-12 10:49:06,610] INFO [Partition state machine on Controller 0]: Invoking state change to OnlinePartition for partitions  (kafka.controller.PartitionStateMachine)
[2018-09-12 10:49:06,688] INFO [Controller 0]: starting the partition rebalance scheduler (kafka.controller.KafkaController)
[2018-09-12 10:49:06,719] INFO [delete-topics-thread-0], Starting  (kafka.controller.TopicDeletionManager$DeleteTopicsThread)
[2018-09-12 10:49:06,719] INFO [delete-topics-thread-0], Handling deletion for topics test (kafka.controller.TopicDeletionManager$DeleteTopicsThread)
[2018-09-12 10:49:06,719] DEBUG [Replica state machine on controller 0]: Are all replicas for topic test deleted Map([Topic=test,Partition=0,Replica=0] -> ReplicaDeletionIneligible) (kafka.controller.ReplicaStateMachine)
[2018-09-12 10:49:06,719] INFO [Topic Deletion Manager 0], Retrying delete topic for topic test since replicas [Topic=test,Partition=0,Replica=0] were not successfully deleted (kafka.controller.TopicDeletionManager)
[2018-09-12 10:49:06,719] INFO [Replica state machine on controller 0]: Invoking state change to OfflineReplica for replicas [Topic=test,Partition=0,Replica=0] (kafka.controller.ReplicaStateMachine)
[2018-09-12 10:49:06,719] DEBUG [Controller 0]: Removing replica 0 from ISR  for partition [test,0]. (kafka.controller.KafkaController)
[2018-09-12 10:49:06,734] WARN [Controller 0]: Cannot remove replica 0 from ISR of partition [test,0] since it is not in the ISR. Leader = -1 ; ISR = List() (kafka.controller.KafkaController)
[2018-09-12 10:49:06,734] DEBUG The stop replica request (delete = true) sent to broker 0 is  (kafka.controller.ControllerBrokerRequestBatch)
[2018-09-12 10:49:06,734] DEBUG The stop replica request (delete = false) sent to broker 0 is [Topic=test,Partition=0,Replica=0] (kafka.controller.ControllerBrokerRequestBatch)
[2018-09-12 10:49:06,734] WARN [Channel manager on controller 0]: Not sending request (type=StopReplicaRequest, controllerId=0, controllerEpoch=4, deletePartitions=false, partitions=test-0) to broker 0, since it is offline. (kafka.controller.ControllerChannelManager)
[2018-09-12 10:49:06,734] INFO [delete-topics-thread-0], Not retrying deletion of topic test at this time since it is marked ineligible for deletion (kafka.controller.TopicDeletionManager$DeleteTopicsThread)
[2018-09-12 10:49:06,734] DEBUG [Topic Deletion Manager 0], Waiting for signal to start or continue topic deletion (kafka.controller.TopicDeletionManager)
[2018-09-12 10:49:06,875] DEBUG [IsrChangeNotificationListener on Controller 0]: ISR change notification listener fired (kafka.controller.IsrChangeNotificationListener)
[2018-09-12 10:49:06,890] INFO [BrokerChangeListener on Controller 0]: Broker change listener fired for path /brokers/ids with children 0 (kafka.controller.ReplicaStateMachine$BrokerChangeListener)
[2018-09-12 10:49:06,922] INFO [BrokerChangeListener on Controller 0]: Newly added brokers: 0, deleted brokers: , all live brokers: 0 (kafka.controller.ReplicaStateMachine$BrokerChangeListener)
[2018-09-12 10:49:06,922] DEBUG [Channel manager on controller 0]: Controller 0 trying to connect to broker 0 (kafka.controller.ControllerChannelManager)
[2018-09-12 10:49:06,922] INFO [Controller 0]: New broker startup callback for 0 (kafka.controller.KafkaController)
[2018-09-12 10:49:06,922] INFO [Replica state machine on controller 0]: Invoking state change to OnlineReplica for replicas [Topic=test,Partition=0,Replica=0] (kafka.controller.ReplicaStateMachine)
[2018-09-12 10:49:06,968] INFO [Controller 0]: Some replicas [Topic=test,Partition=0,Replica=0] for topics scheduled for deletion test are on the newly restarted brokers 0. Signaling restart of topic deletion for these topics (kafka.controller.KafkaController)
[2018-09-12 10:49:06,968] INFO [delete-topics-thread-0], Handling deletion for topics test (kafka.controller.TopicDeletionManager$DeleteTopicsThread)
[2018-09-12 10:49:06,968] DEBUG [Replica state machine on controller 0]: Are all replicas for topic test deleted Map([Topic=test,Partition=0,Replica=0] -> OnlineReplica) (kafka.controller.ReplicaStateMachine)
[2018-09-12 10:49:06,968] INFO [delete-topics-thread-0], Deletion of topic test (re)started (kafka.controller.TopicDeletionManager$DeleteTopicsThread)
[2018-09-12 10:49:06,968] INFO [Topic Deletion Manager 0], Topic deletion callback for test (kafka.controller.TopicDeletionManager)
[2018-09-12 10:49:06,968] INFO [Topic Deletion Manager 0], Partition deletion callback for [test,0] (kafka.controller.TopicDeletionManager)
[2018-09-12 10:49:06,968] INFO [Replica state machine on controller 0]: Invoking state change to OfflineReplica for replicas [Topic=test,Partition=0,Replica=0] (kafka.controller.ReplicaStateMachine)
[2018-09-12 10:49:06,968] DEBUG [Controller 0]: Removing replica 0 from ISR  for partition [test,0]. (kafka.controller.KafkaController)
[2018-09-12 10:49:06,984] WARN [Controller 0]: Cannot remove replica 0 from ISR of partition [test,0] since it is not in the ISR. Leader = -1 ; ISR = List() (kafka.controller.KafkaController)
[2018-09-12 10:49:06,984] DEBUG The stop replica request (delete = true) sent to broker 0 is  (kafka.controller.ControllerBrokerRequestBatch)
[2018-09-12 10:49:06,984] DEBUG The stop replica request (delete = false) sent to broker 0 is [Topic=test,Partition=0,Replica=0] (kafka.controller.ControllerBrokerRequestBatch)
[2018-09-12 10:49:06,984] DEBUG [Topic Deletion Manager 0], Deletion started for replicas [Topic=test,Partition=0,Replica=0] (kafka.controller.TopicDeletionManager)
[2018-09-12 10:49:06,984] INFO [Replica state machine on controller 0]: Invoking state change to ReplicaDeletionStarted for replicas [Topic=test,Partition=0,Replica=0] (kafka.controller.ReplicaStateMachine)
[2018-09-12 10:49:06,984] DEBUG The stop replica request (delete = true) sent to broker 0 is [Topic=test,Partition=0,Replica=0] (kafka.controller.ControllerBrokerRequestBatch)
[2018-09-12 10:49:06,984] DEBUG The stop replica request (delete = false) sent to broker 0 is  (kafka.controller.ControllerBrokerRequestBatch)
[2018-09-12 10:49:06,984] DEBUG [Topic Deletion Manager 0], Waiting for signal to start or continue topic deletion (kafka.controller.TopicDeletionManager)
[2018-09-12 10:49:06,984] INFO [Controller-0-to-broker-0-send-thread], Starting  (kafka.controller.RequestSendThread)
[2018-09-12 10:49:06,984] INFO [Controller-0-to-broker-0-send-thread], Controller 0 connected to user-PC:9092 (id: 0 rack: null) for sending state change requests (kafka.controller.RequestSendThread)
[2018-09-12 10:49:07,000] DEBUG [DeleteTopicsListener on Controller 0]: Delete topics listener fired for topics test to be deleted (kafka.controller.PartitionStateMachine$DeleteTopicsListener)
[2018-09-12 10:49:07,000] INFO [DeleteTopicsListener on Controller 0]: Starting topic deletion for topics test (kafka.controller.PartitionStateMachine$DeleteTopicsListener)
[2018-09-12 10:49:07,000] INFO [delete-topics-thread-0], Handling deletion for topics test (kafka.controller.TopicDeletionManager$DeleteTopicsThread)
[2018-09-12 10:49:07,000] DEBUG [Replica state machine on controller 0]: Are all replicas for topic test deleted Map([Topic=test,Partition=0,Replica=0] -> ReplicaDeletionStarted) (kafka.controller.ReplicaStateMachine)
[2018-09-12 10:49:07,000] INFO [delete-topics-thread-0], Deletion for replicas 0 for partition [test,0] of topic test in progress (kafka.controller.TopicDeletionManager$DeleteTopicsThread)
[2018-09-12 10:49:07,000] DEBUG [Topic Deletion Manager 0], Waiting for signal to start or continue topic deletion (kafka.controller.TopicDeletionManager)
[2018-09-12 10:49:07,015] DEBUG [TopicChangeListener on Controller 0]: Topic change listener fired for path /brokers/topics with children test (kafka.controller.PartitionStateMachine$TopicChangeListener)
[2018-09-12 10:49:07,015] INFO [TopicChangeListener on Controller 0]: New topics: [Set()], deleted topics: [Set()], new partition replica assignment [Map()] (kafka.controller.PartitionStateMachine$TopicChangeListener)
[2018-09-12 10:49:07,062] INFO [AddPartitionsListener on Controller 0]: Partition modification triggered {"version":1,"partitions":{"0":[0]}} for path /brokers/topics/test (kafka.controller.PartitionStateMachine$PartitionModificationsListener)
[2018-09-12 10:49:07,078] ERROR [AddPartitionsListener on Controller 0]: Skipping adding partitions  for topic test since it is currently being deleted (kafka.controller.PartitionStateMachine$PartitionModificationsListener)
[2018-09-12 10:49:07,078] INFO [BrokerChangeListener on Controller 0]: Broker change listener fired for path /brokers/ids with children 0 (kafka.controller.ReplicaStateMachine$BrokerChangeListener)
[2018-09-12 10:49:07,124] DEBUG [Topic Deletion Manager 0], Delete topic callback invoked for {error_code=0,partitions=[{topic=test,partition=0,error_code=0}]} (kafka.controller.TopicDeletionManager)
[2018-09-12 10:49:07,140] INFO [BrokerChangeListener on Controller 0]: Newly added brokers: , deleted brokers: , all live brokers: 0 (kafka.controller.ReplicaStateMachine$BrokerChangeListener)
[2018-09-12 10:49:07,140] DEBUG [Topic Deletion Manager 0], Deletion successfully completed for replicas [Topic=test,Partition=0,Replica=0] (kafka.controller.TopicDeletionManager)
[2018-09-12 10:49:07,140] INFO [Replica state machine on controller 0]: Invoking state change to ReplicaDeletionSuccessful for replicas [Topic=test,Partition=0,Replica=0] (kafka.controller.ReplicaStateMachine)
[2018-09-12 10:49:07,140] INFO [delete-topics-thread-0], Handling deletion for topics test (kafka.controller.TopicDeletionManager$DeleteTopicsThread)
[2018-09-12 10:49:07,140] DEBUG [Replica state machine on controller 0]: Are all replicas for topic test deleted Map([Topic=test,Partition=0,Replica=0] -> ReplicaDeletionSuccessful) (kafka.controller.ReplicaStateMachine)
[2018-09-12 10:49:07,140] INFO [Replica state machine on controller 0]: Invoking state change to NonExistentReplica for replicas [Topic=test,Partition=0,Replica=0] (kafka.controller.ReplicaStateMachine)
[2018-09-12 10:49:07,140] INFO [Partition state machine on Controller 0]: Invoking state change to OfflinePartition for partitions [test,0] (kafka.controller.PartitionStateMachine)
[2018-09-12 10:49:07,140] INFO [Partition state machine on Controller 0]: Invoking state change to NonExistentPartition for partitions [test,0] (kafka.controller.PartitionStateMachine)
[2018-09-12 10:49:07,655] INFO [delete-topics-thread-0], Deletion of topic test successfully completed (kafka.controller.TopicDeletionManager$DeleteTopicsThread)
[2018-09-12 10:49:07,655] DEBUG [Topic Deletion Manager 0], Waiting for signal to start or continue topic deletion (kafka.controller.TopicDeletionManager)
[2018-09-12 10:49:07,655] DEBUG [TopicChangeListener on Controller 0]: Topic change listener fired for path /brokers/topics with children  (kafka.controller.PartitionStateMachine$TopicChangeListener)
[2018-09-12 10:49:07,655] INFO [TopicChangeListener on Controller 0]: New topics: [Set()], deleted topics: [Set()], new partition replica assignment [Map()] (kafka.controller.PartitionStateMachine$TopicChangeListener)
[2018-09-12 10:49:07,655] DEBUG [DeleteTopicsListener on Controller 0]: Delete topics listener fired for topics  to be deleted (kafka.controller.PartitionStateMachine$DeleteTopicsListener)
[2018-09-12 10:49:11,700] TRACE [Controller 0]: checking need to trigger partition rebalance (kafka.controller.KafkaController)
[2018-09-12 10:49:11,700] DEBUG [Controller 0]: preferred replicas by broker Map() (kafka.controller.KafkaController)
[2018-09-12 10:54:11,702] TRACE [Controller 0]: checking need to trigger partition rebalance (kafka.controller.KafkaController)
[2018-09-12 10:54:11,702] DEBUG [Controller 0]: preferred replicas by broker Map() (kafka.controller.KafkaController)
[2018-09-12 10:59:11,684] TRACE [Controller 0]: checking need to trigger partition rebalance (kafka.controller.KafkaController)
[2018-09-12 10:59:11,684] DEBUG [Controller 0]: preferred replicas by broker Map() (kafka.controller.KafkaController)
[2018-09-12 11:04:11,672] TRACE [Controller 0]: checking need to trigger partition rebalance (kafka.controller.KafkaController)
[2018-09-12 11:04:11,672] DEBUG [Controller 0]: preferred replicas by broker Map() (kafka.controller.KafkaController)
[2018-09-12 11:09:11,667] TRACE [Controller 0]: checking need to trigger partition rebalance (kafka.controller.KafkaController)
[2018-09-12 11:09:11,667] DEBUG [Controller 0]: preferred replicas by broker Map() (kafka.controller.KafkaController)
[2018-09-12 11:14:11,648] TRACE [Controller 0]: checking need to trigger partition rebalance (kafka.controller.KafkaController)
[2018-09-12 11:14:11,648] DEBUG [Controller 0]: preferred replicas by broker Map() (kafka.controller.KafkaController)
[2018-09-12 11:19:43,569] INFO [Controller 0]: Controller starting up (kafka.controller.KafkaController)
[2018-09-12 11:19:43,709] INFO [Controller 0]: Broker 0 starting become controller state transition (kafka.controller.KafkaController)
[2018-09-12 11:19:43,725] INFO [Controller 0]: Initialized controller epoch to 4 and zk version 3 (kafka.controller.KafkaController)
[2018-09-12 11:19:43,756] INFO [Controller 0]: Controller 0 incremented epoch to 5 (kafka.controller.KafkaController)
[2018-09-12 11:19:43,756] DEBUG [Controller 0]: Registering IsrChangeNotificationListener (kafka.controller.KafkaController)
[2018-09-12 11:19:43,803] INFO [Controller 0]: Partitions undergoing preferred replica election:  (kafka.controller.KafkaController)
[2018-09-12 11:19:43,803] INFO [Controller 0]: Partitions that completed preferred replica election:  (kafka.controller.KafkaController)
[2018-09-12 11:19:43,803] INFO [Controller 0]: Resuming preferred replica election for partitions:  (kafka.controller.KafkaController)
[2018-09-12 11:19:43,803] INFO [Controller 0]: Partitions being reassigned: Map() (kafka.controller.KafkaController)
[2018-09-12 11:19:43,803] INFO [Controller 0]: Partitions already reassigned: Set() (kafka.controller.KafkaController)
[2018-09-12 11:19:43,803] INFO [Controller 0]: Resuming reassignment of partitions: Map() (kafka.controller.KafkaController)
[2018-09-12 11:19:43,818] INFO [Controller 0]: List of topics to be deleted:  (kafka.controller.KafkaController)
[2018-09-12 11:19:43,818] INFO [Controller 0]: List of topics ineligible for deletion:  (kafka.controller.KafkaController)
[2018-09-12 11:19:43,818] INFO [Controller 0]: Currently active brokers in the cluster: Set() (kafka.controller.KafkaController)
[2018-09-12 11:19:43,818] INFO [Controller 0]: Currently shutting brokers in the cluster: Set() (kafka.controller.KafkaController)
[2018-09-12 11:19:43,818] INFO [Controller 0]: Current list of topics in the cluster: Set() (kafka.controller.KafkaController)
[2018-09-12 11:19:43,850] INFO [Replica state machine on controller 0]: Started replica state machine with initial state -> Map() (kafka.controller.ReplicaStateMachine)
[2018-09-12 11:19:43,850] INFO [Partition state machine on Controller 0]: Started partition state machine with initial state -> Map() (kafka.controller.PartitionStateMachine)
[2018-09-12 11:19:43,850] INFO [Controller 0]: Broker 0 is ready to serve as the new controller with epoch 5 (kafka.controller.KafkaController)
[2018-09-12 11:19:43,850] INFO [Controller 0]: Starting preferred replica leader election for partitions  (kafka.controller.KafkaController)
[2018-09-12 11:19:43,865] INFO [Partition state machine on Controller 0]: Invoking state change to OnlinePartition for partitions  (kafka.controller.PartitionStateMachine)
[2018-09-12 11:19:43,943] INFO [Controller 0]: starting the partition rebalance scheduler (kafka.controller.KafkaController)
[2018-09-12 11:19:43,943] INFO [delete-topics-thread-0], Starting  (kafka.controller.TopicDeletionManager$DeleteTopicsThread)
[2018-09-12 11:19:43,943] INFO [Controller 0]: Controller startup complete (kafka.controller.KafkaController)
[2018-09-12 11:19:43,959] DEBUG [Topic Deletion Manager 0], Waiting for signal to start or continue topic deletion (kafka.controller.TopicDeletionManager)
[2018-09-12 11:19:44,162] INFO [BrokerChangeListener on Controller 0]: Broker change listener fired for path /brokers/ids with children 0 (kafka.controller.ReplicaStateMachine$BrokerChangeListener)
[2018-09-12 11:19:44,208] INFO [BrokerChangeListener on Controller 0]: Newly added brokers: 0, deleted brokers: , all live brokers: 0 (kafka.controller.ReplicaStateMachine$BrokerChangeListener)
[2018-09-12 11:19:44,208] DEBUG [Channel manager on controller 0]: Controller 0 trying to connect to broker 0 (kafka.controller.ControllerChannelManager)
[2018-09-12 11:19:44,224] INFO [Controller-0-to-broker-0-send-thread], Starting  (kafka.controller.RequestSendThread)
[2018-09-12 11:19:44,224] INFO [Controller 0]: New broker startup callback for 0 (kafka.controller.KafkaController)
[2018-09-12 11:19:44,255] INFO [Controller-0-to-broker-0-send-thread], Controller 0 connected to user-PC:9092 (id: 0 rack: null) for sending state change requests (kafka.controller.RequestSendThread)
[2018-09-12 11:19:48,966] TRACE [Controller 0]: checking need to trigger partition rebalance (kafka.controller.KafkaController)
[2018-09-12 11:19:48,966] DEBUG [Controller 0]: preferred replicas by broker Map() (kafka.controller.KafkaController)
[2018-09-12 11:20:24,550] DEBUG [TopicChangeListener on Controller 0]: Topic change listener fired for path /brokers/topics with children car-data (kafka.controller.PartitionStateMachine$TopicChangeListener)
[2018-09-12 11:20:24,581] INFO [TopicChangeListener on Controller 0]: New topics: [Set(car-data)], deleted topics: [Set()], new partition replica assignment [Map([car-data,0] -> List(0), [car-data,1] -> List(0))] (kafka.controller.PartitionStateMachine$TopicChangeListener)
[2018-09-12 11:20:24,581] INFO [Controller 0]: New topic creation callback for [car-data,0],[car-data,1] (kafka.controller.KafkaController)
[2018-09-12 11:20:24,628] INFO [Controller 0]: New partition creation callback for [car-data,0],[car-data,1] (kafka.controller.KafkaController)
[2018-09-12 11:20:24,628] INFO [Partition state machine on Controller 0]: Invoking state change to NewPartition for partitions [car-data,0],[car-data,1] (kafka.controller.PartitionStateMachine)
[2018-09-12 11:20:24,628] INFO [Replica state machine on controller 0]: Invoking state change to NewReplica for replicas [Topic=car-data,Partition=0,Replica=0],[Topic=car-data,Partition=1,Replica=0] (kafka.controller.ReplicaStateMachine)
[2018-09-12 11:20:24,644] INFO [Partition state machine on Controller 0]: Invoking state change to OnlinePartition for partitions [car-data,0],[car-data,1] (kafka.controller.PartitionStateMachine)
[2018-09-12 11:20:24,644] DEBUG [Partition state machine on Controller 0]: Live assigned replicas for partition [car-data,0] are: [List(0)] (kafka.controller.PartitionStateMachine)
[2018-09-12 11:20:24,644] DEBUG [Partition state machine on Controller 0]: Initializing leader and isr for partition [car-data,0] to (Leader:0,ISR:0,LeaderEpoch:0,ControllerEpoch:5) (kafka.controller.PartitionStateMachine)
[2018-09-12 11:20:24,800] DEBUG [Partition state machine on Controller 0]: Live assigned replicas for partition [car-data,1] are: [List(0)] (kafka.controller.PartitionStateMachine)
[2018-09-12 11:20:24,800] DEBUG [Partition state machine on Controller 0]: Initializing leader and isr for partition [car-data,1] to (Leader:0,ISR:0,LeaderEpoch:0,ControllerEpoch:5) (kafka.controller.PartitionStateMachine)
[2018-09-12 11:20:24,909] INFO [Replica state machine on controller 0]: Invoking state change to OnlineReplica for replicas [Topic=car-data,Partition=0,Replica=0],[Topic=car-data,Partition=1,Replica=0] (kafka.controller.ReplicaStateMachine)
[2018-09-12 11:21:11,896] DEBUG [DeleteTopicsListener on Controller 0]: Delete topics listener fired for topics car-data to be deleted (kafka.controller.PartitionStateMachine$DeleteTopicsListener)
[2018-09-12 11:21:11,896] INFO [DeleteTopicsListener on Controller 0]: Starting topic deletion for topics car-data (kafka.controller.PartitionStateMachine$DeleteTopicsListener)
[2018-09-12 11:21:11,896] INFO [delete-topics-thread-0], Handling deletion for topics car-data (kafka.controller.TopicDeletionManager$DeleteTopicsThread)
[2018-09-12 11:21:11,912] DEBUG [Replica state machine on controller 0]: Are all replicas for topic car-data deleted Map([Topic=car-data,Partition=0,Replica=0] -> OnlineReplica, [Topic=car-data,Partition=1,Replica=0] -> OnlineReplica) (kafka.controller.ReplicaStateMachine)
[2018-09-12 11:21:11,912] INFO [delete-topics-thread-0], Deletion of topic car-data (re)started (kafka.controller.TopicDeletionManager$DeleteTopicsThread)
[2018-09-12 11:21:11,912] INFO [Topic Deletion Manager 0], Topic deletion callback for car-data (kafka.controller.TopicDeletionManager)
[2018-09-12 11:21:11,927] INFO [Topic Deletion Manager 0], Partition deletion callback for [car-data,0],[car-data,1] (kafka.controller.TopicDeletionManager)
[2018-09-12 11:21:11,927] INFO [Replica state machine on controller 0]: Invoking state change to OfflineReplica for replicas [Topic=car-data,Partition=0,Replica=0],[Topic=car-data,Partition=1,Replica=0] (kafka.controller.ReplicaStateMachine)
[2018-09-12 11:21:11,927] DEBUG [Controller 0]: Removing replica 0 from ISR 0 for partition [car-data,0]. (kafka.controller.KafkaController)
[2018-09-12 11:21:12,005] INFO [Controller 0]: New leader and ISR for partition [car-data,0] is {"leader":-1,"leader_epoch":1,"isr":[]} (kafka.controller.KafkaController)
[2018-09-12 11:21:12,005] DEBUG [Controller 0]: Removing replica 0 from ISR 0 for partition [car-data,1]. (kafka.controller.KafkaController)
[2018-09-12 11:21:12,083] INFO [Controller 0]: New leader and ISR for partition [car-data,1] is {"leader":-1,"leader_epoch":1,"isr":[]} (kafka.controller.KafkaController)
[2018-09-12 11:21:12,083] DEBUG The stop replica request (delete = true) sent to broker 0 is  (kafka.controller.ControllerBrokerRequestBatch)
[2018-09-12 11:21:12,083] DEBUG The stop replica request (delete = false) sent to broker 0 is [Topic=car-data,Partition=0,Replica=0],[Topic=car-data,Partition=1,Replica=0] (kafka.controller.ControllerBrokerRequestBatch)
[2018-09-12 11:21:12,083] DEBUG [Topic Deletion Manager 0], Deletion started for replicas [Topic=car-data,Partition=0,Replica=0],[Topic=car-data,Partition=1,Replica=0] (kafka.controller.TopicDeletionManager)
[2018-09-12 11:21:12,099] INFO [Replica state machine on controller 0]: Invoking state change to ReplicaDeletionStarted for replicas [Topic=car-data,Partition=0,Replica=0],[Topic=car-data,Partition=1,Replica=0] (kafka.controller.ReplicaStateMachine)
[2018-09-12 11:21:12,099] DEBUG The stop replica request (delete = true) sent to broker 0 is [Topic=car-data,Partition=0,Replica=0],[Topic=car-data,Partition=1,Replica=0] (kafka.controller.ControllerBrokerRequestBatch)
[2018-09-12 11:21:12,099] DEBUG The stop replica request (delete = false) sent to broker 0 is  (kafka.controller.ControllerBrokerRequestBatch)
[2018-09-12 11:21:12,099] DEBUG [Topic Deletion Manager 0], Waiting for signal to start or continue topic deletion (kafka.controller.TopicDeletionManager)
[2018-09-12 11:21:12,208] DEBUG [Topic Deletion Manager 0], Delete topic callback invoked for {error_code=0,partitions=[{topic=car-data,partition=0,error_code=0}]} (kafka.controller.TopicDeletionManager)
[2018-09-12 11:21:12,208] DEBUG [Topic Deletion Manager 0], Deletion successfully completed for replicas [Topic=car-data,Partition=0,Replica=0] (kafka.controller.TopicDeletionManager)
[2018-09-12 11:21:12,208] INFO [Replica state machine on controller 0]: Invoking state change to ReplicaDeletionSuccessful for replicas [Topic=car-data,Partition=0,Replica=0] (kafka.controller.ReplicaStateMachine)
[2018-09-12 11:21:12,224] INFO [delete-topics-thread-0], Handling deletion for topics car-data (kafka.controller.TopicDeletionManager$DeleteTopicsThread)
[2018-09-12 11:21:12,224] DEBUG [Replica state machine on controller 0]: Are all replicas for topic car-data deleted Map([Topic=car-data,Partition=0,Replica=0] -> ReplicaDeletionSuccessful, [Topic=car-data,Partition=1,Replica=0] -> ReplicaDeletionStarted) (kafka.controller.ReplicaStateMachine)
[2018-09-12 11:21:12,224] INFO [delete-topics-thread-0], Deletion for replicas 0 for partition [car-data,1] of topic car-data in progress (kafka.controller.TopicDeletionManager$DeleteTopicsThread)
[2018-09-12 11:21:12,224] DEBUG [Topic Deletion Manager 0], Waiting for signal to start or continue topic deletion (kafka.controller.TopicDeletionManager)
[2018-09-12 11:21:12,286] DEBUG [Topic Deletion Manager 0], Delete topic callback invoked for {error_code=0,partitions=[{topic=car-data,partition=1,error_code=0}]} (kafka.controller.TopicDeletionManager)
[2018-09-12 11:21:12,286] DEBUG [Topic Deletion Manager 0], Deletion successfully completed for replicas [Topic=car-data,Partition=1,Replica=0] (kafka.controller.TopicDeletionManager)
[2018-09-12 11:21:12,286] INFO [Replica state machine on controller 0]: Invoking state change to ReplicaDeletionSuccessful for replicas [Topic=car-data,Partition=1,Replica=0] (kafka.controller.ReplicaStateMachine)
[2018-09-12 11:21:12,286] INFO [delete-topics-thread-0], Handling deletion for topics car-data (kafka.controller.TopicDeletionManager$DeleteTopicsThread)
[2018-09-12 11:21:12,286] DEBUG [Replica state machine on controller 0]: Are all replicas for topic car-data deleted Map([Topic=car-data,Partition=0,Replica=0] -> ReplicaDeletionSuccessful, [Topic=car-data,Partition=1,Replica=0] -> ReplicaDeletionSuccessful) (kafka.controller.ReplicaStateMachine)
[2018-09-12 11:21:12,286] INFO [Replica state machine on controller 0]: Invoking state change to NonExistentReplica for replicas [Topic=car-data,Partition=0,Replica=0],[Topic=car-data,Partition=1,Replica=0] (kafka.controller.ReplicaStateMachine)
[2018-09-12 11:21:12,286] INFO [Partition state machine on Controller 0]: Invoking state change to OfflinePartition for partitions [car-data,0],[car-data,1] (kafka.controller.PartitionStateMachine)
[2018-09-12 11:21:12,302] INFO [Partition state machine on Controller 0]: Invoking state change to NonExistentPartition for partitions [car-data,0],[car-data,1] (kafka.controller.PartitionStateMachine)
[2018-09-12 11:21:12,661] INFO [delete-topics-thread-0], Deletion of topic car-data successfully completed (kafka.controller.TopicDeletionManager$DeleteTopicsThread)
[2018-09-12 11:21:12,661] DEBUG [TopicChangeListener on Controller 0]: Topic change listener fired for path /brokers/topics with children  (kafka.controller.PartitionStateMachine$TopicChangeListener)
[2018-09-12 11:21:12,661] INFO [TopicChangeListener on Controller 0]: New topics: [Set()], deleted topics: [Set()], new partition replica assignment [Map()] (kafka.controller.PartitionStateMachine$TopicChangeListener)
[2018-09-12 11:21:12,661] DEBUG [Topic Deletion Manager 0], Waiting for signal to start or continue topic deletion (kafka.controller.TopicDeletionManager)
[2018-09-12 11:21:12,661] DEBUG [DeleteTopicsListener on Controller 0]: Delete topics listener fired for topics  to be deleted (kafka.controller.PartitionStateMachine$DeleteTopicsListener)
[2018-09-12 11:22:13,750] DEBUG [TopicChangeListener on Controller 0]: Topic change listener fired for path /brokers/topics with children car-data (kafka.controller.PartitionStateMachine$TopicChangeListener)
[2018-09-12 11:22:13,797] INFO [TopicChangeListener on Controller 0]: New topics: [Set(car-data)], deleted topics: [Set()], new partition replica assignment [Map([car-data,9] -> List(0), [car-data,7] -> List(0), [car-data,2] -> List(0), [car-data,12] -> List(0), [car-data,8] -> List(0), [car-data,6] -> List(0), [car-data,0] -> List(0), [car-data,10] -> List(0), [car-data,4] -> List(0), [car-data,3] -> List(0), [car-data,11] -> List(0), [car-data,5] -> List(0), [car-data,1] -> List(0))] (kafka.controller.PartitionStateMachine$TopicChangeListener)
[2018-09-12 11:22:13,797] INFO [Controller 0]: New topic creation callback for [car-data,9],[car-data,7],[car-data,2],[car-data,12],[car-data,8],[car-data,6],[car-data,0],[car-data,10],[car-data,4],[car-data,3],[car-data,11],[car-data,5],[car-data,1] (kafka.controller.KafkaController)
[2018-09-12 11:22:13,813] INFO [Controller 0]: New partition creation callback for [car-data,9],[car-data,7],[car-data,2],[car-data,12],[car-data,8],[car-data,6],[car-data,0],[car-data,10],[car-data,4],[car-data,3],[car-data,11],[car-data,5],[car-data,1] (kafka.controller.KafkaController)
[2018-09-12 11:22:13,813] INFO [Partition state machine on Controller 0]: Invoking state change to NewPartition for partitions [car-data,9],[car-data,7],[car-data,2],[car-data,12],[car-data,8],[car-data,6],[car-data,0],[car-data,10],[car-data,4],[car-data,3],[car-data,11],[car-data,5],[car-data,1] (kafka.controller.PartitionStateMachine)
[2018-09-12 11:22:13,813] INFO [Replica state machine on controller 0]: Invoking state change to NewReplica for replicas [Topic=car-data,Partition=7,Replica=0],[Topic=car-data,Partition=2,Replica=0],[Topic=car-data,Partition=1,Replica=0],[Topic=car-data,Partition=11,Replica=0],[Topic=car-data,Partition=5,Replica=0],[Topic=car-data,Partition=10,Replica=0],[Topic=car-data,Partition=9,Replica=0],[Topic=car-data,Partition=12,Replica=0],[Topic=car-data,Partition=6,Replica=0],[Topic=car-data,Partition=0,Replica=0],[Topic=car-data,Partition=4,Replica=0],[Topic=car-data,Partition=8,Replica=0],[Topic=car-data,Partition=3,Replica=0] (kafka.controller.ReplicaStateMachine)
[2018-09-12 11:22:13,906] INFO [Partition state machine on Controller 0]: Invoking state change to OnlinePartition for partitions [car-data,9],[car-data,7],[car-data,2],[car-data,12],[car-data,8],[car-data,6],[car-data,0],[car-data,10],[car-data,4],[car-data,3],[car-data,11],[car-data,5],[car-data,1] (kafka.controller.PartitionStateMachine)
[2018-09-12 11:22:13,906] DEBUG [Partition state machine on Controller 0]: Live assigned replicas for partition [car-data,9] are: [List(0)] (kafka.controller.PartitionStateMachine)
[2018-09-12 11:22:13,906] DEBUG [Partition state machine on Controller 0]: Initializing leader and isr for partition [car-data,9] to (Leader:0,ISR:0,LeaderEpoch:0,ControllerEpoch:5) (kafka.controller.PartitionStateMachine)
[2018-09-12 11:22:14,093] DEBUG [Partition state machine on Controller 0]: Live assigned replicas for partition [car-data,7] are: [List(0)] (kafka.controller.PartitionStateMachine)
[2018-09-12 11:22:14,093] DEBUG [Partition state machine on Controller 0]: Initializing leader and isr for partition [car-data,7] to (Leader:0,ISR:0,LeaderEpoch:0,ControllerEpoch:5) (kafka.controller.PartitionStateMachine)
[2018-09-12 11:22:14,218] DEBUG [Partition state machine on Controller 0]: Live assigned replicas for partition [car-data,2] are: [List(0)] (kafka.controller.PartitionStateMachine)
[2018-09-12 11:22:14,218] DEBUG [Partition state machine on Controller 0]: Initializing leader and isr for partition [car-data,2] to (Leader:0,ISR:0,LeaderEpoch:0,ControllerEpoch:5) (kafka.controller.PartitionStateMachine)
[2018-09-12 11:22:14,312] DEBUG [Partition state machine on Controller 0]: Live assigned replicas for partition [car-data,12] are: [List(0)] (kafka.controller.PartitionStateMachine)
[2018-09-12 11:22:14,312] DEBUG [Partition state machine on Controller 0]: Initializing leader and isr for partition [car-data,12] to (Leader:0,ISR:0,LeaderEpoch:0,ControllerEpoch:5) (kafka.controller.PartitionStateMachine)
[2018-09-12 11:22:14,405] DEBUG [Partition state machine on Controller 0]: Live assigned replicas for partition [car-data,8] are: [List(0)] (kafka.controller.PartitionStateMachine)
[2018-09-12 11:22:14,405] DEBUG [Partition state machine on Controller 0]: Initializing leader and isr for partition [car-data,8] to (Leader:0,ISR:0,LeaderEpoch:0,ControllerEpoch:5) (kafka.controller.PartitionStateMachine)
[2018-09-12 11:22:14,499] DEBUG [Partition state machine on Controller 0]: Live assigned replicas for partition [car-data,6] are: [List(0)] (kafka.controller.PartitionStateMachine)
[2018-09-12 11:22:14,499] DEBUG [Partition state machine on Controller 0]: Initializing leader and isr for partition [car-data,6] to (Leader:0,ISR:0,LeaderEpoch:0,ControllerEpoch:5) (kafka.controller.PartitionStateMachine)
[2018-09-12 11:22:14,593] DEBUG [Partition state machine on Controller 0]: Live assigned replicas for partition [car-data,0] are: [List(0)] (kafka.controller.PartitionStateMachine)
[2018-09-12 11:22:14,593] DEBUG [Partition state machine on Controller 0]: Initializing leader and isr for partition [car-data,0] to (Leader:0,ISR:0,LeaderEpoch:0,ControllerEpoch:5) (kafka.controller.PartitionStateMachine)
[2018-09-12 11:22:14,671] DEBUG [Partition state machine on Controller 0]: Live assigned replicas for partition [car-data,10] are: [List(0)] (kafka.controller.PartitionStateMachine)
[2018-09-12 11:22:14,671] DEBUG [Partition state machine on Controller 0]: Initializing leader and isr for partition [car-data,10] to (Leader:0,ISR:0,LeaderEpoch:0,ControllerEpoch:5) (kafka.controller.PartitionStateMachine)
[2018-09-12 11:22:14,749] DEBUG [Partition state machine on Controller 0]: Live assigned replicas for partition [car-data,4] are: [List(0)] (kafka.controller.PartitionStateMachine)
[2018-09-12 11:22:14,749] DEBUG [Partition state machine on Controller 0]: Initializing leader and isr for partition [car-data,4] to (Leader:0,ISR:0,LeaderEpoch:0,ControllerEpoch:5) (kafka.controller.PartitionStateMachine)
[2018-09-12 11:22:14,842] DEBUG [Partition state machine on Controller 0]: Live assigned replicas for partition [car-data,3] are: [List(0)] (kafka.controller.PartitionStateMachine)
[2018-09-12 11:22:14,842] DEBUG [Partition state machine on Controller 0]: Initializing leader and isr for partition [car-data,3] to (Leader:0,ISR:0,LeaderEpoch:0,ControllerEpoch:5) (kafka.controller.PartitionStateMachine)
[2018-09-12 11:22:14,936] DEBUG [Partition state machine on Controller 0]: Live assigned replicas for partition [car-data,11] are: [List(0)] (kafka.controller.PartitionStateMachine)
[2018-09-12 11:22:14,936] DEBUG [Partition state machine on Controller 0]: Initializing leader and isr for partition [car-data,11] to (Leader:0,ISR:0,LeaderEpoch:0,ControllerEpoch:5) (kafka.controller.PartitionStateMachine)
[2018-09-12 11:22:15,030] DEBUG [Partition state machine on Controller 0]: Live assigned replicas for partition [car-data,5] are: [List(0)] (kafka.controller.PartitionStateMachine)
[2018-09-12 11:22:15,030] DEBUG [Partition state machine on Controller 0]: Initializing leader and isr for partition [car-data,5] to (Leader:0,ISR:0,LeaderEpoch:0,ControllerEpoch:5) (kafka.controller.PartitionStateMachine)
[2018-09-12 11:22:15,108] DEBUG [Partition state machine on Controller 0]: Live assigned replicas for partition [car-data,1] are: [List(0)] (kafka.controller.PartitionStateMachine)
[2018-09-12 11:22:15,108] DEBUG [Partition state machine on Controller 0]: Initializing leader and isr for partition [car-data,1] to (Leader:0,ISR:0,LeaderEpoch:0,ControllerEpoch:5) (kafka.controller.PartitionStateMachine)
[2018-09-12 11:22:15,201] INFO [Replica state machine on controller 0]: Invoking state change to OnlineReplica for replicas [Topic=car-data,Partition=7,Replica=0],[Topic=car-data,Partition=2,Replica=0],[Topic=car-data,Partition=1,Replica=0],[Topic=car-data,Partition=11,Replica=0],[Topic=car-data,Partition=5,Replica=0],[Topic=car-data,Partition=10,Replica=0],[Topic=car-data,Partition=9,Replica=0],[Topic=car-data,Partition=12,Replica=0],[Topic=car-data,Partition=6,Replica=0],[Topic=car-data,Partition=0,Replica=0],[Topic=car-data,Partition=4,Replica=0],[Topic=car-data,Partition=8,Replica=0],[Topic=car-data,Partition=3,Replica=0] (kafka.controller.ReplicaStateMachine)
[2018-09-12 11:24:48,968] TRACE [Controller 0]: checking need to trigger partition rebalance (kafka.controller.KafkaController)
[2018-09-12 11:24:48,968] DEBUG [Controller 0]: preferred replicas by broker Map(0 -> Map([car-data,9] -> List(0), [car-data,7] -> List(0), [car-data,2] -> List(0), [car-data,12] -> List(0), [car-data,8] -> List(0), [car-data,6] -> List(0), [car-data,0] -> List(0), [car-data,10] -> List(0), [car-data,4] -> List(0), [car-data,3] -> List(0), [car-data,11] -> List(0), [car-data,5] -> List(0), [car-data,1] -> List(0))) (kafka.controller.KafkaController)
[2018-09-12 11:24:48,968] DEBUG [Controller 0]: topics not in preferred replica Map() (kafka.controller.KafkaController)
[2018-09-12 11:24:49,015] TRACE [Controller 0]: leader imbalance ratio for broker 0 is 0.000000 (kafka.controller.KafkaController)
[2018-09-12 11:29:48,962] TRACE [Controller 0]: checking need to trigger partition rebalance (kafka.controller.KafkaController)
[2018-09-12 11:29:48,962] DEBUG [Controller 0]: preferred replicas by broker Map(0 -> Map([car-data,9] -> List(0), [car-data,7] -> List(0), [car-data,2] -> List(0), [car-data,12] -> List(0), [car-data,8] -> List(0), [car-data,6] -> List(0), [car-data,0] -> List(0), [car-data,10] -> List(0), [car-data,4] -> List(0), [car-data,3] -> List(0), [car-data,11] -> List(0), [car-data,5] -> List(0), [car-data,1] -> List(0))) (kafka.controller.KafkaController)
[2018-09-12 11:29:48,962] DEBUG [Controller 0]: topics not in preferred replica Map() (kafka.controller.KafkaController)
[2018-09-12 11:29:48,962] TRACE [Controller 0]: leader imbalance ratio for broker 0 is 0.000000 (kafka.controller.KafkaController)
[2018-09-12 11:34:48,966] TRACE [Controller 0]: checking need to trigger partition rebalance (kafka.controller.KafkaController)
[2018-09-12 11:34:48,966] DEBUG [Controller 0]: preferred replicas by broker Map(0 -> Map([car-data,9] -> List(0), [car-data,7] -> List(0), [car-data,2] -> List(0), [car-data,12] -> List(0), [car-data,8] -> List(0), [car-data,6] -> List(0), [car-data,0] -> List(0), [car-data,10] -> List(0), [car-data,4] -> List(0), [car-data,3] -> List(0), [car-data,11] -> List(0), [car-data,5] -> List(0), [car-data,1] -> List(0))) (kafka.controller.KafkaController)
[2018-09-12 11:34:48,966] DEBUG [Controller 0]: topics not in preferred replica Map() (kafka.controller.KafkaController)
[2018-09-12 11:34:48,966] TRACE [Controller 0]: leader imbalance ratio for broker 0 is 0.000000 (kafka.controller.KafkaController)
[2018-09-12 11:39:48,960] TRACE [Controller 0]: checking need to trigger partition rebalance (kafka.controller.KafkaController)
[2018-09-12 11:39:48,960] DEBUG [Controller 0]: preferred replicas by broker Map(0 -> Map([car-data,9] -> List(0), [car-data,7] -> List(0), [car-data,2] -> List(0), [car-data,12] -> List(0), [car-data,8] -> List(0), [car-data,6] -> List(0), [car-data,0] -> List(0), [car-data,10] -> List(0), [car-data,4] -> List(0), [car-data,3] -> List(0), [car-data,11] -> List(0), [car-data,5] -> List(0), [car-data,1] -> List(0))) (kafka.controller.KafkaController)
[2018-09-12 11:39:48,960] DEBUG [Controller 0]: topics not in preferred replica Map() (kafka.controller.KafkaController)
[2018-09-12 11:39:48,960] TRACE [Controller 0]: leader imbalance ratio for broker 0 is 0.000000 (kafka.controller.KafkaController)
[2018-09-12 11:44:48,958] TRACE [Controller 0]: checking need to trigger partition rebalance (kafka.controller.KafkaController)
[2018-09-12 11:44:48,958] DEBUG [Controller 0]: preferred replicas by broker Map(0 -> Map([car-data,9] -> List(0), [car-data,7] -> List(0), [car-data,2] -> List(0), [car-data,12] -> List(0), [car-data,8] -> List(0), [car-data,6] -> List(0), [car-data,0] -> List(0), [car-data,10] -> List(0), [car-data,4] -> List(0), [car-data,3] -> List(0), [car-data,11] -> List(0), [car-data,5] -> List(0), [car-data,1] -> List(0))) (kafka.controller.KafkaController)
[2018-09-12 11:44:48,958] DEBUG [Controller 0]: topics not in preferred replica Map() (kafka.controller.KafkaController)
[2018-09-12 11:44:48,958] TRACE [Controller 0]: leader imbalance ratio for broker 0 is 0.000000 (kafka.controller.KafkaController)
[2018-09-12 11:49:48,962] TRACE [Controller 0]: checking need to trigger partition rebalance (kafka.controller.KafkaController)
[2018-09-12 11:49:48,962] DEBUG [Controller 0]: preferred replicas by broker Map(0 -> Map([car-data,9] -> List(0), [car-data,7] -> List(0), [car-data,2] -> List(0), [car-data,12] -> List(0), [car-data,8] -> List(0), [car-data,6] -> List(0), [car-data,0] -> List(0), [car-data,10] -> List(0), [car-data,4] -> List(0), [car-data,3] -> List(0), [car-data,11] -> List(0), [car-data,5] -> List(0), [car-data,1] -> List(0))) (kafka.controller.KafkaController)
[2018-09-12 11:49:48,962] DEBUG [Controller 0]: topics not in preferred replica Map() (kafka.controller.KafkaController)
[2018-09-12 11:49:48,962] TRACE [Controller 0]: leader imbalance ratio for broker 0 is 0.000000 (kafka.controller.KafkaController)
[2018-09-12 11:54:48,966] TRACE [Controller 0]: checking need to trigger partition rebalance (kafka.controller.KafkaController)
[2018-09-12 11:54:48,966] DEBUG [Controller 0]: preferred replicas by broker Map(0 -> Map([car-data,9] -> List(0), [car-data,7] -> List(0), [car-data,2] -> List(0), [car-data,12] -> List(0), [car-data,8] -> List(0), [car-data,6] -> List(0), [car-data,0] -> List(0), [car-data,10] -> List(0), [car-data,4] -> List(0), [car-data,3] -> List(0), [car-data,11] -> List(0), [car-data,5] -> List(0), [car-data,1] -> List(0))) (kafka.controller.KafkaController)
[2018-09-12 11:54:48,966] DEBUG [Controller 0]: topics not in preferred replica Map() (kafka.controller.KafkaController)
[2018-09-12 11:54:48,966] TRACE [Controller 0]: leader imbalance ratio for broker 0 is 0.000000 (kafka.controller.KafkaController)
[2018-09-12 11:59:48,954] TRACE [Controller 0]: checking need to trigger partition rebalance (kafka.controller.KafkaController)
[2018-09-12 11:59:48,954] DEBUG [Controller 0]: preferred replicas by broker Map(0 -> Map([car-data,9] -> List(0), [car-data,7] -> List(0), [car-data,2] -> List(0), [car-data,12] -> List(0), [car-data,8] -> List(0), [car-data,6] -> List(0), [car-data,0] -> List(0), [car-data,10] -> List(0), [car-data,4] -> List(0), [car-data,3] -> List(0), [car-data,11] -> List(0), [car-data,5] -> List(0), [car-data,1] -> List(0))) (kafka.controller.KafkaController)
[2018-09-12 11:59:48,954] DEBUG [Controller 0]: topics not in preferred replica Map() (kafka.controller.KafkaController)
[2018-09-12 11:59:48,954] TRACE [Controller 0]: leader imbalance ratio for broker 0 is 0.000000 (kafka.controller.KafkaController)
[2018-09-12 12:04:48,961] TRACE [Controller 0]: checking need to trigger partition rebalance (kafka.controller.KafkaController)
[2018-09-12 12:04:48,961] DEBUG [Controller 0]: preferred replicas by broker Map(0 -> Map([car-data,9] -> List(0), [car-data,7] -> List(0), [car-data,2] -> List(0), [car-data,12] -> List(0), [car-data,8] -> List(0), [car-data,6] -> List(0), [car-data,0] -> List(0), [car-data,10] -> List(0), [car-data,4] -> List(0), [car-data,3] -> List(0), [car-data,11] -> List(0), [car-data,5] -> List(0), [car-data,1] -> List(0))) (kafka.controller.KafkaController)
[2018-09-12 12:04:48,961] DEBUG [Controller 0]: topics not in preferred replica Map() (kafka.controller.KafkaController)
[2018-09-12 12:04:48,961] TRACE [Controller 0]: leader imbalance ratio for broker 0 is 0.000000 (kafka.controller.KafkaController)
[2018-09-12 12:09:48,965] TRACE [Controller 0]: checking need to trigger partition rebalance (kafka.controller.KafkaController)
[2018-09-12 12:09:48,965] DEBUG [Controller 0]: preferred replicas by broker Map(0 -> Map([car-data,9] -> List(0), [car-data,7] -> List(0), [car-data,2] -> List(0), [car-data,12] -> List(0), [car-data,8] -> List(0), [car-data,6] -> List(0), [car-data,0] -> List(0), [car-data,10] -> List(0), [car-data,4] -> List(0), [car-data,3] -> List(0), [car-data,11] -> List(0), [car-data,5] -> List(0), [car-data,1] -> List(0))) (kafka.controller.KafkaController)
[2018-09-12 12:09:48,965] DEBUG [Controller 0]: topics not in preferred replica Map() (kafka.controller.KafkaController)
[2018-09-12 12:09:48,965] TRACE [Controller 0]: leader imbalance ratio for broker 0 is 0.000000 (kafka.controller.KafkaController)
[2018-09-12 12:14:48,954] TRACE [Controller 0]: checking need to trigger partition rebalance (kafka.controller.KafkaController)
[2018-09-12 12:14:48,954] DEBUG [Controller 0]: preferred replicas by broker Map(0 -> Map([car-data,9] -> List(0), [car-data,7] -> List(0), [car-data,2] -> List(0), [car-data,12] -> List(0), [car-data,8] -> List(0), [car-data,6] -> List(0), [car-data,0] -> List(0), [car-data,10] -> List(0), [car-data,4] -> List(0), [car-data,3] -> List(0), [car-data,11] -> List(0), [car-data,5] -> List(0), [car-data,1] -> List(0))) (kafka.controller.KafkaController)
[2018-09-12 12:14:48,954] DEBUG [Controller 0]: topics not in preferred replica Map() (kafka.controller.KafkaController)
[2018-09-12 12:14:48,954] TRACE [Controller 0]: leader imbalance ratio for broker 0 is 0.000000 (kafka.controller.KafkaController)
[2018-09-12 12:19:48,958] TRACE [Controller 0]: checking need to trigger partition rebalance (kafka.controller.KafkaController)
[2018-09-12 12:19:48,958] DEBUG [Controller 0]: preferred replicas by broker Map(0 -> Map([car-data,9] -> List(0), [car-data,7] -> List(0), [car-data,2] -> List(0), [car-data,12] -> List(0), [car-data,8] -> List(0), [car-data,6] -> List(0), [car-data,0] -> List(0), [car-data,10] -> List(0), [car-data,4] -> List(0), [car-data,3] -> List(0), [car-data,11] -> List(0), [car-data,5] -> List(0), [car-data,1] -> List(0))) (kafka.controller.KafkaController)
[2018-09-12 12:19:48,958] DEBUG [Controller 0]: topics not in preferred replica Map() (kafka.controller.KafkaController)
[2018-09-12 12:19:48,958] TRACE [Controller 0]: leader imbalance ratio for broker 0 is 0.000000 (kafka.controller.KafkaController)
[2018-09-12 12:24:48,963] TRACE [Controller 0]: checking need to trigger partition rebalance (kafka.controller.KafkaController)
[2018-09-12 12:24:48,978] DEBUG [Controller 0]: preferred replicas by broker Map(0 -> Map([car-data,9] -> List(0), [car-data,7] -> List(0), [car-data,2] -> List(0), [car-data,12] -> List(0), [car-data,8] -> List(0), [car-data,6] -> List(0), [car-data,0] -> List(0), [car-data,10] -> List(0), [car-data,4] -> List(0), [car-data,3] -> List(0), [car-data,11] -> List(0), [car-data,5] -> List(0), [car-data,1] -> List(0))) (kafka.controller.KafkaController)
[2018-09-12 12:24:48,978] DEBUG [Controller 0]: topics not in preferred replica Map() (kafka.controller.KafkaController)
[2018-09-12 12:24:48,978] TRACE [Controller 0]: leader imbalance ratio for broker 0 is 0.000000 (kafka.controller.KafkaController)
[2018-09-12 12:29:48,964] TRACE [Controller 0]: checking need to trigger partition rebalance (kafka.controller.KafkaController)
[2018-09-12 12:29:48,964] DEBUG [Controller 0]: preferred replicas by broker Map(0 -> Map([car-data,9] -> List(0), [car-data,7] -> List(0), [car-data,2] -> List(0), [car-data,12] -> List(0), [car-data,8] -> List(0), [car-data,6] -> List(0), [car-data,0] -> List(0), [car-data,10] -> List(0), [car-data,4] -> List(0), [car-data,3] -> List(0), [car-data,11] -> List(0), [car-data,5] -> List(0), [car-data,1] -> List(0))) (kafka.controller.KafkaController)
[2018-09-12 12:29:48,964] DEBUG [Controller 0]: topics not in preferred replica Map() (kafka.controller.KafkaController)
[2018-09-12 12:29:48,964] TRACE [Controller 0]: leader imbalance ratio for broker 0 is 0.000000 (kafka.controller.KafkaController)
[2018-09-12 12:32:24,871] DEBUG [TopicChangeListener on Controller 0]: Topic change listener fired for path /brokers/topics with children car-data,car-ata (kafka.controller.PartitionStateMachine$TopicChangeListener)
[2018-09-12 12:32:24,871] INFO [TopicChangeListener on Controller 0]: New topics: [Set(car-ata)], deleted topics: [Set()], new partition replica assignment [Map([car-ata,0] -> List(0))] (kafka.controller.PartitionStateMachine$TopicChangeListener)
[2018-09-12 12:32:24,871] INFO [Controller 0]: New topic creation callback for [car-ata,0] (kafka.controller.KafkaController)
[2018-09-12 12:32:24,871] INFO [Controller 0]: New partition creation callback for [car-ata,0] (kafka.controller.KafkaController)
[2018-09-12 12:32:24,871] INFO [Partition state machine on Controller 0]: Invoking state change to NewPartition for partitions [car-ata,0] (kafka.controller.PartitionStateMachine)
[2018-09-12 12:32:24,887] INFO [Replica state machine on controller 0]: Invoking state change to NewReplica for replicas [Topic=car-ata,Partition=0,Replica=0] (kafka.controller.ReplicaStateMachine)
[2018-09-12 12:32:24,887] INFO [Partition state machine on Controller 0]: Invoking state change to OnlinePartition for partitions [car-ata,0] (kafka.controller.PartitionStateMachine)
[2018-09-12 12:32:24,887] DEBUG [Partition state machine on Controller 0]: Live assigned replicas for partition [car-ata,0] are: [List(0)] (kafka.controller.PartitionStateMachine)
[2018-09-12 12:32:24,887] DEBUG [Partition state machine on Controller 0]: Initializing leader and isr for partition [car-ata,0] to (Leader:0,ISR:0,LeaderEpoch:0,ControllerEpoch:5) (kafka.controller.PartitionStateMachine)
[2018-09-12 12:32:25,401] INFO [Replica state machine on controller 0]: Invoking state change to OnlineReplica for replicas [Topic=car-ata,Partition=0,Replica=0] (kafka.controller.ReplicaStateMachine)
[2018-09-12 12:32:25,433] INFO [Controller-0-to-broker-0-send-thread], Controller 0 connected to user-PC:9092 (id: 0 rack: null) for sending state change requests (kafka.controller.RequestSendThread)
[2018-09-12 12:34:48,953] TRACE [Controller 0]: checking need to trigger partition rebalance (kafka.controller.KafkaController)
[2018-09-12 12:34:48,953] DEBUG [Controller 0]: preferred replicas by broker Map(0 -> Map([car-data,9] -> List(0), [car-ata,0] -> List(0), [car-data,7] -> List(0), [car-data,2] -> List(0), [car-data,12] -> List(0), [car-data,8] -> List(0), [car-data,6] -> List(0), [car-data,0] -> List(0), [car-data,10] -> List(0), [car-data,4] -> List(0), [car-data,3] -> List(0), [car-data,11] -> List(0), [car-data,5] -> List(0), [car-data,1] -> List(0))) (kafka.controller.KafkaController)
[2018-09-12 12:34:48,953] DEBUG [Controller 0]: topics not in preferred replica Map() (kafka.controller.KafkaController)
[2018-09-12 12:34:48,953] TRACE [Controller 0]: leader imbalance ratio for broker 0 is 0.000000 (kafka.controller.KafkaController)
