[2018-09-12 08:55:45,876] INFO Starting the log cleaner (kafka.log.LogCleaner)
[2018-09-12 08:55:45,876] INFO [kafka-log-cleaner-thread-0], Starting  (kafka.log.LogCleaner)
[2018-09-12 09:17:36,258] INFO Starting the log cleaner (kafka.log.LogCleaner)
[2018-09-12 09:17:36,258] INFO [kafka-log-cleaner-thread-0], Starting  (kafka.log.LogCleaner)
[2018-09-12 09:36:23,701] INFO Starting the log cleaner (kafka.log.LogCleaner)
[2018-09-12 09:36:23,701] INFO [kafka-log-cleaner-thread-0], Starting  (kafka.log.LogCleaner)
[2018-09-12 09:38:50,152] INFO The cleaning for partition test-0 is aborted and paused (kafka.log.LogCleaner)
[2018-09-12 09:38:50,152] INFO Compaction for partition test-0 is resumed (kafka.log.LogCleaner)
[2018-09-12 09:38:50,152] INFO The cleaning for partition test-0 is aborted (kafka.log.LogCleaner)
[2018-09-12 09:40:07,668] INFO The cleaning for partition car-data-0 is aborted and paused (kafka.log.LogCleaner)
[2018-09-12 09:40:07,668] INFO Compaction for partition car-data-0 is resumed (kafka.log.LogCleaner)
[2018-09-12 09:40:07,668] INFO The cleaning for partition car-data-0 is aborted (kafka.log.LogCleaner)
[2018-09-12 09:40:07,746] INFO The cleaning for partition car-data-1 is aborted and paused (kafka.log.LogCleaner)
[2018-09-12 09:40:07,746] INFO Compaction for partition car-data-1 is resumed (kafka.log.LogCleaner)
[2018-09-12 09:40:07,746] INFO The cleaning for partition car-data-1 is aborted (kafka.log.LogCleaner)
[2018-09-12 11:19:43,428] INFO Starting the log cleaner (kafka.log.LogCleaner)
[2018-09-12 11:19:43,428] INFO [kafka-log-cleaner-thread-0], Starting  (kafka.log.LogCleaner)
[2018-09-12 11:21:12,115] INFO The cleaning for partition car-data-0 is aborted and paused (kafka.log.LogCleaner)
[2018-09-12 11:21:12,115] INFO Compaction for partition car-data-0 is resumed (kafka.log.LogCleaner)
[2018-09-12 11:21:12,115] INFO The cleaning for partition car-data-0 is aborted (kafka.log.LogCleaner)
[2018-09-12 11:21:12,224] INFO The cleaning for partition car-data-1 is aborted and paused (kafka.log.LogCleaner)
[2018-09-12 11:21:12,224] INFO Compaction for partition car-data-1 is resumed (kafka.log.LogCleaner)
[2018-09-12 11:21:12,224] INFO The cleaning for partition car-data-1 is aborted (kafka.log.LogCleaner)
