[2018-09-10 17:32:21,708] INFO KafkaConfig values: 
	advertised.host.name = null
	advertised.listeners = null
	advertised.port = null
	authorizer.class.name = 
	auto.create.topics.enable = true
	auto.leader.rebalance.enable = true
	background.threads = 10
	broker.id = 0
	broker.id.generation.enable = true
	broker.rack = null
	compression.type = producer
	connections.max.idle.ms = 600000
	controlled.shutdown.enable = true
	controlled.shutdown.max.retries = 3
	controlled.shutdown.retry.backoff.ms = 5000
	controller.socket.timeout.ms = 30000
	create.topic.policy.class.name = null
	default.replication.factor = 1
	delete.topic.enable = false
	fetch.purgatory.purge.interval.requests = 1000
	group.max.session.timeout.ms = 300000
	group.min.session.timeout.ms = 6000
	host.name = 
	inter.broker.listener.name = null
	inter.broker.protocol.version = 0.10.2-IV0
	leader.imbalance.check.interval.seconds = 300
	leader.imbalance.per.broker.percentage = 10
	listener.security.protocol.map = SSL:SSL,SASL_PLAINTEXT:SASL_PLAINTEXT,TRACE:TRACE,SASL_SSL:SASL_SSL,PLAINTEXT:PLAINTEXT
	listeners = null
	log.cleaner.backoff.ms = 15000
	log.cleaner.dedupe.buffer.size = 134217728
	log.cleaner.delete.retention.ms = 86400000
	log.cleaner.enable = true
	log.cleaner.io.buffer.load.factor = 0.9
	log.cleaner.io.buffer.size = 524288
	log.cleaner.io.max.bytes.per.second = 1.7976931348623157E308
	log.cleaner.min.cleanable.ratio = 0.5
	log.cleaner.min.compaction.lag.ms = 0
	log.cleaner.threads = 1
	log.cleanup.policy = [delete]
	log.dir = /tmp/kafka-logs
	log.dirs = /tmp/kafka-logs
	log.flush.interval.messages = 9223372036854775807
	log.flush.interval.ms = null
	log.flush.offset.checkpoint.interval.ms = 60000
	log.flush.scheduler.interval.ms = 9223372036854775807
	log.index.interval.bytes = 4096
	log.index.size.max.bytes = 10485760
	log.message.format.version = 0.10.2-IV0
	log.message.timestamp.difference.max.ms = 9223372036854775807
	log.message.timestamp.type = CreateTime
	log.preallocate = false
	log.retention.bytes = -1
	log.retention.check.interval.ms = 300000
	log.retention.hours = 168
	log.retention.minutes = null
	log.retention.ms = null
	log.roll.hours = 168
	log.roll.jitter.hours = 0
	log.roll.jitter.ms = null
	log.roll.ms = null
	log.segment.bytes = 1073741824
	log.segment.delete.delay.ms = 60000
	max.connections.per.ip = 2147483647
	max.connections.per.ip.overrides = 
	message.max.bytes = 1000012
	metric.reporters = []
	metrics.num.samples = 2
	metrics.recording.level = INFO
	metrics.sample.window.ms = 30000
	min.insync.replicas = 1
	num.io.threads = 8
	num.network.threads = 3
	num.partitions = 1
	num.recovery.threads.per.data.dir = 1
	num.replica.fetchers = 1
	offset.metadata.max.bytes = 4096
	offsets.commit.required.acks = -1
	offsets.commit.timeout.ms = 5000
	offsets.load.buffer.size = 5242880
	offsets.retention.check.interval.ms = 600000
	offsets.retention.minutes = 1440
	offsets.topic.compression.codec = 0
	offsets.topic.num.partitions = 50
	offsets.topic.replication.factor = 3
	offsets.topic.segment.bytes = 104857600
	port = 9092
	principal.builder.class = class org.apache.kafka.common.security.auth.DefaultPrincipalBuilder
	producer.purgatory.purge.interval.requests = 1000
	queued.max.requests = 500
	quota.consumer.default = 9223372036854775807
	quota.producer.default = 9223372036854775807
	quota.window.num = 11
	quota.window.size.seconds = 1
	replica.fetch.backoff.ms = 1000
	replica.fetch.max.bytes = 1048576
	replica.fetch.min.bytes = 1
	replica.fetch.response.max.bytes = 10485760
	replica.fetch.wait.max.ms = 500
	replica.high.watermark.checkpoint.interval.ms = 5000
	replica.lag.time.max.ms = 10000
	replica.socket.receive.buffer.bytes = 65536
	replica.socket.timeout.ms = 30000
	replication.quota.window.num = 11
	replication.quota.window.size.seconds = 1
	request.timeout.ms = 30000
	reserved.broker.max.id = 1000
	sasl.enabled.mechanisms = [GSSAPI]
	sasl.kerberos.kinit.cmd = /usr/bin/kinit
	sasl.kerberos.min.time.before.relogin = 60000
	sasl.kerberos.principal.to.local.rules = [DEFAULT]
	sasl.kerberos.service.name = null
	sasl.kerberos.ticket.renew.jitter = 0.05
	sasl.kerberos.ticket.renew.window.factor = 0.8
	sasl.mechanism.inter.broker.protocol = GSSAPI
	security.inter.broker.protocol = PLAINTEXT
	socket.receive.buffer.bytes = 102400
	socket.request.max.bytes = 104857600
	socket.send.buffer.bytes = 102400
	ssl.cipher.suites = null
	ssl.client.auth = none
	ssl.enabled.protocols = [TLSv1.2, TLSv1.1, TLSv1]
	ssl.endpoint.identification.algorithm = null
	ssl.key.password = null
	ssl.keymanager.algorithm = SunX509
	ssl.keystore.location = null
	ssl.keystore.password = null
	ssl.keystore.type = JKS
	ssl.protocol = TLS
	ssl.provider = null
	ssl.secure.random.implementation = null
	ssl.trustmanager.algorithm = PKIX
	ssl.truststore.location = null
	ssl.truststore.password = null
	ssl.truststore.type = JKS
	unclean.leader.election.enable = true
	zookeeper.connect = localhost:2181
	zookeeper.connection.timeout.ms = 6000
	zookeeper.session.timeout.ms = 6000
	zookeeper.set.acl = false
	zookeeper.sync.time.ms = 2000
 (kafka.server.KafkaConfig)
[2018-09-10 17:32:21,973] INFO starting (kafka.server.KafkaServer)
[2018-09-10 17:32:21,988] INFO Connecting to zookeeper on localhost:2181 (kafka.server.KafkaServer)
[2018-09-10 17:32:30,132] FATAL Fatal error during KafkaServer startup. Prepare to shutdown (kafka.server.KafkaServer)
org.I0Itec.zkclient.exception.ZkTimeoutException: Unable to connect to zookeeper server 'localhost:2181' with timeout of 6000 ms
	at org.I0Itec.zkclient.ZkClient.connect(ZkClient.java:1233)
	at org.I0Itec.zkclient.ZkClient.<init>(ZkClient.java:157)
	at org.I0Itec.zkclient.ZkClient.<init>(ZkClient.java:131)
	at kafka.utils.ZkUtils$.createZkClientAndConnection(ZkUtils.scala:106)
	at kafka.utils.ZkUtils$.apply(ZkUtils.scala:88)
	at kafka.server.KafkaServer.initZk(KafkaServer.scala:326)
	at kafka.server.KafkaServer.startup(KafkaServer.scala:187)
	at kafka.server.KafkaServerStartable.startup(KafkaServerStartable.scala:39)
	at kafka.Kafka$.main(Kafka.scala:67)
	at kafka.Kafka.main(Kafka.scala)
[2018-09-10 17:32:30,147] INFO shutting down (kafka.server.KafkaServer)
[2018-09-10 17:32:30,163] INFO shut down completed (kafka.server.KafkaServer)
[2018-09-10 17:32:30,163] FATAL Fatal error during KafkaServerStartable startup. Prepare to shutdown (kafka.server.KafkaServerStartable)
org.I0Itec.zkclient.exception.ZkTimeoutException: Unable to connect to zookeeper server 'localhost:2181' with timeout of 6000 ms
	at org.I0Itec.zkclient.ZkClient.connect(ZkClient.java:1233)
	at org.I0Itec.zkclient.ZkClient.<init>(ZkClient.java:157)
	at org.I0Itec.zkclient.ZkClient.<init>(ZkClient.java:131)
	at kafka.utils.ZkUtils$.createZkClientAndConnection(ZkUtils.scala:106)
	at kafka.utils.ZkUtils$.apply(ZkUtils.scala:88)
	at kafka.server.KafkaServer.initZk(KafkaServer.scala:326)
	at kafka.server.KafkaServer.startup(KafkaServer.scala:187)
	at kafka.server.KafkaServerStartable.startup(KafkaServerStartable.scala:39)
	at kafka.Kafka$.main(Kafka.scala:67)
	at kafka.Kafka.main(Kafka.scala)
[2018-09-10 17:32:30,163] INFO shutting down (kafka.server.KafkaServer)
[2018-09-12 08:55:43,458] INFO KafkaConfig values: 
	advertised.host.name = null
	advertised.listeners = null
	advertised.port = null
	authorizer.class.name = 
	auto.create.topics.enable = true
	auto.leader.rebalance.enable = true
	background.threads = 10
	broker.id = 0
	broker.id.generation.enable = true
	broker.rack = null
	compression.type = producer
	connections.max.idle.ms = 600000
	controlled.shutdown.enable = true
	controlled.shutdown.max.retries = 3
	controlled.shutdown.retry.backoff.ms = 5000
	controller.socket.timeout.ms = 30000
	create.topic.policy.class.name = null
	default.replication.factor = 1
	delete.topic.enable = false
	fetch.purgatory.purge.interval.requests = 1000
	group.max.session.timeout.ms = 300000
	group.min.session.timeout.ms = 6000
	host.name = 
	inter.broker.listener.name = null
	inter.broker.protocol.version = 0.10.2-IV0
	leader.imbalance.check.interval.seconds = 300
	leader.imbalance.per.broker.percentage = 10
	listener.security.protocol.map = SSL:SSL,SASL_PLAINTEXT:SASL_PLAINTEXT,TRACE:TRACE,SASL_SSL:SASL_SSL,PLAINTEXT:PLAINTEXT
	listeners = null
	log.cleaner.backoff.ms = 15000
	log.cleaner.dedupe.buffer.size = 134217728
	log.cleaner.delete.retention.ms = 86400000
	log.cleaner.enable = true
	log.cleaner.io.buffer.load.factor = 0.9
	log.cleaner.io.buffer.size = 524288
	log.cleaner.io.max.bytes.per.second = 1.7976931348623157E308
	log.cleaner.min.cleanable.ratio = 0.5
	log.cleaner.min.compaction.lag.ms = 0
	log.cleaner.threads = 1
	log.cleanup.policy = [delete]
	log.dir = /tmp/kafka-logs
	log.dirs = D:programsApacheKafkakafka-trainingkafkalogs
	log.flush.interval.messages = 9223372036854775807
	log.flush.interval.ms = null
	log.flush.offset.checkpoint.interval.ms = 60000
	log.flush.scheduler.interval.ms = 9223372036854775807
	log.index.interval.bytes = 4096
	log.index.size.max.bytes = 10485760
	log.message.format.version = 0.10.2-IV0
	log.message.timestamp.difference.max.ms = 9223372036854775807
	log.message.timestamp.type = CreateTime
	log.preallocate = false
	log.retention.bytes = -1
	log.retention.check.interval.ms = 300000
	log.retention.hours = 168
	log.retention.minutes = null
	log.retention.ms = null
	log.roll.hours = 168
	log.roll.jitter.hours = 0
	log.roll.jitter.ms = null
	log.roll.ms = null
	log.segment.bytes = 1073741824
	log.segment.delete.delay.ms = 60000
	max.connections.per.ip = 2147483647
	max.connections.per.ip.overrides = 
	message.max.bytes = 1000012
	metric.reporters = []
	metrics.num.samples = 2
	metrics.recording.level = INFO
	metrics.sample.window.ms = 30000
	min.insync.replicas = 1
	num.io.threads = 8
	num.network.threads = 3
	num.partitions = 1
	num.recovery.threads.per.data.dir = 1
	num.replica.fetchers = 1
	offset.metadata.max.bytes = 4096
	offsets.commit.required.acks = -1
	offsets.commit.timeout.ms = 5000
	offsets.load.buffer.size = 5242880
	offsets.retention.check.interval.ms = 600000
	offsets.retention.minutes = 1440
	offsets.topic.compression.codec = 0
	offsets.topic.num.partitions = 50
	offsets.topic.replication.factor = 3
	offsets.topic.segment.bytes = 104857600
	port = 9092
	principal.builder.class = class org.apache.kafka.common.security.auth.DefaultPrincipalBuilder
	producer.purgatory.purge.interval.requests = 1000
	queued.max.requests = 500
	quota.consumer.default = 9223372036854775807
	quota.producer.default = 9223372036854775807
	quota.window.num = 11
	quota.window.size.seconds = 1
	replica.fetch.backoff.ms = 1000
	replica.fetch.max.bytes = 1048576
	replica.fetch.min.bytes = 1
	replica.fetch.response.max.bytes = 10485760
	replica.fetch.wait.max.ms = 500
	replica.high.watermark.checkpoint.interval.ms = 5000
	replica.lag.time.max.ms = 10000
	replica.socket.receive.buffer.bytes = 65536
	replica.socket.timeout.ms = 30000
	replication.quota.window.num = 11
	replication.quota.window.size.seconds = 1
	request.timeout.ms = 30000
	reserved.broker.max.id = 1000
	sasl.enabled.mechanisms = [GSSAPI]
	sasl.kerberos.kinit.cmd = /usr/bin/kinit
	sasl.kerberos.min.time.before.relogin = 60000
	sasl.kerberos.principal.to.local.rules = [DEFAULT]
	sasl.kerberos.service.name = null
	sasl.kerberos.ticket.renew.jitter = 0.05
	sasl.kerberos.ticket.renew.window.factor = 0.8
	sasl.mechanism.inter.broker.protocol = GSSAPI
	security.inter.broker.protocol = PLAINTEXT
	socket.receive.buffer.bytes = 102400
	socket.request.max.bytes = 104857600
	socket.send.buffer.bytes = 102400
	ssl.cipher.suites = null
	ssl.client.auth = none
	ssl.enabled.protocols = [TLSv1.2, TLSv1.1, TLSv1]
	ssl.endpoint.identification.algorithm = null
	ssl.key.password = null
	ssl.keymanager.algorithm = SunX509
	ssl.keystore.location = null
	ssl.keystore.password = null
	ssl.keystore.type = JKS
	ssl.protocol = TLS
	ssl.provider = null
	ssl.secure.random.implementation = null
	ssl.trustmanager.algorithm = PKIX
	ssl.truststore.location = null
	ssl.truststore.password = null
	ssl.truststore.type = JKS
	unclean.leader.election.enable = true
	zookeeper.connect = localhost:2181
	zookeeper.connection.timeout.ms = 6000
	zookeeper.session.timeout.ms = 6000
	zookeeper.set.acl = false
	zookeeper.sync.time.ms = 2000
 (kafka.server.KafkaConfig)
[2018-09-12 08:55:43,864] INFO starting (kafka.server.KafkaServer)
[2018-09-12 08:55:43,926] INFO Connecting to zookeeper on localhost:2181 (kafka.server.KafkaServer)
[2018-09-12 08:55:44,956] INFO Cluster ID = ZaXU69UmQP6Np7JjrYetJw (kafka.server.KafkaServer)
[2018-09-12 08:55:45,034] WARN No meta.properties file under dir D:\programs\ApacheKafka\kafka-training\kafka\programsApacheKafkakafka-trainingkafkalogs\meta.properties (kafka.server.BrokerMetadataCheckpoint)
[2018-09-12 08:55:45,237] INFO [ThrottledRequestReaper-Fetch], Starting  (kafka.server.ClientQuotaManager$ThrottledRequestReaper)
[2018-09-12 08:55:45,252] INFO [ThrottledRequestReaper-Produce], Starting  (kafka.server.ClientQuotaManager$ThrottledRequestReaper)
[2018-09-12 08:55:45,455] INFO Log directory 'D:\programs\ApacheKafka\kafka-training\kafka\programsApacheKafkakafka-trainingkafkalogs' not found, creating it. (kafka.log.LogManager)
[2018-09-12 08:55:45,502] INFO Loading logs. (kafka.log.LogManager)
[2018-09-12 08:55:45,564] INFO Logs loading complete in 62 ms. (kafka.log.LogManager)
[2018-09-12 08:55:45,845] INFO Starting log cleanup with a period of 300000 ms. (kafka.log.LogManager)
[2018-09-12 08:55:45,876] INFO Starting log flusher with a default period of 9223372036854775807 ms. (kafka.log.LogManager)
[2018-09-12 08:55:46,110] INFO Awaiting socket connections on 0.0.0.0:9092. (kafka.network.Acceptor)
[2018-09-12 08:55:46,110] INFO [Socket Server on Broker 0], Started 1 acceptor threads (kafka.network.SocketServer)
[2018-09-12 08:55:46,220] INFO [ExpirationReaper-0], Starting  (kafka.server.DelayedOperationPurgatory$ExpiredOperationReaper)
[2018-09-12 08:55:46,220] INFO [ExpirationReaper-0], Starting  (kafka.server.DelayedOperationPurgatory$ExpiredOperationReaper)
[2018-09-12 08:55:46,391] INFO Creating /controller (is it secure? false) (kafka.utils.ZKCheckedEphemeral)
[2018-09-12 08:55:46,578] INFO Result of znode creation is: OK (kafka.utils.ZKCheckedEphemeral)
[2018-09-12 08:55:46,578] INFO 0 successfully elected as leader (kafka.server.ZookeeperLeaderElector)
[2018-09-12 08:55:47,046] INFO [ExpirationReaper-0], Starting  (kafka.server.DelayedOperationPurgatory$ExpiredOperationReaper)
[2018-09-12 08:55:47,093] INFO [ExpirationReaper-0], Starting  (kafka.server.DelayedOperationPurgatory$ExpiredOperationReaper)
[2018-09-12 08:55:47,093] INFO [ExpirationReaper-0], Starting  (kafka.server.DelayedOperationPurgatory$ExpiredOperationReaper)
[2018-09-12 08:55:47,140] INFO [GroupCoordinator 0]: Starting up. (kafka.coordinator.GroupCoordinator)
[2018-09-12 08:55:47,156] INFO [GroupCoordinator 0]: Startup complete. (kafka.coordinator.GroupCoordinator)
[2018-09-12 08:55:47,156] INFO [Group Metadata Manager on Broker 0]: Removed 0 expired offsets in 0 milliseconds. (kafka.coordinator.GroupMetadataManager)
[2018-09-12 08:55:47,312] INFO Will not load MX4J, mx4j-tools.jar is not in the classpath (kafka.utils.Mx4jLoader$)
[2018-09-12 08:55:47,452] INFO Creating /brokers/ids/0 (is it secure? false) (kafka.utils.ZKCheckedEphemeral)
[2018-09-12 08:55:47,530] INFO Result of znode creation is: OK (kafka.utils.ZKCheckedEphemeral)
[2018-09-12 08:55:47,530] INFO Registered broker 0 at path /brokers/ids/0 with addresses: EndPoint(user-PC,9092,ListenerName(PLAINTEXT),PLAINTEXT) (kafka.utils.ZkUtils)
[2018-09-12 08:55:47,546] WARN No meta.properties file under dir D:\programs\ApacheKafka\kafka-training\kafka\programsApacheKafkakafka-trainingkafkalogs\meta.properties (kafka.server.BrokerMetadataCheckpoint)
[2018-09-12 08:55:47,764] INFO New leader is 0 (kafka.server.ZookeeperLeaderElector$LeaderChangeListener)
[2018-09-12 08:55:47,858] INFO [Kafka Server 0], started (kafka.server.KafkaServer)
[2018-09-12 08:59:15,820] INFO [ReplicaFetcherManager on broker 0] Removed fetcher for partitions test-0 (kafka.server.ReplicaFetcherManager)
[2018-09-12 08:59:16,164] INFO Completed load of log test-0 with 1 log segments and log end offset 0 in 125 ms (kafka.log.Log)
[2018-09-12 08:59:16,179] INFO Created log for partition [test,0] in D:\programs\ApacheKafka\kafka-training\kafka\programsApacheKafkakafka-trainingkafkalogs with properties {compression.type -> producer, message.format.version -> 0.10.2-IV0, file.delete.delay.ms -> 60000, max.message.bytes -> 1000012, min.compaction.lag.ms -> 0, message.timestamp.type -> CreateTime, min.insync.replicas -> 1, segment.jitter.ms -> 0, preallocate -> false, min.cleanable.dirty.ratio -> 0.5, index.interval.bytes -> 4096, unclean.leader.election.enable -> true, retention.bytes -> -1, delete.retention.ms -> 86400000, cleanup.policy -> [delete], flush.ms -> 9223372036854775807, segment.ms -> 604800000, segment.bytes -> 1073741824, retention.ms -> 604800000, message.timestamp.difference.max.ms -> 9223372036854775807, segment.index.bytes -> 10485760, flush.messages -> 9223372036854775807}. (kafka.log.LogManager)
[2018-09-12 08:59:16,179] INFO Partition [test,0] on broker 0: No checkpointed highwatermark is found for partition test-0 (kafka.cluster.Partition)
[2018-09-12 09:05:47,162] INFO [Group Metadata Manager on Broker 0]: Removed 0 expired offsets in 0 milliseconds. (kafka.coordinator.GroupMetadataManager)
[2018-09-12 09:17:35,213] INFO KafkaConfig values: 
	advertised.host.name = null
	advertised.listeners = null
	advertised.port = null
	authorizer.class.name = 
	auto.create.topics.enable = true
	auto.leader.rebalance.enable = true
	background.threads = 10
	broker.id = 0
	broker.id.generation.enable = true
	broker.rack = null
	compression.type = producer
	connections.max.idle.ms = 600000
	controlled.shutdown.enable = true
	controlled.shutdown.max.retries = 3
	controlled.shutdown.retry.backoff.ms = 5000
	controller.socket.timeout.ms = 30000
	create.topic.policy.class.name = null
	default.replication.factor = 1
	delete.topic.enable = false
	fetch.purgatory.purge.interval.requests = 1000
	group.max.session.timeout.ms = 300000
	group.min.session.timeout.ms = 6000
	host.name = 
	inter.broker.listener.name = null
	inter.broker.protocol.version = 0.10.2-IV0
	leader.imbalance.check.interval.seconds = 300
	leader.imbalance.per.broker.percentage = 10
	listener.security.protocol.map = SSL:SSL,SASL_PLAINTEXT:SASL_PLAINTEXT,TRACE:TRACE,SASL_SSL:SASL_SSL,PLAINTEXT:PLAINTEXT
	listeners = null
	log.cleaner.backoff.ms = 15000
	log.cleaner.dedupe.buffer.size = 134217728
	log.cleaner.delete.retention.ms = 86400000
	log.cleaner.enable = true
	log.cleaner.io.buffer.load.factor = 0.9
	log.cleaner.io.buffer.size = 524288
	log.cleaner.io.max.bytes.per.second = 1.7976931348623157E308
	log.cleaner.min.cleanable.ratio = 0.5
	log.cleaner.min.compaction.lag.ms = 0
	log.cleaner.threads = 1
	log.cleanup.policy = [delete]
	log.dir = /tmp/kafka-logs
	log.dirs = D:programsApacheKafkakafka-trainingkafkalogs
	log.flush.interval.messages = 9223372036854775807
	log.flush.interval.ms = null
	log.flush.offset.checkpoint.interval.ms = 60000
	log.flush.scheduler.interval.ms = 9223372036854775807
	log.index.interval.bytes = 4096
	log.index.size.max.bytes = 10485760
	log.message.format.version = 0.10.2-IV0
	log.message.timestamp.difference.max.ms = 9223372036854775807
	log.message.timestamp.type = CreateTime
	log.preallocate = false
	log.retention.bytes = -1
	log.retention.check.interval.ms = 300000
	log.retention.hours = 168
	log.retention.minutes = null
	log.retention.ms = null
	log.roll.hours = 168
	log.roll.jitter.hours = 0
	log.roll.jitter.ms = null
	log.roll.ms = null
	log.segment.bytes = 1073741824
	log.segment.delete.delay.ms = 60000
	max.connections.per.ip = 2147483647
	max.connections.per.ip.overrides = 
	message.max.bytes = 1000012
	metric.reporters = []
	metrics.num.samples = 2
	metrics.recording.level = INFO
	metrics.sample.window.ms = 30000
	min.insync.replicas = 1
	num.io.threads = 8
	num.network.threads = 3
	num.partitions = 1
	num.recovery.threads.per.data.dir = 1
	num.replica.fetchers = 1
	offset.metadata.max.bytes = 4096
	offsets.commit.required.acks = -1
	offsets.commit.timeout.ms = 5000
	offsets.load.buffer.size = 5242880
	offsets.retention.check.interval.ms = 600000
	offsets.retention.minutes = 1440
	offsets.topic.compression.codec = 0
	offsets.topic.num.partitions = 50
	offsets.topic.replication.factor = 3
	offsets.topic.segment.bytes = 104857600
	port = 9092
	principal.builder.class = class org.apache.kafka.common.security.auth.DefaultPrincipalBuilder
	producer.purgatory.purge.interval.requests = 1000
	queued.max.requests = 500
	quota.consumer.default = 9223372036854775807
	quota.producer.default = 9223372036854775807
	quota.window.num = 11
	quota.window.size.seconds = 1
	replica.fetch.backoff.ms = 1000
	replica.fetch.max.bytes = 1048576
	replica.fetch.min.bytes = 1
	replica.fetch.response.max.bytes = 10485760
	replica.fetch.wait.max.ms = 500
	replica.high.watermark.checkpoint.interval.ms = 5000
	replica.lag.time.max.ms = 10000
	replica.socket.receive.buffer.bytes = 65536
	replica.socket.timeout.ms = 30000
	replication.quota.window.num = 11
	replication.quota.window.size.seconds = 1
	request.timeout.ms = 30000
	reserved.broker.max.id = 1000
	sasl.enabled.mechanisms = [GSSAPI]
	sasl.kerberos.kinit.cmd = /usr/bin/kinit
	sasl.kerberos.min.time.before.relogin = 60000
	sasl.kerberos.principal.to.local.rules = [DEFAULT]
	sasl.kerberos.service.name = null
	sasl.kerberos.ticket.renew.jitter = 0.05
	sasl.kerberos.ticket.renew.window.factor = 0.8
	sasl.mechanism.inter.broker.protocol = GSSAPI
	security.inter.broker.protocol = PLAINTEXT
	socket.receive.buffer.bytes = 102400
	socket.request.max.bytes = 104857600
	socket.send.buffer.bytes = 102400
	ssl.cipher.suites = null
	ssl.client.auth = none
	ssl.enabled.protocols = [TLSv1.2, TLSv1.1, TLSv1]
	ssl.endpoint.identification.algorithm = null
	ssl.key.password = null
	ssl.keymanager.algorithm = SunX509
	ssl.keystore.location = null
	ssl.keystore.password = null
	ssl.keystore.type = JKS
	ssl.protocol = TLS
	ssl.provider = null
	ssl.secure.random.implementation = null
	ssl.trustmanager.algorithm = PKIX
	ssl.truststore.location = null
	ssl.truststore.password = null
	ssl.truststore.type = JKS
	unclean.leader.election.enable = true
	zookeeper.connect = localhost:2181
	zookeeper.connection.timeout.ms = 6000
	zookeeper.session.timeout.ms = 6000
	zookeeper.set.acl = false
	zookeeper.sync.time.ms = 2000
 (kafka.server.KafkaConfig)
[2018-09-12 09:17:35,338] INFO starting (kafka.server.KafkaServer)
[2018-09-12 09:17:35,338] INFO Connecting to zookeeper on localhost:2181 (kafka.server.KafkaServer)
[2018-09-12 09:17:35,790] INFO Cluster ID = ZaXU69UmQP6Np7JjrYetJw (kafka.server.KafkaServer)
[2018-09-12 09:17:35,821] INFO [ThrottledRequestReaper-Fetch], Starting  (kafka.server.ClientQuotaManager$ThrottledRequestReaper)
[2018-09-12 09:17:35,821] INFO [ThrottledRequestReaper-Produce], Starting  (kafka.server.ClientQuotaManager$ThrottledRequestReaper)
[2018-09-12 09:17:35,899] INFO Loading logs. (kafka.log.LogManager)
[2018-09-12 09:17:35,993] WARN Found a corrupted index file due to requirement failed: Corrupt index found, index file (D:\programs\ApacheKafka\kafka-training\kafka\programsApacheKafkakafka-trainingkafkalogs\test-0\00000000000000000000.index) has non-zero size but the last offset is 0 which is no larger than the base offset 0.}. deleting D:\programs\ApacheKafka\kafka-training\kafka\programsApacheKafkakafka-trainingkafkalogs\test-0\00000000000000000000.timeindex, D:\programs\ApacheKafka\kafka-training\kafka\programsApacheKafkakafka-trainingkafkalogs\test-0\00000000000000000000.index and rebuilding index... (kafka.log.Log)
[2018-09-12 09:17:36,118] INFO Recovering unflushed segment 0 in log test-0. (kafka.log.Log)
[2018-09-12 09:17:36,133] INFO Completed load of log test-0 with 1 log segments and log end offset 3 in 156 ms (kafka.log.Log)
[2018-09-12 09:17:36,149] INFO Logs loading complete in 250 ms. (kafka.log.LogManager)
[2018-09-12 09:17:36,243] INFO Starting log cleanup with a period of 300000 ms. (kafka.log.LogManager)
[2018-09-12 09:17:36,258] INFO Starting log flusher with a default period of 9223372036854775807 ms. (kafka.log.LogManager)
[2018-09-12 09:17:36,321] INFO Awaiting socket connections on 0.0.0.0:9092. (kafka.network.Acceptor)
[2018-09-12 09:17:36,336] INFO [Socket Server on Broker 0], Started 1 acceptor threads (kafka.network.SocketServer)
[2018-09-12 09:17:36,367] INFO [ExpirationReaper-0], Starting  (kafka.server.DelayedOperationPurgatory$ExpiredOperationReaper)
[2018-09-12 09:17:36,367] INFO [ExpirationReaper-0], Starting  (kafka.server.DelayedOperationPurgatory$ExpiredOperationReaper)
[2018-09-12 09:17:36,430] INFO Creating /controller (is it secure? false) (kafka.utils.ZKCheckedEphemeral)
[2018-09-12 09:17:36,523] INFO Result of znode creation is: OK (kafka.utils.ZKCheckedEphemeral)
[2018-09-12 09:17:36,539] INFO 0 successfully elected as leader (kafka.server.ZookeeperLeaderElector)
[2018-09-12 09:17:36,976] INFO New leader is 0 (kafka.server.ZookeeperLeaderElector$LeaderChangeListener)
[2018-09-12 09:17:36,976] INFO [ExpirationReaper-0], Starting  (kafka.server.DelayedOperationPurgatory$ExpiredOperationReaper)
[2018-09-12 09:17:36,976] INFO [ExpirationReaper-0], Starting  (kafka.server.DelayedOperationPurgatory$ExpiredOperationReaper)
[2018-09-12 09:17:36,976] INFO [ExpirationReaper-0], Starting  (kafka.server.DelayedOperationPurgatory$ExpiredOperationReaper)
[2018-09-12 09:17:37,007] INFO [GroupCoordinator 0]: Starting up. (kafka.coordinator.GroupCoordinator)
[2018-09-12 09:17:37,007] INFO [GroupCoordinator 0]: Startup complete. (kafka.coordinator.GroupCoordinator)
[2018-09-12 09:17:37,007] INFO [Group Metadata Manager on Broker 0]: Removed 0 expired offsets in 0 milliseconds. (kafka.coordinator.GroupMetadataManager)
[2018-09-12 09:17:37,038] INFO Will not load MX4J, mx4j-tools.jar is not in the classpath (kafka.utils.Mx4jLoader$)
[2018-09-12 09:17:37,085] INFO Creating /brokers/ids/0 (is it secure? false) (kafka.utils.ZKCheckedEphemeral)
[2018-09-12 09:17:37,179] INFO Result of znode creation is: OK (kafka.utils.ZKCheckedEphemeral)
[2018-09-12 09:17:37,179] INFO Registered broker 0 at path /brokers/ids/0 with addresses: EndPoint(user-PC,9092,ListenerName(PLAINTEXT),PLAINTEXT) (kafka.utils.ZkUtils)
[2018-09-12 09:17:37,272] INFO [Kafka Server 0], started (kafka.server.KafkaServer)
[2018-09-12 09:17:37,959] INFO [ReplicaFetcherManager on broker 0] Removed fetcher for partitions test-0 (kafka.server.ReplicaFetcherManager)
[2018-09-12 09:17:38,115] INFO [ReplicaFetcherManager on broker 0] Removed fetcher for partitions test-0 (kafka.server.ReplicaFetcherManager)
[2018-09-12 09:19:53,881] INFO [ReplicaFetcherManager on broker 0] Removed fetcher for partitions car-data-0,car-data-1 (kafka.server.ReplicaFetcherManager)
[2018-09-12 09:19:53,944] INFO Completed load of log car-data-0 with 1 log segments and log end offset 0 in 16 ms (kafka.log.Log)
[2018-09-12 09:19:53,944] INFO Created log for partition [car-data,0] in D:\programs\ApacheKafka\kafka-training\kafka\programsApacheKafkakafka-trainingkafkalogs with properties {compression.type -> producer, message.format.version -> 0.10.2-IV0, file.delete.delay.ms -> 60000, max.message.bytes -> 1000012, min.compaction.lag.ms -> 0, message.timestamp.type -> CreateTime, min.insync.replicas -> 1, segment.jitter.ms -> 0, preallocate -> false, min.cleanable.dirty.ratio -> 0.5, index.interval.bytes -> 4096, unclean.leader.election.enable -> true, retention.bytes -> -1, delete.retention.ms -> 86400000, cleanup.policy -> [delete], flush.ms -> 9223372036854775807, segment.ms -> 604800000, segment.bytes -> 1073741824, retention.ms -> 604800000, message.timestamp.difference.max.ms -> 9223372036854775807, segment.index.bytes -> 10485760, flush.messages -> 9223372036854775807}. (kafka.log.LogManager)
[2018-09-12 09:19:53,944] INFO Partition [car-data,0] on broker 0: No checkpointed highwatermark is found for partition car-data-0 (kafka.cluster.Partition)
[2018-09-12 09:19:53,959] INFO Completed load of log car-data-1 with 1 log segments and log end offset 0 in 15 ms (kafka.log.Log)
[2018-09-12 09:19:53,959] INFO Created log for partition [car-data,1] in D:\programs\ApacheKafka\kafka-training\kafka\programsApacheKafkakafka-trainingkafkalogs with properties {compression.type -> producer, message.format.version -> 0.10.2-IV0, file.delete.delay.ms -> 60000, max.message.bytes -> 1000012, min.compaction.lag.ms -> 0, message.timestamp.type -> CreateTime, min.insync.replicas -> 1, segment.jitter.ms -> 0, preallocate -> false, min.cleanable.dirty.ratio -> 0.5, index.interval.bytes -> 4096, unclean.leader.election.enable -> true, retention.bytes -> -1, delete.retention.ms -> 86400000, cleanup.policy -> [delete], flush.ms -> 9223372036854775807, segment.ms -> 604800000, segment.bytes -> 1073741824, retention.ms -> 604800000, message.timestamp.difference.max.ms -> 9223372036854775807, segment.index.bytes -> 10485760, flush.messages -> 9223372036854775807}. (kafka.log.LogManager)
[2018-09-12 09:19:53,959] INFO Partition [car-data,1] on broker 0: No checkpointed highwatermark is found for partition car-data-1 (kafka.cluster.Partition)
[2018-09-12 09:27:37,031] INFO [Group Metadata Manager on Broker 0]: Removed 0 expired offsets in 0 milliseconds. (kafka.coordinator.GroupMetadataManager)
[2018-09-12 09:36:22,734] INFO KafkaConfig values: 
	advertised.host.name = null
	advertised.listeners = null
	advertised.port = null
	authorizer.class.name = 
	auto.create.topics.enable = true
	auto.leader.rebalance.enable = true
	background.threads = 10
	broker.id = 0
	broker.id.generation.enable = true
	broker.rack = null
	compression.type = producer
	connections.max.idle.ms = 600000
	controlled.shutdown.enable = true
	controlled.shutdown.max.retries = 3
	controlled.shutdown.retry.backoff.ms = 5000
	controller.socket.timeout.ms = 30000
	create.topic.policy.class.name = null
	default.replication.factor = 1
	delete.topic.enable = true
	fetch.purgatory.purge.interval.requests = 1000
	group.max.session.timeout.ms = 300000
	group.min.session.timeout.ms = 6000
	host.name = 
	inter.broker.listener.name = null
	inter.broker.protocol.version = 0.10.2-IV0
	leader.imbalance.check.interval.seconds = 300
	leader.imbalance.per.broker.percentage = 10
	listener.security.protocol.map = SSL:SSL,SASL_PLAINTEXT:SASL_PLAINTEXT,TRACE:TRACE,SASL_SSL:SASL_SSL,PLAINTEXT:PLAINTEXT
	listeners = null
	log.cleaner.backoff.ms = 15000
	log.cleaner.dedupe.buffer.size = 134217728
	log.cleaner.delete.retention.ms = 86400000
	log.cleaner.enable = true
	log.cleaner.io.buffer.load.factor = 0.9
	log.cleaner.io.buffer.size = 524288
	log.cleaner.io.max.bytes.per.second = 1.7976931348623157E308
	log.cleaner.min.cleanable.ratio = 0.5
	log.cleaner.min.compaction.lag.ms = 0
	log.cleaner.threads = 1
	log.cleanup.policy = [delete]
	log.dir = /tmp/kafka-logs
	log.dirs = D:programsApacheKafkakafka-trainingkafkalogs
	log.flush.interval.messages = 9223372036854775807
	log.flush.interval.ms = null
	log.flush.offset.checkpoint.interval.ms = 60000
	log.flush.scheduler.interval.ms = 9223372036854775807
	log.index.interval.bytes = 4096
	log.index.size.max.bytes = 10485760
	log.message.format.version = 0.10.2-IV0
	log.message.timestamp.difference.max.ms = 9223372036854775807
	log.message.timestamp.type = CreateTime
	log.preallocate = false
	log.retention.bytes = -1
	log.retention.check.interval.ms = 300000
	log.retention.hours = 168
	log.retention.minutes = null
	log.retention.ms = null
	log.roll.hours = 168
	log.roll.jitter.hours = 0
	log.roll.jitter.ms = null
	log.roll.ms = null
	log.segment.bytes = 1073741824
	log.segment.delete.delay.ms = 60000
	max.connections.per.ip = 2147483647
	max.connections.per.ip.overrides = 
	message.max.bytes = 1000012
	metric.reporters = []
	metrics.num.samples = 2
	metrics.recording.level = INFO
	metrics.sample.window.ms = 30000
	min.insync.replicas = 1
	num.io.threads = 8
	num.network.threads = 3
	num.partitions = 1
	num.recovery.threads.per.data.dir = 1
	num.replica.fetchers = 1
	offset.metadata.max.bytes = 4096
	offsets.commit.required.acks = -1
	offsets.commit.timeout.ms = 5000
	offsets.load.buffer.size = 5242880
	offsets.retention.check.interval.ms = 600000
	offsets.retention.minutes = 1440
	offsets.topic.compression.codec = 0
	offsets.topic.num.partitions = 50
	offsets.topic.replication.factor = 3
	offsets.topic.segment.bytes = 104857600
	port = 9092
	principal.builder.class = class org.apache.kafka.common.security.auth.DefaultPrincipalBuilder
	producer.purgatory.purge.interval.requests = 1000
	queued.max.requests = 500
	quota.consumer.default = 9223372036854775807
	quota.producer.default = 9223372036854775807
	quota.window.num = 11
	quota.window.size.seconds = 1
	replica.fetch.backoff.ms = 1000
	replica.fetch.max.bytes = 1048576
	replica.fetch.min.bytes = 1
	replica.fetch.response.max.bytes = 10485760
	replica.fetch.wait.max.ms = 500
	replica.high.watermark.checkpoint.interval.ms = 5000
	replica.lag.time.max.ms = 10000
	replica.socket.receive.buffer.bytes = 65536
	replica.socket.timeout.ms = 30000
	replication.quota.window.num = 11
	replication.quota.window.size.seconds = 1
	request.timeout.ms = 30000
	reserved.broker.max.id = 1000
	sasl.enabled.mechanisms = [GSSAPI]
	sasl.kerberos.kinit.cmd = /usr/bin/kinit
	sasl.kerberos.min.time.before.relogin = 60000
	sasl.kerberos.principal.to.local.rules = [DEFAULT]
	sasl.kerberos.service.name = null
	sasl.kerberos.ticket.renew.jitter = 0.05
	sasl.kerberos.ticket.renew.window.factor = 0.8
	sasl.mechanism.inter.broker.protocol = GSSAPI
	security.inter.broker.protocol = PLAINTEXT
	socket.receive.buffer.bytes = 102400
	socket.request.max.bytes = 104857600
	socket.send.buffer.bytes = 102400
	ssl.cipher.suites = null
	ssl.client.auth = none
	ssl.enabled.protocols = [TLSv1.2, TLSv1.1, TLSv1]
	ssl.endpoint.identification.algorithm = null
	ssl.key.password = null
	ssl.keymanager.algorithm = SunX509
	ssl.keystore.location = null
	ssl.keystore.password = null
	ssl.keystore.type = JKS
	ssl.protocol = TLS
	ssl.provider = null
	ssl.secure.random.implementation = null
	ssl.trustmanager.algorithm = PKIX
	ssl.truststore.location = null
	ssl.truststore.password = null
	ssl.truststore.type = JKS
	unclean.leader.election.enable = true
	zookeeper.connect = localhost:2181
	zookeeper.connection.timeout.ms = 6000
	zookeeper.session.timeout.ms = 6000
	zookeeper.set.acl = false
	zookeeper.sync.time.ms = 2000
 (kafka.server.KafkaConfig)
[2018-09-12 09:36:22,843] INFO starting (kafka.server.KafkaServer)
[2018-09-12 09:36:22,858] INFO Connecting to zookeeper on localhost:2181 (kafka.server.KafkaServer)
[2018-09-12 09:36:23,326] INFO Cluster ID = ZaXU69UmQP6Np7JjrYetJw (kafka.server.KafkaServer)
[2018-09-12 09:36:23,373] INFO [ThrottledRequestReaper-Fetch], Starting  (kafka.server.ClientQuotaManager$ThrottledRequestReaper)
[2018-09-12 09:36:23,373] INFO [ThrottledRequestReaper-Produce], Starting  (kafka.server.ClientQuotaManager$ThrottledRequestReaper)
[2018-09-12 09:36:23,451] INFO Loading logs. (kafka.log.LogManager)
[2018-09-12 09:36:23,514] WARN Found a corrupted index file due to requirement failed: Corrupt index found, index file (D:\programs\ApacheKafka\kafka-training\kafka\programsApacheKafkakafka-trainingkafkalogs\car-data-0\00000000000000000000.index) has non-zero size but the last offset is 0 which is no larger than the base offset 0.}. deleting D:\programs\ApacheKafka\kafka-training\kafka\programsApacheKafkakafka-trainingkafkalogs\car-data-0\00000000000000000000.timeindex, D:\programs\ApacheKafka\kafka-training\kafka\programsApacheKafkakafka-trainingkafkalogs\car-data-0\00000000000000000000.index and rebuilding index... (kafka.log.Log)
[2018-09-12 09:36:23,529] INFO Recovering unflushed segment 0 in log car-data-0. (kafka.log.Log)
[2018-09-12 09:36:23,545] INFO Completed load of log car-data-0 with 1 log segments and log end offset 0 in 63 ms (kafka.log.Log)
[2018-09-12 09:36:23,560] WARN Found a corrupted index file due to requirement failed: Corrupt index found, index file (D:\programs\ApacheKafka\kafka-training\kafka\programsApacheKafkakafka-trainingkafkalogs\car-data-1\00000000000000000000.index) has non-zero size but the last offset is 0 which is no larger than the base offset 0.}. deleting D:\programs\ApacheKafka\kafka-training\kafka\programsApacheKafkakafka-trainingkafkalogs\car-data-1\00000000000000000000.timeindex, D:\programs\ApacheKafka\kafka-training\kafka\programsApacheKafkakafka-trainingkafkalogs\car-data-1\00000000000000000000.index and rebuilding index... (kafka.log.Log)
[2018-09-12 09:36:23,560] INFO Recovering unflushed segment 0 in log car-data-1. (kafka.log.Log)
[2018-09-12 09:36:23,560] INFO Completed load of log car-data-1 with 1 log segments and log end offset 0 in 0 ms (kafka.log.Log)
[2018-09-12 09:36:23,576] WARN Found a corrupted index file due to requirement failed: Corrupt index found, index file (D:\programs\ApacheKafka\kafka-training\kafka\programsApacheKafkakafka-trainingkafkalogs\test-0\00000000000000000000.index) has non-zero size but the last offset is 0 which is no larger than the base offset 0.}. deleting D:\programs\ApacheKafka\kafka-training\kafka\programsApacheKafkakafka-trainingkafkalogs\test-0\00000000000000000000.timeindex, D:\programs\ApacheKafka\kafka-training\kafka\programsApacheKafkakafka-trainingkafkalogs\test-0\00000000000000000000.index and rebuilding index... (kafka.log.Log)
[2018-09-12 09:36:23,592] INFO Recovering unflushed segment 0 in log test-0. (kafka.log.Log)
[2018-09-12 09:36:23,592] INFO Completed load of log test-0 with 1 log segments and log end offset 3 in 16 ms (kafka.log.Log)
[2018-09-12 09:36:23,592] INFO Logs loading complete in 141 ms. (kafka.log.LogManager)
[2018-09-12 09:36:23,701] INFO Starting log cleanup with a period of 300000 ms. (kafka.log.LogManager)
[2018-09-12 09:36:23,701] INFO Starting log flusher with a default period of 9223372036854775807 ms. (kafka.log.LogManager)
[2018-09-12 09:36:23,779] INFO Awaiting socket connections on 0.0.0.0:9092. (kafka.network.Acceptor)
[2018-09-12 09:36:23,779] INFO [Socket Server on Broker 0], Started 1 acceptor threads (kafka.network.SocketServer)
[2018-09-12 09:36:23,810] INFO [ExpirationReaper-0], Starting  (kafka.server.DelayedOperationPurgatory$ExpiredOperationReaper)
[2018-09-12 09:36:23,810] INFO [ExpirationReaper-0], Starting  (kafka.server.DelayedOperationPurgatory$ExpiredOperationReaper)
[2018-09-12 09:36:23,888] INFO Creating /controller (is it secure? false) (kafka.utils.ZKCheckedEphemeral)
[2018-09-12 09:36:23,997] INFO Result of znode creation is: OK (kafka.utils.ZKCheckedEphemeral)
[2018-09-12 09:36:23,997] INFO 0 successfully elected as leader (kafka.server.ZookeeperLeaderElector)
[2018-09-12 09:36:24,496] INFO New leader is 0 (kafka.server.ZookeeperLeaderElector$LeaderChangeListener)
[2018-09-12 09:36:24,528] INFO [ExpirationReaper-0], Starting  (kafka.server.DelayedOperationPurgatory$ExpiredOperationReaper)
[2018-09-12 09:36:24,528] INFO [ExpirationReaper-0], Starting  (kafka.server.DelayedOperationPurgatory$ExpiredOperationReaper)
[2018-09-12 09:36:24,543] INFO [GroupCoordinator 0]: Starting up. (kafka.coordinator.GroupCoordinator)
[2018-09-12 09:36:24,543] INFO [ExpirationReaper-0], Starting  (kafka.server.DelayedOperationPurgatory$ExpiredOperationReaper)
[2018-09-12 09:36:24,543] INFO [GroupCoordinator 0]: Startup complete. (kafka.coordinator.GroupCoordinator)
[2018-09-12 09:36:24,543] INFO [Group Metadata Manager on Broker 0]: Removed 0 expired offsets in 0 milliseconds. (kafka.coordinator.GroupMetadataManager)
[2018-09-12 09:36:24,590] INFO Will not load MX4J, mx4j-tools.jar is not in the classpath (kafka.utils.Mx4jLoader$)
[2018-09-12 09:36:24,762] INFO Creating /brokers/ids/0 (is it secure? false) (kafka.utils.ZKCheckedEphemeral)
[2018-09-12 09:36:24,840] INFO Result of znode creation is: OK (kafka.utils.ZKCheckedEphemeral)
[2018-09-12 09:36:24,855] INFO Registered broker 0 at path /brokers/ids/0 with addresses: EndPoint(user-PC,9092,ListenerName(PLAINTEXT),PLAINTEXT) (kafka.utils.ZkUtils)
[2018-09-12 09:36:24,886] INFO [Kafka Server 0], started (kafka.server.KafkaServer)
[2018-09-12 09:36:25,198] INFO [ReplicaFetcherManager on broker 0] Removed fetcher for partitions test-0,car-data-0,car-data-1 (kafka.server.ReplicaFetcherManager)
[2018-09-12 09:36:25,386] INFO [ReplicaFetcherManager on broker 0] Removed fetcher for partitions test-0,car-data-0,car-data-1 (kafka.server.ReplicaFetcherManager)
[2018-09-12 09:38:50,027] INFO [Group Metadata Manager on Broker 0]: Removed 0 expired offsets in 0 milliseconds. (kafka.coordinator.GroupMetadataManager)
[2018-09-12 09:38:50,089] INFO [ReplicaFetcherManager on broker 0] Removed fetcher for partitions test-0 (kafka.server.ReplicaFetcherManager)
[2018-09-12 09:38:50,121] INFO [ReplicaFetcherManager on broker 0] Removed fetcher for partitions  (kafka.server.ReplicaFetcherManager)
[2018-09-12 09:38:50,121] INFO [ReplicaFetcherManager on broker 0] Removed fetcher for partitions test-0 (kafka.server.ReplicaFetcherManager)
[2018-09-12 09:38:50,230] ERROR [KafkaApi-0] Error when handling request {controller_id=0,controller_epoch=3,delete_partitions=true,partitions=[{topic=test,partition=0}]} (kafka.server.KafkaApis)
kafka.common.KafkaStorageException: Failed to rename log directory from D:\programs\ApacheKafka\kafka-training\kafka\programsApacheKafkakafka-trainingkafkalogs\test-0 to D:\programs\ApacheKafka\kafka-training\kafka\programsApacheKafkakafka-trainingkafkalogs\test-0.ccb0d365bcf144c3b9d353991986ba18-delete
	at kafka.log.LogManager.asyncDelete(LogManager.scala:434)
	at kafka.cluster.Partition$$anonfun$delete$1.apply$mcV$sp(Partition.scala:142)
	at kafka.cluster.Partition$$anonfun$delete$1.apply(Partition.scala:137)
	at kafka.cluster.Partition$$anonfun$delete$1.apply(Partition.scala:137)
	at kafka.utils.CoreUtils$.inLock(CoreUtils.scala:213)
	at kafka.utils.CoreUtils$.inWriteLock(CoreUtils.scala:221)
	at kafka.cluster.Partition.delete(Partition.scala:137)
	at kafka.server.ReplicaManager.stopReplica(ReplicaManager.scala:233)
	at kafka.server.ReplicaManager$$anonfun$stopReplicas$2.apply(ReplicaManager.scala:263)
	at kafka.server.ReplicaManager$$anonfun$stopReplicas$2.apply(ReplicaManager.scala:262)
	at scala.collection.Iterator$class.foreach(Iterator.scala:727)
	at scala.collection.AbstractIterator.foreach(Iterator.scala:1157)
	at scala.collection.IterableLike$class.foreach(IterableLike.scala:72)
	at scala.collection.AbstractIterable.foreach(Iterable.scala:54)
	at kafka.server.ReplicaManager.stopReplicas(ReplicaManager.scala:262)
	at kafka.server.KafkaApis.handleStopReplicaRequest(KafkaApis.scala:171)
	at kafka.server.KafkaApis.handle(KafkaApis.scala:85)
	at kafka.server.KafkaRequestHandler.run(KafkaRequestHandler.scala:62)
	at java.lang.Thread.run(Thread.java:748)
[2018-09-12 09:38:50,261] INFO [ReplicaFetcherManager on broker 0] Removed fetcher for partitions test-0 (kafka.server.ReplicaFetcherManager)
[2018-09-12 09:40:07,528] INFO [Group Metadata Manager on Broker 0]: Removed 0 expired offsets in 0 milliseconds. (kafka.coordinator.GroupMetadataManager)
[2018-09-12 09:40:07,653] INFO [ReplicaFetcherManager on broker 0] Removed fetcher for partitions car-data-1,car-data-0 (kafka.server.ReplicaFetcherManager)
[2018-09-12 09:40:07,653] INFO [ReplicaFetcherManager on broker 0] Removed fetcher for partitions  (kafka.server.ReplicaFetcherManager)
[2018-09-12 09:40:07,668] INFO [ReplicaFetcherManager on broker 0] Removed fetcher for partitions car-data-0 (kafka.server.ReplicaFetcherManager)
[2018-09-12 09:40:07,731] INFO Log for partition car-data-0 is renamed to D:\programs\ApacheKafka\kafka-training\kafka\programsApacheKafkakafka-trainingkafkalogs\car-data-0.5ddf28c71570463bbcc0c40a58890c12-delete and is scheduled for deletion (kafka.log.LogManager)
[2018-09-12 09:40:07,746] INFO [ReplicaFetcherManager on broker 0] Removed fetcher for partitions car-data-1 (kafka.server.ReplicaFetcherManager)
[2018-09-12 09:40:07,793] INFO Log for partition car-data-1 is renamed to D:\programs\ApacheKafka\kafka-training\kafka\programsApacheKafkakafka-trainingkafkalogs\car-data-1.d7faf46c409546039c2baeebbe4f78a9-delete and is scheduled for deletion (kafka.log.LogManager)
[2018-09-12 09:40:53,720] INFO Deleting index D:\programs\ApacheKafka\kafka-training\kafka\programsApacheKafkakafka-trainingkafkalogs\car-data-0.5ddf28c71570463bbcc0c40a58890c12-delete\00000000000000000000.index (kafka.log.OffsetIndex)
[2018-09-12 09:40:53,720] INFO Deleting index D:\programs\ApacheKafka\kafka-training\kafka\programsApacheKafkakafka-trainingkafkalogs\car-data-0\00000000000000000000.timeindex (kafka.log.TimeIndex)
[2018-09-12 09:40:53,720] INFO Deleted log for partition car-data-0 in D:\programs\ApacheKafka\kafka-training\kafka\programsApacheKafkakafka-trainingkafkalogs\car-data-0.5ddf28c71570463bbcc0c40a58890c12-delete. (kafka.log.LogManager)
[2018-09-12 09:40:53,720] INFO Deleting index D:\programs\ApacheKafka\kafka-training\kafka\programsApacheKafkakafka-trainingkafkalogs\car-data-1.d7faf46c409546039c2baeebbe4f78a9-delete\00000000000000000000.index (kafka.log.OffsetIndex)
[2018-09-12 09:40:53,735] INFO Deleting index D:\programs\ApacheKafka\kafka-training\kafka\programsApacheKafkakafka-trainingkafkalogs\car-data-1\00000000000000000000.timeindex (kafka.log.TimeIndex)
[2018-09-12 09:40:53,735] INFO Deleted log for partition car-data-1 in D:\programs\ApacheKafka\kafka-training\kafka\programsApacheKafkakafka-trainingkafkalogs\car-data-1.d7faf46c409546039c2baeebbe4f78a9-delete. (kafka.log.LogManager)
[2018-09-12 10:49:01,940] INFO [Group Metadata Manager on Broker 0]: Removed 0 expired offsets in 0 milliseconds. (kafka.coordinator.GroupMetadataManager)
[2018-09-12 10:49:02,838] INFO [Group Metadata Manager on Broker 0]: Removed 0 expired offsets in 0 milliseconds. (kafka.coordinator.GroupMetadataManager)
[2018-09-12 10:49:02,854] INFO [Group Metadata Manager on Broker 0]: Removed 0 expired offsets in 0 milliseconds. (kafka.coordinator.GroupMetadataManager)
[2018-09-12 10:49:02,854] INFO [Group Metadata Manager on Broker 0]: Removed 0 expired offsets in 0 milliseconds. (kafka.coordinator.GroupMetadataManager)
[2018-09-12 10:49:02,947] INFO [Group Metadata Manager on Broker 0]: Removed 0 expired offsets in 0 milliseconds. (kafka.coordinator.GroupMetadataManager)
[2018-09-12 10:49:02,947] INFO [Group Metadata Manager on Broker 0]: Removed 0 expired offsets in 0 milliseconds. (kafka.coordinator.GroupMetadataManager)
[2018-09-12 10:49:03,119] INFO [Group Metadata Manager on Broker 0]: Removed 0 expired offsets in 0 milliseconds. (kafka.coordinator.GroupMetadataManager)
[2018-09-12 10:49:06,438] INFO Creating /controller (is it secure? false) (kafka.utils.ZKCheckedEphemeral)
[2018-09-12 10:49:06,500] INFO Result of znode creation is: OK (kafka.utils.ZKCheckedEphemeral)
[2018-09-12 10:49:06,500] INFO 0 successfully elected as leader (kafka.server.ZookeeperLeaderElector)
[2018-09-12 10:49:06,688] INFO re-registering broker info in ZK for broker 0 (kafka.server.KafkaHealthcheck$SessionExpireListener)
[2018-09-12 10:49:06,734] INFO Creating /brokers/ids/0 (is it secure? false) (kafka.utils.ZKCheckedEphemeral)
[2018-09-12 10:49:06,875] INFO Result of znode creation is: OK (kafka.utils.ZKCheckedEphemeral)
[2018-09-12 10:49:06,875] INFO Registered broker 0 at path /brokers/ids/0 with addresses: EndPoint(user-PC,9092,ListenerName(PLAINTEXT),PLAINTEXT) (kafka.utils.ZkUtils)
[2018-09-12 10:49:06,875] INFO done re-registering broker (kafka.server.KafkaHealthcheck$SessionExpireListener)
[2018-09-12 10:49:06,875] INFO Subscribing to /brokers/topics path to watch for new topics (kafka.server.KafkaHealthcheck$SessionExpireListener)
[2018-09-12 10:49:06,984] INFO [Group Metadata Manager on Broker 0]: Removed 0 expired offsets in 0 milliseconds. (kafka.coordinator.GroupMetadataManager)
[2018-09-12 10:49:07,031] INFO New leader is 0 (kafka.server.ZookeeperLeaderElector$LeaderChangeListener)
[2018-09-12 10:49:07,031] INFO Recovering unflushed segment 0 in log test-0. (kafka.log.Log)
[2018-09-12 10:49:07,046] ERROR [KafkaApi-0] Error when handling request {controller_id=0,controller_epoch=4,partition_states=[{topic=test,partition=0,controller_epoch=4,leader=-1,leader_epoch=3,isr=[],zk_version=3,replicas=[0]}],live_leaders=[]} (kafka.server.KafkaApis)
java.io.IOException: The requested operation cannot be performed on a file with a user-mapped section open
	at java.io.RandomAccessFile.setLength(Native Method)
	at kafka.log.AbstractIndex$$anonfun$resize$1.apply(AbstractIndex.scala:110)
	at kafka.log.AbstractIndex$$anonfun$resize$1.apply(AbstractIndex.scala:101)
	at kafka.utils.CoreUtils$.inLock(CoreUtils.scala:213)
	at kafka.log.AbstractIndex.resize(AbstractIndex.scala:101)
	at kafka.log.AbstractIndex$$anonfun$trimToValidSize$1.apply$mcV$sp(AbstractIndex.scala:163)
	at kafka.log.AbstractIndex$$anonfun$trimToValidSize$1.apply(AbstractIndex.scala:163)
	at kafka.log.AbstractIndex$$anonfun$trimToValidSize$1.apply(AbstractIndex.scala:163)
	at kafka.utils.CoreUtils$.inLock(CoreUtils.scala:213)
	at kafka.log.AbstractIndex.trimToValidSize(AbstractIndex.scala:162)
	at kafka.log.LogSegment.recover(LogSegment.scala:253)
	at kafka.log.Log.recoverLog(Log.scala:305)
	at kafka.log.Log.loadSegments(Log.scala:279)
	at kafka.log.Log.<init>(Log.scala:117)
	at kafka.log.LogManager$$anonfun$createLog$1.apply(LogManager.scala:365)
	at kafka.log.LogManager$$anonfun$createLog$1.apply(LogManager.scala:361)
	at scala.Option.getOrElse(Option.scala:120)
	at kafka.log.LogManager.createLog(LogManager.scala:361)
	at kafka.cluster.Partition$$anonfun$getOrCreateReplica$1.apply(Partition.scala:109)
	at kafka.cluster.Partition$$anonfun$getOrCreateReplica$1.apply(Partition.scala:106)
	at kafka.utils.Pool.getAndMaybePut(Pool.scala:70)
	at kafka.cluster.Partition.getOrCreateReplica(Partition.scala:105)
	at kafka.server.ReplicaManager$$anonfun$makeFollowers$3.apply(ReplicaManager.scala:843)
	at kafka.server.ReplicaManager$$anonfun$makeFollowers$3.apply(ReplicaManager.scala:822)
	at scala.collection.mutable.HashMap$$anonfun$foreach$1.apply(HashMap.scala:98)
	at scala.collection.mutable.HashMap$$anonfun$foreach$1.apply(HashMap.scala:98)
	at scala.collection.mutable.HashTable$class.foreachEntry(HashTable.scala:226)
	at scala.collection.mutable.HashMap.foreachEntry(HashMap.scala:39)
	at scala.collection.mutable.HashMap.foreach(HashMap.scala:98)
	at kafka.server.ReplicaManager.makeFollowers(ReplicaManager.scala:822)
	at kafka.server.ReplicaManager.becomeLeaderOrFollower(ReplicaManager.scala:700)
	at kafka.server.KafkaApis.handleLeaderAndIsrRequest(KafkaApis.scala:148)
	at kafka.server.KafkaApis.handle(KafkaApis.scala:84)
	at kafka.server.KafkaRequestHandler.run(KafkaRequestHandler.scala:62)
	at java.lang.Thread.run(Thread.java:748)
[2018-09-12 10:49:07,046] INFO [Group Metadata Manager on Broker 0]: Removed 0 expired offsets in 0 milliseconds. (kafka.coordinator.GroupMetadataManager)
[2018-09-12 10:49:07,062] INFO [Group Metadata Manager on Broker 0]: Removed 0 expired offsets in 0 milliseconds. (kafka.coordinator.GroupMetadataManager)
[2018-09-12 10:49:07,078] INFO [ReplicaFetcherManager on broker 0] Removed fetcher for partitions test-0 (kafka.server.ReplicaFetcherManager)
[2018-09-12 10:49:07,078] INFO [ReplicaFetcherManager on broker 0] Removed fetcher for partitions  (kafka.server.ReplicaFetcherManager)
[2018-09-12 10:49:07,093] INFO [ReplicaFetcherManager on broker 0] Removed fetcher for partitions test-0 (kafka.server.ReplicaFetcherManager)
[2018-09-12 10:55:17,368] INFO [Group Metadata Manager on Broker 0]: Removed 0 expired offsets in 0 milliseconds. (kafka.coordinator.GroupMetadataManager)
[2018-09-12 11:05:17,365] INFO [Group Metadata Manager on Broker 0]: Removed 0 expired offsets in 0 milliseconds. (kafka.coordinator.GroupMetadataManager)
[2018-09-12 11:15:17,341] INFO [Group Metadata Manager on Broker 0]: Removed 0 expired offsets in 0 milliseconds. (kafka.coordinator.GroupMetadataManager)
[2018-09-12 11:19:42,555] INFO KafkaConfig values: 
	advertised.host.name = null
	advertised.listeners = null
	advertised.port = null
	authorizer.class.name = 
	auto.create.topics.enable = true
	auto.leader.rebalance.enable = true
	background.threads = 10
	broker.id = 0
	broker.id.generation.enable = true
	broker.rack = null
	compression.type = producer
	connections.max.idle.ms = 600000
	controlled.shutdown.enable = true
	controlled.shutdown.max.retries = 3
	controlled.shutdown.retry.backoff.ms = 5000
	controller.socket.timeout.ms = 30000
	create.topic.policy.class.name = null
	default.replication.factor = 1
	delete.topic.enable = true
	fetch.purgatory.purge.interval.requests = 1000
	group.max.session.timeout.ms = 300000
	group.min.session.timeout.ms = 6000
	host.name = 
	inter.broker.listener.name = null
	inter.broker.protocol.version = 0.10.2-IV0
	leader.imbalance.check.interval.seconds = 300
	leader.imbalance.per.broker.percentage = 10
	listener.security.protocol.map = SSL:SSL,SASL_PLAINTEXT:SASL_PLAINTEXT,TRACE:TRACE,SASL_SSL:SASL_SSL,PLAINTEXT:PLAINTEXT
	listeners = null
	log.cleaner.backoff.ms = 15000
	log.cleaner.dedupe.buffer.size = 134217728
	log.cleaner.delete.retention.ms = 86400000
	log.cleaner.enable = true
	log.cleaner.io.buffer.load.factor = 0.9
	log.cleaner.io.buffer.size = 524288
	log.cleaner.io.max.bytes.per.second = 1.7976931348623157E308
	log.cleaner.min.cleanable.ratio = 0.5
	log.cleaner.min.compaction.lag.ms = 0
	log.cleaner.threads = 1
	log.cleanup.policy = [delete]
	log.dir = /tmp/kafka-logs
	log.dirs = D:programsApacheKafkakafka-trainingkafkalogs
	log.flush.interval.messages = 9223372036854775807
	log.flush.interval.ms = null
	log.flush.offset.checkpoint.interval.ms = 60000
	log.flush.scheduler.interval.ms = 9223372036854775807
	log.index.interval.bytes = 4096
	log.index.size.max.bytes = 10485760
	log.message.format.version = 0.10.2-IV0
	log.message.timestamp.difference.max.ms = 9223372036854775807
	log.message.timestamp.type = CreateTime
	log.preallocate = false
	log.retention.bytes = -1
	log.retention.check.interval.ms = 300000
	log.retention.hours = 168
	log.retention.minutes = null
	log.retention.ms = null
	log.roll.hours = 168
	log.roll.jitter.hours = 0
	log.roll.jitter.ms = null
	log.roll.ms = null
	log.segment.bytes = 1073741824
	log.segment.delete.delay.ms = 60000
	max.connections.per.ip = 2147483647
	max.connections.per.ip.overrides = 
	message.max.bytes = 1000012
	metric.reporters = []
	metrics.num.samples = 2
	metrics.recording.level = INFO
	metrics.sample.window.ms = 30000
	min.insync.replicas = 1
	num.io.threads = 8
	num.network.threads = 3
	num.partitions = 1
	num.recovery.threads.per.data.dir = 1
	num.replica.fetchers = 1
	offset.metadata.max.bytes = 4096
	offsets.commit.required.acks = -1
	offsets.commit.timeout.ms = 5000
	offsets.load.buffer.size = 5242880
	offsets.retention.check.interval.ms = 600000
	offsets.retention.minutes = 1440
	offsets.topic.compression.codec = 0
	offsets.topic.num.partitions = 50
	offsets.topic.replication.factor = 3
	offsets.topic.segment.bytes = 104857600
	port = 9092
	principal.builder.class = class org.apache.kafka.common.security.auth.DefaultPrincipalBuilder
	producer.purgatory.purge.interval.requests = 1000
	queued.max.requests = 500
	quota.consumer.default = 9223372036854775807
	quota.producer.default = 9223372036854775807
	quota.window.num = 11
	quota.window.size.seconds = 1
	replica.fetch.backoff.ms = 1000
	replica.fetch.max.bytes = 1048576
	replica.fetch.min.bytes = 1
	replica.fetch.response.max.bytes = 10485760
	replica.fetch.wait.max.ms = 500
	replica.high.watermark.checkpoint.interval.ms = 5000
	replica.lag.time.max.ms = 10000
	replica.socket.receive.buffer.bytes = 65536
	replica.socket.timeout.ms = 30000
	replication.quota.window.num = 11
	replication.quota.window.size.seconds = 1
	request.timeout.ms = 30000
	reserved.broker.max.id = 1000
	sasl.enabled.mechanisms = [GSSAPI]
	sasl.kerberos.kinit.cmd = /usr/bin/kinit
	sasl.kerberos.min.time.before.relogin = 60000
	sasl.kerberos.principal.to.local.rules = [DEFAULT]
	sasl.kerberos.service.name = null
	sasl.kerberos.ticket.renew.jitter = 0.05
	sasl.kerberos.ticket.renew.window.factor = 0.8
	sasl.mechanism.inter.broker.protocol = GSSAPI
	security.inter.broker.protocol = PLAINTEXT
	socket.receive.buffer.bytes = 102400
	socket.request.max.bytes = 104857600
	socket.send.buffer.bytes = 102400
	ssl.cipher.suites = null
	ssl.client.auth = none
	ssl.enabled.protocols = [TLSv1.2, TLSv1.1, TLSv1]
	ssl.endpoint.identification.algorithm = null
	ssl.key.password = null
	ssl.keymanager.algorithm = SunX509
	ssl.keystore.location = null
	ssl.keystore.password = null
	ssl.keystore.type = JKS
	ssl.protocol = TLS
	ssl.provider = null
	ssl.secure.random.implementation = null
	ssl.trustmanager.algorithm = PKIX
	ssl.truststore.location = null
	ssl.truststore.password = null
	ssl.truststore.type = JKS
	unclean.leader.election.enable = true
	zookeeper.connect = localhost:2181
	zookeeper.connection.timeout.ms = 6000
	zookeeper.session.timeout.ms = 6000
	zookeeper.set.acl = false
	zookeeper.sync.time.ms = 2000
 (kafka.server.KafkaConfig)
[2018-09-12 11:19:42,648] INFO starting (kafka.server.KafkaServer)
[2018-09-12 11:19:42,664] INFO Connecting to zookeeper on localhost:2181 (kafka.server.KafkaServer)
[2018-09-12 11:19:43,101] INFO Cluster ID = ZaXU69UmQP6Np7JjrYetJw (kafka.server.KafkaServer)
[2018-09-12 11:19:43,132] INFO [ThrottledRequestReaper-Fetch], Starting  (kafka.server.ClientQuotaManager$ThrottledRequestReaper)
[2018-09-12 11:19:43,179] INFO [ThrottledRequestReaper-Produce], Starting  (kafka.server.ClientQuotaManager$ThrottledRequestReaper)
[2018-09-12 11:19:43,194] INFO Loading logs. (kafka.log.LogManager)
[2018-09-12 11:19:43,257] WARN Found a corrupted index file due to requirement failed: Corrupt time index found, time index file (D:\programs\ApacheKafka\kafka-training\kafka\programsApacheKafkakafka-trainingkafkalogs\test-0\00000000000000000000.timeindex) has non-zero size but the last timestamp is 0 which is no larger than the first timestamp 1536735718763}. deleting D:\programs\ApacheKafka\kafka-training\kafka\programsApacheKafkakafka-trainingkafkalogs\test-0\00000000000000000000.timeindex, D:\programs\ApacheKafka\kafka-training\kafka\programsApacheKafkakafka-trainingkafkalogs\test-0\00000000000000000000.index and rebuilding index... (kafka.log.Log)
[2018-09-12 11:19:43,288] INFO Recovering unflushed segment 0 in log test-0. (kafka.log.Log)
[2018-09-12 11:19:43,304] INFO Completed load of log test-0 with 1 log segments and log end offset 3 in 63 ms (kafka.log.Log)
[2018-09-12 11:19:43,319] INFO Logs loading complete in 125 ms. (kafka.log.LogManager)
[2018-09-12 11:19:43,413] INFO Starting log cleanup with a period of 300000 ms. (kafka.log.LogManager)
[2018-09-12 11:19:43,413] INFO Starting log flusher with a default period of 9223372036854775807 ms. (kafka.log.LogManager)
[2018-09-12 11:19:43,491] INFO Awaiting socket connections on 0.0.0.0:9092. (kafka.network.Acceptor)
[2018-09-12 11:19:43,506] INFO [Socket Server on Broker 0], Started 1 acceptor threads (kafka.network.SocketServer)
[2018-09-12 11:19:43,522] INFO [ExpirationReaper-0], Starting  (kafka.server.DelayedOperationPurgatory$ExpiredOperationReaper)
[2018-09-12 11:19:43,538] INFO [ExpirationReaper-0], Starting  (kafka.server.DelayedOperationPurgatory$ExpiredOperationReaper)
[2018-09-12 11:19:43,600] INFO Creating /controller (is it secure? false) (kafka.utils.ZKCheckedEphemeral)
[2018-09-12 11:19:43,709] INFO Result of znode creation is: OK (kafka.utils.ZKCheckedEphemeral)
[2018-09-12 11:19:43,709] INFO 0 successfully elected as leader (kafka.server.ZookeeperLeaderElector)
[2018-09-12 11:19:43,990] INFO [ExpirationReaper-0], Starting  (kafka.server.DelayedOperationPurgatory$ExpiredOperationReaper)
[2018-09-12 11:19:43,990] INFO New leader is 0 (kafka.server.ZookeeperLeaderElector$LeaderChangeListener)
[2018-09-12 11:19:43,990] INFO [ExpirationReaper-0], Starting  (kafka.server.DelayedOperationPurgatory$ExpiredOperationReaper)
[2018-09-12 11:19:43,990] INFO [ExpirationReaper-0], Starting  (kafka.server.DelayedOperationPurgatory$ExpiredOperationReaper)
[2018-09-12 11:19:44,006] INFO [GroupCoordinator 0]: Starting up. (kafka.coordinator.GroupCoordinator)
[2018-09-12 11:19:44,006] INFO [GroupCoordinator 0]: Startup complete. (kafka.coordinator.GroupCoordinator)
[2018-09-12 11:19:44,006] INFO [Group Metadata Manager on Broker 0]: Removed 0 expired offsets in 0 milliseconds. (kafka.coordinator.GroupMetadataManager)
[2018-09-12 11:19:44,037] INFO Will not load MX4J, mx4j-tools.jar is not in the classpath (kafka.utils.Mx4jLoader$)
[2018-09-12 11:19:44,068] INFO Creating /brokers/ids/0 (is it secure? false) (kafka.utils.ZKCheckedEphemeral)
[2018-09-12 11:19:44,130] INFO Result of znode creation is: OK (kafka.utils.ZKCheckedEphemeral)
[2018-09-12 11:19:44,130] INFO Registered broker 0 at path /brokers/ids/0 with addresses: EndPoint(user-PC,9092,ListenerName(PLAINTEXT),PLAINTEXT) (kafka.utils.ZkUtils)
[2018-09-12 11:19:44,177] INFO [Kafka Server 0], started (kafka.server.KafkaServer)
[2018-09-12 11:20:24,940] INFO [ReplicaFetcherManager on broker 0] Removed fetcher for partitions car-data-0,car-data-1 (kafka.server.ReplicaFetcherManager)
[2018-09-12 11:20:24,971] INFO Completed load of log car-data-0 with 1 log segments and log end offset 0 in 15 ms (kafka.log.Log)
[2018-09-12 11:20:24,971] INFO Created log for partition [car-data,0] in D:\programs\ApacheKafka\kafka-training\kafka\programsApacheKafkakafka-trainingkafkalogs with properties {compression.type -> producer, message.format.version -> 0.10.2-IV0, file.delete.delay.ms -> 60000, max.message.bytes -> 1000012, min.compaction.lag.ms -> 0, message.timestamp.type -> CreateTime, min.insync.replicas -> 1, segment.jitter.ms -> 0, preallocate -> false, min.cleanable.dirty.ratio -> 0.5, index.interval.bytes -> 4096, unclean.leader.election.enable -> true, retention.bytes -> -1, delete.retention.ms -> 86400000, cleanup.policy -> [delete], flush.ms -> 9223372036854775807, segment.ms -> 604800000, segment.bytes -> 1073741824, retention.ms -> 604800000, message.timestamp.difference.max.ms -> 9223372036854775807, segment.index.bytes -> 10485760, flush.messages -> 9223372036854775807}. (kafka.log.LogManager)
[2018-09-12 11:20:25,003] INFO Completed load of log car-data-1 with 1 log segments and log end offset 0 in 16 ms (kafka.log.Log)
[2018-09-12 11:20:25,003] INFO Created log for partition [car-data,1] in D:\programs\ApacheKafka\kafka-training\kafka\programsApacheKafkakafka-trainingkafkalogs with properties {compression.type -> producer, message.format.version -> 0.10.2-IV0, file.delete.delay.ms -> 60000, max.message.bytes -> 1000012, min.compaction.lag.ms -> 0, message.timestamp.type -> CreateTime, min.insync.replicas -> 1, segment.jitter.ms -> 0, preallocate -> false, min.cleanable.dirty.ratio -> 0.5, index.interval.bytes -> 4096, unclean.leader.election.enable -> true, retention.bytes -> -1, delete.retention.ms -> 86400000, cleanup.policy -> [delete], flush.ms -> 9223372036854775807, segment.ms -> 604800000, segment.bytes -> 1073741824, retention.ms -> 604800000, message.timestamp.difference.max.ms -> 9223372036854775807, segment.index.bytes -> 10485760, flush.messages -> 9223372036854775807}. (kafka.log.LogManager)
[2018-09-12 11:21:11,927] INFO [Group Metadata Manager on Broker 0]: Removed 0 expired offsets in 0 milliseconds. (kafka.coordinator.GroupMetadataManager)
[2018-09-12 11:21:12,083] INFO [ReplicaFetcherManager on broker 0] Removed fetcher for partitions car-data-1,car-data-0 (kafka.server.ReplicaFetcherManager)
[2018-09-12 11:21:12,099] INFO [ReplicaFetcherManager on broker 0] Removed fetcher for partitions  (kafka.server.ReplicaFetcherManager)
[2018-09-12 11:21:12,115] INFO [ReplicaFetcherManager on broker 0] Removed fetcher for partitions car-data-0 (kafka.server.ReplicaFetcherManager)
[2018-09-12 11:21:12,208] INFO Log for partition car-data-0 is renamed to D:\programs\ApacheKafka\kafka-training\kafka\programsApacheKafkakafka-trainingkafkalogs\car-data-0.abb2815a673a4d49ba149bf9d5a4e885-delete and is scheduled for deletion (kafka.log.LogManager)
[2018-09-12 11:21:12,224] INFO [ReplicaFetcherManager on broker 0] Removed fetcher for partitions car-data-1 (kafka.server.ReplicaFetcherManager)
[2018-09-12 11:21:12,286] INFO Log for partition car-data-1 is renamed to D:\programs\ApacheKafka\kafka-training\kafka\programsApacheKafkakafka-trainingkafkalogs\car-data-1.552b486997674afa8a6bb0fd8a92795c-delete and is scheduled for deletion (kafka.log.LogManager)
[2018-09-12 11:21:13,441] INFO Deleting index D:\programs\ApacheKafka\kafka-training\kafka\programsApacheKafkakafka-trainingkafkalogs\car-data-0.abb2815a673a4d49ba149bf9d5a4e885-delete\00000000000000000000.index (kafka.log.OffsetIndex)
[2018-09-12 11:21:13,441] INFO Deleting index D:\programs\ApacheKafka\kafka-training\kafka\programsApacheKafkakafka-trainingkafkalogs\car-data-0\00000000000000000000.timeindex (kafka.log.TimeIndex)
[2018-09-12 11:21:13,565] INFO Deleted log for partition car-data-0 in D:\programs\ApacheKafka\kafka-training\kafka\programsApacheKafkakafka-trainingkafkalogs\car-data-0.abb2815a673a4d49ba149bf9d5a4e885-delete. (kafka.log.LogManager)
[2018-09-12 11:21:13,565] INFO Deleting index D:\programs\ApacheKafka\kafka-training\kafka\programsApacheKafkakafka-trainingkafkalogs\car-data-1.552b486997674afa8a6bb0fd8a92795c-delete\00000000000000000000.index (kafka.log.OffsetIndex)
[2018-09-12 11:21:13,565] INFO Deleting index D:\programs\ApacheKafka\kafka-training\kafka\programsApacheKafkakafka-trainingkafkalogs\car-data-1\00000000000000000000.timeindex (kafka.log.TimeIndex)
[2018-09-12 11:21:13,581] INFO Deleted log for partition car-data-1 in D:\programs\ApacheKafka\kafka-training\kafka\programsApacheKafkakafka-trainingkafkalogs\car-data-1.552b486997674afa8a6bb0fd8a92795c-delete. (kafka.log.LogManager)
[2018-09-12 11:22:15,279] INFO [ReplicaFetcherManager on broker 0] Removed fetcher for partitions car-data-12,car-data-9,car-data-0,car-data-6,car-data-8,car-data-5,car-data-7,car-data-3,car-data-10,car-data-4,car-data-1,car-data-11,car-data-2 (kafka.server.ReplicaFetcherManager)
[2018-09-12 11:22:15,279] INFO Completed load of log car-data-5 with 1 log segments and log end offset 0 in 0 ms (kafka.log.Log)
[2018-09-12 11:22:15,295] INFO Created log for partition [car-data,5] in D:\programs\ApacheKafka\kafka-training\kafka\programsApacheKafkakafka-trainingkafkalogs with properties {compression.type -> producer, message.format.version -> 0.10.2-IV0, file.delete.delay.ms -> 60000, max.message.bytes -> 1000012, min.compaction.lag.ms -> 0, message.timestamp.type -> CreateTime, min.insync.replicas -> 1, segment.jitter.ms -> 0, preallocate -> false, min.cleanable.dirty.ratio -> 0.5, index.interval.bytes -> 4096, unclean.leader.election.enable -> true, retention.bytes -> -1, delete.retention.ms -> 86400000, cleanup.policy -> [delete], flush.ms -> 9223372036854775807, segment.ms -> 604800000, segment.bytes -> 1073741824, retention.ms -> 604800000, message.timestamp.difference.max.ms -> 9223372036854775807, segment.index.bytes -> 10485760, flush.messages -> 9223372036854775807}. (kafka.log.LogManager)
[2018-09-12 11:22:15,295] INFO Partition [car-data,5] on broker 0: No checkpointed highwatermark is found for partition car-data-5 (kafka.cluster.Partition)
[2018-09-12 11:22:15,295] INFO Completed load of log car-data-2 with 1 log segments and log end offset 0 in 0 ms (kafka.log.Log)
[2018-09-12 11:22:15,310] INFO Created log for partition [car-data,2] in D:\programs\ApacheKafka\kafka-training\kafka\programsApacheKafkakafka-trainingkafkalogs with properties {compression.type -> producer, message.format.version -> 0.10.2-IV0, file.delete.delay.ms -> 60000, max.message.bytes -> 1000012, min.compaction.lag.ms -> 0, message.timestamp.type -> CreateTime, min.insync.replicas -> 1, segment.jitter.ms -> 0, preallocate -> false, min.cleanable.dirty.ratio -> 0.5, index.interval.bytes -> 4096, unclean.leader.election.enable -> true, retention.bytes -> -1, delete.retention.ms -> 86400000, cleanup.policy -> [delete], flush.ms -> 9223372036854775807, segment.ms -> 604800000, segment.bytes -> 1073741824, retention.ms -> 604800000, message.timestamp.difference.max.ms -> 9223372036854775807, segment.index.bytes -> 10485760, flush.messages -> 9223372036854775807}. (kafka.log.LogManager)
[2018-09-12 11:22:15,310] INFO Partition [car-data,2] on broker 0: No checkpointed highwatermark is found for partition car-data-2 (kafka.cluster.Partition)
[2018-09-12 11:22:15,326] INFO Completed load of log car-data-12 with 1 log segments and log end offset 0 in 16 ms (kafka.log.Log)
[2018-09-12 11:22:15,326] INFO Created log for partition [car-data,12] in D:\programs\ApacheKafka\kafka-training\kafka\programsApacheKafkakafka-trainingkafkalogs with properties {compression.type -> producer, message.format.version -> 0.10.2-IV0, file.delete.delay.ms -> 60000, max.message.bytes -> 1000012, min.compaction.lag.ms -> 0, message.timestamp.type -> CreateTime, min.insync.replicas -> 1, segment.jitter.ms -> 0, preallocate -> false, min.cleanable.dirty.ratio -> 0.5, index.interval.bytes -> 4096, unclean.leader.election.enable -> true, retention.bytes -> -1, delete.retention.ms -> 86400000, cleanup.policy -> [delete], flush.ms -> 9223372036854775807, segment.ms -> 604800000, segment.bytes -> 1073741824, retention.ms -> 604800000, message.timestamp.difference.max.ms -> 9223372036854775807, segment.index.bytes -> 10485760, flush.messages -> 9223372036854775807}. (kafka.log.LogManager)
[2018-09-12 11:22:15,326] INFO Partition [car-data,12] on broker 0: No checkpointed highwatermark is found for partition car-data-12 (kafka.cluster.Partition)
[2018-09-12 11:22:15,342] INFO Completed load of log car-data-9 with 1 log segments and log end offset 0 in 16 ms (kafka.log.Log)
[2018-09-12 11:22:15,342] INFO Created log for partition [car-data,9] in D:\programs\ApacheKafka\kafka-training\kafka\programsApacheKafkakafka-trainingkafkalogs with properties {compression.type -> producer, message.format.version -> 0.10.2-IV0, file.delete.delay.ms -> 60000, max.message.bytes -> 1000012, min.compaction.lag.ms -> 0, message.timestamp.type -> CreateTime, min.insync.replicas -> 1, segment.jitter.ms -> 0, preallocate -> false, min.cleanable.dirty.ratio -> 0.5, index.interval.bytes -> 4096, unclean.leader.election.enable -> true, retention.bytes -> -1, delete.retention.ms -> 86400000, cleanup.policy -> [delete], flush.ms -> 9223372036854775807, segment.ms -> 604800000, segment.bytes -> 1073741824, retention.ms -> 604800000, message.timestamp.difference.max.ms -> 9223372036854775807, segment.index.bytes -> 10485760, flush.messages -> 9223372036854775807}. (kafka.log.LogManager)
[2018-09-12 11:22:15,357] INFO Partition [car-data,9] on broker 0: No checkpointed highwatermark is found for partition car-data-9 (kafka.cluster.Partition)
[2018-09-12 11:22:15,357] INFO Completed load of log car-data-6 with 1 log segments and log end offset 0 in 0 ms (kafka.log.Log)
[2018-09-12 11:22:15,373] INFO Created log for partition [car-data,6] in D:\programs\ApacheKafka\kafka-training\kafka\programsApacheKafkakafka-trainingkafkalogs with properties {compression.type -> producer, message.format.version -> 0.10.2-IV0, file.delete.delay.ms -> 60000, max.message.bytes -> 1000012, min.compaction.lag.ms -> 0, message.timestamp.type -> CreateTime, min.insync.replicas -> 1, segment.jitter.ms -> 0, preallocate -> false, min.cleanable.dirty.ratio -> 0.5, index.interval.bytes -> 4096, unclean.leader.election.enable -> true, retention.bytes -> -1, delete.retention.ms -> 86400000, cleanup.policy -> [delete], flush.ms -> 9223372036854775807, segment.ms -> 604800000, segment.bytes -> 1073741824, retention.ms -> 604800000, message.timestamp.difference.max.ms -> 9223372036854775807, segment.index.bytes -> 10485760, flush.messages -> 9223372036854775807}. (kafka.log.LogManager)
[2018-09-12 11:22:15,373] INFO Partition [car-data,6] on broker 0: No checkpointed highwatermark is found for partition car-data-6 (kafka.cluster.Partition)
[2018-09-12 11:22:15,388] INFO Completed load of log car-data-3 with 1 log segments and log end offset 0 in 0 ms (kafka.log.Log)
[2018-09-12 11:22:15,404] INFO Created log for partition [car-data,3] in D:\programs\ApacheKafka\kafka-training\kafka\programsApacheKafkakafka-trainingkafkalogs with properties {compression.type -> producer, message.format.version -> 0.10.2-IV0, file.delete.delay.ms -> 60000, max.message.bytes -> 1000012, min.compaction.lag.ms -> 0, message.timestamp.type -> CreateTime, min.insync.replicas -> 1, segment.jitter.ms -> 0, preallocate -> false, min.cleanable.dirty.ratio -> 0.5, index.interval.bytes -> 4096, unclean.leader.election.enable -> true, retention.bytes -> -1, delete.retention.ms -> 86400000, cleanup.policy -> [delete], flush.ms -> 9223372036854775807, segment.ms -> 604800000, segment.bytes -> 1073741824, retention.ms -> 604800000, message.timestamp.difference.max.ms -> 9223372036854775807, segment.index.bytes -> 10485760, flush.messages -> 9223372036854775807}. (kafka.log.LogManager)
[2018-09-12 11:22:15,404] INFO Partition [car-data,3] on broker 0: No checkpointed highwatermark is found for partition car-data-3 (kafka.cluster.Partition)
[2018-09-12 11:22:15,466] INFO Completed load of log car-data-0 with 1 log segments and log end offset 0 in 46 ms (kafka.log.Log)
[2018-09-12 11:22:15,466] INFO Created log for partition [car-data,0] in D:\programs\ApacheKafka\kafka-training\kafka\programsApacheKafkakafka-trainingkafkalogs with properties {compression.type -> producer, message.format.version -> 0.10.2-IV0, file.delete.delay.ms -> 60000, max.message.bytes -> 1000012, min.compaction.lag.ms -> 0, message.timestamp.type -> CreateTime, min.insync.replicas -> 1, segment.jitter.ms -> 0, preallocate -> false, min.cleanable.dirty.ratio -> 0.5, index.interval.bytes -> 4096, unclean.leader.election.enable -> true, retention.bytes -> -1, delete.retention.ms -> 86400000, cleanup.policy -> [delete], flush.ms -> 9223372036854775807, segment.ms -> 604800000, segment.bytes -> 1073741824, retention.ms -> 604800000, message.timestamp.difference.max.ms -> 9223372036854775807, segment.index.bytes -> 10485760, flush.messages -> 9223372036854775807}. (kafka.log.LogManager)
[2018-09-12 11:22:15,482] INFO Completed load of log car-data-10 with 1 log segments and log end offset 0 in 16 ms (kafka.log.Log)
[2018-09-12 11:22:15,482] INFO Created log for partition [car-data,10] in D:\programs\ApacheKafka\kafka-training\kafka\programsApacheKafkakafka-trainingkafkalogs with properties {compression.type -> producer, message.format.version -> 0.10.2-IV0, file.delete.delay.ms -> 60000, max.message.bytes -> 1000012, min.compaction.lag.ms -> 0, message.timestamp.type -> CreateTime, min.insync.replicas -> 1, segment.jitter.ms -> 0, preallocate -> false, min.cleanable.dirty.ratio -> 0.5, index.interval.bytes -> 4096, unclean.leader.election.enable -> true, retention.bytes -> -1, delete.retention.ms -> 86400000, cleanup.policy -> [delete], flush.ms -> 9223372036854775807, segment.ms -> 604800000, segment.bytes -> 1073741824, retention.ms -> 604800000, message.timestamp.difference.max.ms -> 9223372036854775807, segment.index.bytes -> 10485760, flush.messages -> 9223372036854775807}. (kafka.log.LogManager)
[2018-09-12 11:22:15,498] INFO Partition [car-data,10] on broker 0: No checkpointed highwatermark is found for partition car-data-10 (kafka.cluster.Partition)
[2018-09-12 11:22:15,498] INFO Completed load of log car-data-7 with 1 log segments and log end offset 0 in 0 ms (kafka.log.Log)
[2018-09-12 11:22:15,513] INFO Created log for partition [car-data,7] in D:\programs\ApacheKafka\kafka-training\kafka\programsApacheKafkakafka-trainingkafkalogs with properties {compression.type -> producer, message.format.version -> 0.10.2-IV0, file.delete.delay.ms -> 60000, max.message.bytes -> 1000012, min.compaction.lag.ms -> 0, message.timestamp.type -> CreateTime, min.insync.replicas -> 1, segment.jitter.ms -> 0, preallocate -> false, min.cleanable.dirty.ratio -> 0.5, index.interval.bytes -> 4096, unclean.leader.election.enable -> true, retention.bytes -> -1, delete.retention.ms -> 86400000, cleanup.policy -> [delete], flush.ms -> 9223372036854775807, segment.ms -> 604800000, segment.bytes -> 1073741824, retention.ms -> 604800000, message.timestamp.difference.max.ms -> 9223372036854775807, segment.index.bytes -> 10485760, flush.messages -> 9223372036854775807}. (kafka.log.LogManager)
[2018-09-12 11:22:15,513] INFO Partition [car-data,7] on broker 0: No checkpointed highwatermark is found for partition car-data-7 (kafka.cluster.Partition)
[2018-09-12 11:22:15,529] INFO Completed load of log car-data-4 with 1 log segments and log end offset 0 in 16 ms (kafka.log.Log)
[2018-09-12 11:22:15,529] INFO Created log for partition [car-data,4] in D:\programs\ApacheKafka\kafka-training\kafka\programsApacheKafkakafka-trainingkafkalogs with properties {compression.type -> producer, message.format.version -> 0.10.2-IV0, file.delete.delay.ms -> 60000, max.message.bytes -> 1000012, min.compaction.lag.ms -> 0, message.timestamp.type -> CreateTime, min.insync.replicas -> 1, segment.jitter.ms -> 0, preallocate -> false, min.cleanable.dirty.ratio -> 0.5, index.interval.bytes -> 4096, unclean.leader.election.enable -> true, retention.bytes -> -1, delete.retention.ms -> 86400000, cleanup.policy -> [delete], flush.ms -> 9223372036854775807, segment.ms -> 604800000, segment.bytes -> 1073741824, retention.ms -> 604800000, message.timestamp.difference.max.ms -> 9223372036854775807, segment.index.bytes -> 10485760, flush.messages -> 9223372036854775807}. (kafka.log.LogManager)
[2018-09-12 11:22:15,529] INFO Partition [car-data,4] on broker 0: No checkpointed highwatermark is found for partition car-data-4 (kafka.cluster.Partition)
[2018-09-12 11:22:15,544] INFO Completed load of log car-data-1 with 1 log segments and log end offset 0 in 0 ms (kafka.log.Log)
[2018-09-12 11:22:15,544] INFO Created log for partition [car-data,1] in D:\programs\ApacheKafka\kafka-training\kafka\programsApacheKafkakafka-trainingkafkalogs with properties {compression.type -> producer, message.format.version -> 0.10.2-IV0, file.delete.delay.ms -> 60000, max.message.bytes -> 1000012, min.compaction.lag.ms -> 0, message.timestamp.type -> CreateTime, min.insync.replicas -> 1, segment.jitter.ms -> 0, preallocate -> false, min.cleanable.dirty.ratio -> 0.5, index.interval.bytes -> 4096, unclean.leader.election.enable -> true, retention.bytes -> -1, delete.retention.ms -> 86400000, cleanup.policy -> [delete], flush.ms -> 9223372036854775807, segment.ms -> 604800000, segment.bytes -> 1073741824, retention.ms -> 604800000, message.timestamp.difference.max.ms -> 9223372036854775807, segment.index.bytes -> 10485760, flush.messages -> 9223372036854775807}. (kafka.log.LogManager)
[2018-09-12 11:22:15,560] INFO Completed load of log car-data-11 with 1 log segments and log end offset 0 in 0 ms (kafka.log.Log)
[2018-09-12 11:22:15,560] INFO Created log for partition [car-data,11] in D:\programs\ApacheKafka\kafka-training\kafka\programsApacheKafkakafka-trainingkafkalogs with properties {compression.type -> producer, message.format.version -> 0.10.2-IV0, file.delete.delay.ms -> 60000, max.message.bytes -> 1000012, min.compaction.lag.ms -> 0, message.timestamp.type -> CreateTime, min.insync.replicas -> 1, segment.jitter.ms -> 0, preallocate -> false, min.cleanable.dirty.ratio -> 0.5, index.interval.bytes -> 4096, unclean.leader.election.enable -> true, retention.bytes -> -1, delete.retention.ms -> 86400000, cleanup.policy -> [delete], flush.ms -> 9223372036854775807, segment.ms -> 604800000, segment.bytes -> 1073741824, retention.ms -> 604800000, message.timestamp.difference.max.ms -> 9223372036854775807, segment.index.bytes -> 10485760, flush.messages -> 9223372036854775807}. (kafka.log.LogManager)
[2018-09-12 11:22:15,560] INFO Partition [car-data,11] on broker 0: No checkpointed highwatermark is found for partition car-data-11 (kafka.cluster.Partition)
[2018-09-12 11:22:15,576] INFO Completed load of log car-data-8 with 1 log segments and log end offset 0 in 0 ms (kafka.log.Log)
[2018-09-12 11:22:15,576] INFO Created log for partition [car-data,8] in D:\programs\ApacheKafka\kafka-training\kafka\programsApacheKafkakafka-trainingkafkalogs with properties {compression.type -> producer, message.format.version -> 0.10.2-IV0, file.delete.delay.ms -> 60000, max.message.bytes -> 1000012, min.compaction.lag.ms -> 0, message.timestamp.type -> CreateTime, min.insync.replicas -> 1, segment.jitter.ms -> 0, preallocate -> false, min.cleanable.dirty.ratio -> 0.5, index.interval.bytes -> 4096, unclean.leader.election.enable -> true, retention.bytes -> -1, delete.retention.ms -> 86400000, cleanup.policy -> [delete], flush.ms -> 9223372036854775807, segment.ms -> 604800000, segment.bytes -> 1073741824, retention.ms -> 604800000, message.timestamp.difference.max.ms -> 9223372036854775807, segment.index.bytes -> 10485760, flush.messages -> 9223372036854775807}. (kafka.log.LogManager)
[2018-09-12 11:22:15,576] INFO Partition [car-data,8] on broker 0: No checkpointed highwatermark is found for partition car-data-8 (kafka.cluster.Partition)
[2018-09-12 11:29:44,017] INFO [Group Metadata Manager on Broker 0]: Removed 0 expired offsets in 0 milliseconds. (kafka.coordinator.GroupMetadataManager)
[2018-09-12 11:39:44,015] INFO [Group Metadata Manager on Broker 0]: Removed 0 expired offsets in 0 milliseconds. (kafka.coordinator.GroupMetadataManager)
[2018-09-12 11:49:44,017] INFO [Group Metadata Manager on Broker 0]: Removed 0 expired offsets in 0 milliseconds. (kafka.coordinator.GroupMetadataManager)
[2018-09-12 11:59:44,025] INFO [Group Metadata Manager on Broker 0]: Removed 0 expired offsets in 0 milliseconds. (kafka.coordinator.GroupMetadataManager)
