[2018-09-12 08:26:19,767] DEBUG preRegister called. Server=com.sun.jmx.mbeanserver.JmxMBeanServer@66d3c617, name=log4j:logger=state.change.logger (state.change.logger)
[2018-09-12 08:55:48,372] TRACE Controller 0 epoch 1 received response {error_code=0} for a request sent to broker user-PC:9092 (id: 0 rack: null) (state.change.logger)
[2018-09-12 08:59:15,212] TRACE Controller 0 epoch 1 changed partition [test,0] state from NonExistentPartition to NewPartition with assigned replicas 0 (state.change.logger)
[2018-09-12 08:59:15,259] TRACE Controller 0 epoch 1 changed state of replica 0 for partition [test,0] from NonExistentReplica to NewReplica (state.change.logger)
[2018-09-12 08:59:15,680] TRACE Controller 0 epoch 1 changed partition [test,0] from NewPartition to OnlinePartition with leader 0 (state.change.logger)
[2018-09-12 08:59:15,680] TRACE Controller 0 epoch 1 sending become-leader LeaderAndIsr request (Leader:0,ISR:0,LeaderEpoch:0,ControllerEpoch:1) to broker 0 for partition [test,0] (state.change.logger)
[2018-09-12 08:59:15,696] TRACE Controller 0 epoch 1 sending UpdateMetadata request (Leader:0,ISR:0,LeaderEpoch:0,ControllerEpoch:1) to brokers Set(0) for partition test-0 (state.change.logger)
[2018-09-12 08:59:15,696] TRACE Controller 0 epoch 1 changed state of replica 0 for partition [test,0] from NewReplica to OnlineReplica (state.change.logger)
[2018-09-12 08:59:15,742] TRACE Broker 0 received LeaderAndIsr request PartitionState(controllerEpoch=1, leader=0, leaderEpoch=0, isr=[0], zkVersion=0, replicas=[0]) correlation id 1 from controller 0 epoch 1 for partition [test,0] (state.change.logger)
[2018-09-12 08:59:15,789] TRACE Broker 0 handling LeaderAndIsr request correlationId 1 from controller 0 epoch 1 starting the become-leader transition for partition test-0 (state.change.logger)
[2018-09-12 08:59:16,242] TRACE Broker 0 stopped fetchers as part of become-leader request from controller 0 epoch 1 with correlation id 1 for partition test-0 (state.change.logger)
[2018-09-12 08:59:16,257] TRACE Broker 0 completed LeaderAndIsr request correlationId 1 from controller 0 epoch 1 for the become-leader transition for partition test-0 (state.change.logger)
[2018-09-12 08:59:16,382] TRACE Controller 0 epoch 1 received response {error_code=0,partitions=[{topic=test,partition=0,error_code=0}]} for a request sent to broker user-PC:9092 (id: 0 rack: null) (state.change.logger)
[2018-09-12 08:59:16,382] TRACE Broker 0 cached leader info (LeaderAndIsrInfo:(Leader:0,ISR:0,LeaderEpoch:0,ControllerEpoch:1),ReplicationFactor:1),AllReplicas:0) for partition test-0 in response to UpdateMetadata request sent by controller 0 epoch 1 with correlation id 2 (state.change.logger)
[2018-09-12 08:59:16,398] TRACE Controller 0 epoch 1 received response {error_code=0} for a request sent to broker user-PC:9092 (id: 0 rack: null) (state.change.logger)
[2018-09-12 09:16:38,023] DEBUG preRegister called. Server=com.sun.jmx.mbeanserver.JmxMBeanServer@66d3c617, name=log4j:logger=state.change.logger (state.change.logger)
[2018-09-12 09:17:36,773] TRACE Controller 0 epoch 2 sending UpdateMetadata request (Leader:0,ISR:0,LeaderEpoch:0,ControllerEpoch:1) to brokers Set() for partition test-0 (state.change.logger)
[2018-09-12 09:17:36,820] TRACE Controller 0 epoch 2 started leader election for partition [test,0] (state.change.logger)
[2018-09-12 09:17:36,898] ERROR Controller 0 epoch 2 initiated state change for partition [test,0] from OfflinePartition to OnlinePartition failed (state.change.logger)
kafka.common.NoReplicaOnlineException: No replica for partition [test,0] is alive. Live brokers are: [Set()], Assigned replicas are: [List(0)]
	at kafka.controller.OfflinePartitionLeaderSelector.selectLeader(PartitionLeaderSelector.scala:73)
	at kafka.controller.PartitionStateMachine.electLeaderForPartition(PartitionStateMachine.scala:339)
	at kafka.controller.PartitionStateMachine.kafka$controller$PartitionStateMachine$$handleStateChange(PartitionStateMachine.scala:200)
	at kafka.controller.PartitionStateMachine$$anonfun$triggerOnlinePartitionStateChange$3.apply(PartitionStateMachine.scala:115)
	at kafka.controller.PartitionStateMachine$$anonfun$triggerOnlinePartitionStateChange$3.apply(PartitionStateMachine.scala:112)
	at scala.collection.TraversableLike$WithFilter$$anonfun$foreach$1.apply(TraversableLike.scala:772)
	at scala.collection.mutable.HashMap$$anonfun$foreach$1.apply(HashMap.scala:98)
	at scala.collection.mutable.HashMap$$anonfun$foreach$1.apply(HashMap.scala:98)
	at scala.collection.mutable.HashTable$class.foreachEntry(HashTable.scala:226)
	at scala.collection.mutable.HashMap.foreachEntry(HashMap.scala:39)
	at scala.collection.mutable.HashMap.foreach(HashMap.scala:98)
	at scala.collection.TraversableLike$WithFilter.foreach(TraversableLike.scala:771)
	at kafka.controller.PartitionStateMachine.triggerOnlinePartitionStateChange(PartitionStateMachine.scala:112)
	at kafka.controller.PartitionStateMachine.startup(PartitionStateMachine.scala:67)
	at kafka.controller.KafkaController.onControllerFailover(KafkaController.scala:342)
	at kafka.controller.KafkaController$$anonfun$1.apply$mcV$sp(KafkaController.scala:160)
	at kafka.server.ZookeeperLeaderElector.elect(ZookeeperLeaderElector.scala:85)
	at kafka.server.ZookeeperLeaderElector$$anonfun$startup$1.apply$mcZ$sp(ZookeeperLeaderElector.scala:51)
	at kafka.server.ZookeeperLeaderElector$$anonfun$startup$1.apply(ZookeeperLeaderElector.scala:49)
	at kafka.server.ZookeeperLeaderElector$$anonfun$startup$1.apply(ZookeeperLeaderElector.scala:49)
	at kafka.utils.CoreUtils$.inLock(CoreUtils.scala:213)
	at kafka.server.ZookeeperLeaderElector.startup(ZookeeperLeaderElector.scala:49)
	at kafka.controller.KafkaController$$anonfun$startup$1.apply$mcV$sp(KafkaController.scala:681)
	at kafka.controller.KafkaController$$anonfun$startup$1.apply(KafkaController.scala:677)
	at kafka.controller.KafkaController$$anonfun$startup$1.apply(KafkaController.scala:677)
	at kafka.utils.CoreUtils$.inLock(CoreUtils.scala:213)
	at kafka.controller.KafkaController.startup(KafkaController.scala:677)
	at kafka.server.KafkaServer.startup(KafkaServer.scala:224)
	at kafka.server.KafkaServerStartable.startup(KafkaServerStartable.scala:39)
	at kafka.Kafka$.main(Kafka.scala:67)
	at kafka.Kafka.main(Kafka.scala)
[2018-09-12 09:17:37,459] TRACE Controller 0 epoch 2 sending UpdateMetadata request (Leader:0,ISR:0,LeaderEpoch:0,ControllerEpoch:1) to brokers Set(0) for partition test-0 (state.change.logger)
[2018-09-12 09:17:37,475] TRACE Controller 0 epoch 2 changed state of replica 0 for partition [test,0] from ReplicaDeletionIneligible to OnlineReplica (state.change.logger)
[2018-09-12 09:17:37,475] TRACE Controller 0 epoch 2 sending become-leader LeaderAndIsr request (Leader:0,ISR:0,LeaderEpoch:0,ControllerEpoch:1) to broker 0 for partition [test,0] (state.change.logger)
[2018-09-12 09:17:37,491] TRACE Controller 0 epoch 2 sending UpdateMetadata request (Leader:0,ISR:0,LeaderEpoch:0,ControllerEpoch:1) to brokers Set(0) for partition test-0 (state.change.logger)
[2018-09-12 09:17:37,491] TRACE Controller 0 epoch 2 started leader election for partition [test,0] (state.change.logger)
[2018-09-12 09:17:37,647] TRACE Broker 0 cached leader info (LeaderAndIsrInfo:(Leader:0,ISR:0,LeaderEpoch:0,ControllerEpoch:1),ReplicationFactor:1),AllReplicas:0) for partition test-0 in response to UpdateMetadata request sent by controller 0 epoch 2 with correlation id 0 (state.change.logger)
[2018-09-12 09:17:37,709] TRACE Controller 0 epoch 2 received response {error_code=0} for a request sent to broker user-PC:9092 (id: 0 rack: null) (state.change.logger)
[2018-09-12 09:17:37,943] TRACE Broker 0 received LeaderAndIsr request PartitionState(controllerEpoch=1, leader=0, leaderEpoch=0, isr=[0], zkVersion=0, replicas=[0]) correlation id 1 from controller 0 epoch 2 for partition [test,0] (state.change.logger)
[2018-09-12 09:17:37,959] TRACE Broker 0 handling LeaderAndIsr request correlationId 1 from controller 0 epoch 2 starting the become-leader transition for partition test-0 (state.change.logger)
[2018-09-12 09:17:38,068] TRACE Broker 0 stopped fetchers as part of become-leader request from controller 0 epoch 2 with correlation id 1 for partition test-0 (state.change.logger)
[2018-09-12 09:17:38,068] TRACE Broker 0 completed LeaderAndIsr request correlationId 1 from controller 0 epoch 2 for the become-leader transition for partition test-0 (state.change.logger)
[2018-09-12 09:17:38,083] TRACE Controller 0 epoch 2 received response {error_code=0,partitions=[{topic=test,partition=0,error_code=0}]} for a request sent to broker user-PC:9092 (id: 0 rack: null) (state.change.logger)
[2018-09-12 09:17:38,099] TRACE Broker 0 cached leader info (LeaderAndIsrInfo:(Leader:0,ISR:0,LeaderEpoch:0,ControllerEpoch:1),ReplicationFactor:1),AllReplicas:0) for partition test-0 in response to UpdateMetadata request sent by controller 0 epoch 2 with correlation id 2 (state.change.logger)
[2018-09-12 09:17:38,099] TRACE Controller 0 epoch 2 received response {error_code=0} for a request sent to broker user-PC:9092 (id: 0 rack: null) (state.change.logger)
[2018-09-12 09:17:38,099] TRACE Controller 0 epoch 2 elected leader 0 for Offline partition [test,0] (state.change.logger)
[2018-09-12 09:17:38,099] TRACE Controller 0 epoch 2 changed partition [test,0] from OfflinePartition to OnlinePartition with leader 0 (state.change.logger)
[2018-09-12 09:17:38,099] TRACE Controller 0 epoch 2 sending become-leader LeaderAndIsr request (Leader:0,ISR:0,LeaderEpoch:1,ControllerEpoch:2) to broker 0 for partition [test,0] (state.change.logger)
[2018-09-12 09:17:38,115] TRACE Controller 0 epoch 2 sending UpdateMetadata request (Leader:0,ISR:0,LeaderEpoch:1,ControllerEpoch:2) to brokers Set(0) for partition test-0 (state.change.logger)
[2018-09-12 09:17:38,115] TRACE Broker 0 received LeaderAndIsr request PartitionState(controllerEpoch=2, leader=0, leaderEpoch=1, isr=[0], zkVersion=1, replicas=[0]) correlation id 3 from controller 0 epoch 2 for partition [test,0] (state.change.logger)
[2018-09-12 09:17:38,115] TRACE Broker 0 handling LeaderAndIsr request correlationId 3 from controller 0 epoch 2 starting the become-leader transition for partition test-0 (state.change.logger)
[2018-09-12 09:17:38,115] INFO Broker 0 skipped the become-leader state change after marking its partition as leader with correlation id 3 from controller 0 epoch 2 for partition test-0 since it is already the leader for the partition. (state.change.logger)
[2018-09-12 09:17:38,115] TRACE Broker 0 completed LeaderAndIsr request correlationId 3 from controller 0 epoch 2 for the become-leader transition for partition test-0 (state.change.logger)
[2018-09-12 09:17:38,115] TRACE Controller 0 epoch 2 received response {error_code=0,partitions=[{topic=test,partition=0,error_code=0}]} for a request sent to broker user-PC:9092 (id: 0 rack: null) (state.change.logger)
[2018-09-12 09:17:38,130] TRACE Broker 0 cached leader info (LeaderAndIsrInfo:(Leader:0,ISR:0,LeaderEpoch:1,ControllerEpoch:2),ReplicationFactor:1),AllReplicas:0) for partition test-0 in response to UpdateMetadata request sent by controller 0 epoch 2 with correlation id 4 (state.change.logger)
[2018-09-12 09:17:38,130] TRACE Controller 0 epoch 2 received response {error_code=0} for a request sent to broker user-PC:9092 (id: 0 rack: null) (state.change.logger)
[2018-09-12 09:19:53,632] TRACE Controller 0 epoch 2 changed partition [car-data,0] state from NonExistentPartition to NewPartition with assigned replicas 0 (state.change.logger)
[2018-09-12 09:19:53,632] TRACE Controller 0 epoch 2 changed partition [car-data,1] state from NonExistentPartition to NewPartition with assigned replicas 0 (state.change.logger)
[2018-09-12 09:19:53,647] TRACE Controller 0 epoch 2 changed state of replica 0 for partition [car-data,0] from NonExistentReplica to NewReplica (state.change.logger)
[2018-09-12 09:19:53,647] TRACE Controller 0 epoch 2 changed state of replica 0 for partition [car-data,1] from NonExistentReplica to NewReplica (state.change.logger)
[2018-09-12 09:19:53,788] TRACE Controller 0 epoch 2 changed partition [car-data,0] from NewPartition to OnlinePartition with leader 0 (state.change.logger)
[2018-09-12 09:19:53,866] TRACE Controller 0 epoch 2 changed partition [car-data,1] from NewPartition to OnlinePartition with leader 0 (state.change.logger)
[2018-09-12 09:19:53,866] TRACE Controller 0 epoch 2 sending become-leader LeaderAndIsr request (Leader:0,ISR:0,LeaderEpoch:0,ControllerEpoch:2) to broker 0 for partition [car-data,1] (state.change.logger)
[2018-09-12 09:19:53,866] TRACE Controller 0 epoch 2 sending become-leader LeaderAndIsr request (Leader:0,ISR:0,LeaderEpoch:0,ControllerEpoch:2) to broker 0 for partition [car-data,0] (state.change.logger)
[2018-09-12 09:19:53,866] TRACE Controller 0 epoch 2 sending UpdateMetadata request (Leader:0,ISR:0,LeaderEpoch:0,ControllerEpoch:2) to brokers Set(0) for partition car-data-1 (state.change.logger)
[2018-09-12 09:19:53,866] TRACE Controller 0 epoch 2 sending UpdateMetadata request (Leader:0,ISR:0,LeaderEpoch:0,ControllerEpoch:2) to brokers Set(0) for partition car-data-0 (state.change.logger)
[2018-09-12 09:19:53,881] TRACE Broker 0 received LeaderAndIsr request PartitionState(controllerEpoch=2, leader=0, leaderEpoch=0, isr=[0], zkVersion=0, replicas=[0]) correlation id 5 from controller 0 epoch 2 for partition [car-data,1] (state.change.logger)
[2018-09-12 09:19:53,881] TRACE Broker 0 received LeaderAndIsr request PartitionState(controllerEpoch=2, leader=0, leaderEpoch=0, isr=[0], zkVersion=0, replicas=[0]) correlation id 5 from controller 0 epoch 2 for partition [car-data,0] (state.change.logger)
[2018-09-12 09:19:53,881] TRACE Broker 0 handling LeaderAndIsr request correlationId 5 from controller 0 epoch 2 starting the become-leader transition for partition car-data-0 (state.change.logger)
[2018-09-12 09:19:53,881] TRACE Broker 0 handling LeaderAndIsr request correlationId 5 from controller 0 epoch 2 starting the become-leader transition for partition car-data-1 (state.change.logger)
[2018-09-12 09:19:53,897] TRACE Controller 0 epoch 2 changed state of replica 0 for partition [car-data,0] from NewReplica to OnlineReplica (state.change.logger)
[2018-09-12 09:19:53,897] TRACE Controller 0 epoch 2 changed state of replica 0 for partition [car-data,1] from NewReplica to OnlineReplica (state.change.logger)
[2018-09-12 09:19:53,959] TRACE Broker 0 stopped fetchers as part of become-leader request from controller 0 epoch 2 with correlation id 5 for partition car-data-0 (state.change.logger)
[2018-09-12 09:19:53,959] TRACE Broker 0 stopped fetchers as part of become-leader request from controller 0 epoch 2 with correlation id 5 for partition car-data-1 (state.change.logger)
[2018-09-12 09:19:53,959] TRACE Broker 0 completed LeaderAndIsr request correlationId 5 from controller 0 epoch 2 for the become-leader transition for partition car-data-0 (state.change.logger)
[2018-09-12 09:19:53,959] TRACE Broker 0 completed LeaderAndIsr request correlationId 5 from controller 0 epoch 2 for the become-leader transition for partition car-data-1 (state.change.logger)
[2018-09-12 09:19:53,959] TRACE Controller 0 epoch 2 received response {error_code=0,partitions=[{topic=car-data,partition=1,error_code=0},{topic=car-data,partition=0,error_code=0}]} for a request sent to broker user-PC:9092 (id: 0 rack: null) (state.change.logger)
[2018-09-12 09:19:53,975] TRACE Broker 0 cached leader info (LeaderAndIsrInfo:(Leader:0,ISR:0,LeaderEpoch:0,ControllerEpoch:2),ReplicationFactor:1),AllReplicas:0) for partition car-data-1 in response to UpdateMetadata request sent by controller 0 epoch 2 with correlation id 6 (state.change.logger)
[2018-09-12 09:19:53,975] TRACE Broker 0 cached leader info (LeaderAndIsrInfo:(Leader:0,ISR:0,LeaderEpoch:0,ControllerEpoch:2),ReplicationFactor:1),AllReplicas:0) for partition car-data-0 in response to UpdateMetadata request sent by controller 0 epoch 2 with correlation id 6 (state.change.logger)
[2018-09-12 09:19:53,975] TRACE Controller 0 epoch 2 received response {error_code=0} for a request sent to broker user-PC:9092 (id: 0 rack: null) (state.change.logger)
[2018-09-12 09:35:55,106] DEBUG preRegister called. Server=com.sun.jmx.mbeanserver.JmxMBeanServer@66d3c617, name=log4j:logger=state.change.logger (state.change.logger)
[2018-09-12 09:36:24,262] TRACE Controller 0 epoch 3 sending UpdateMetadata request (Leader:0,ISR:0,LeaderEpoch:0,ControllerEpoch:2) to brokers Set() for partition car-data-1 (state.change.logger)
[2018-09-12 09:36:24,262] TRACE Controller 0 epoch 3 sending UpdateMetadata request (Leader:0,ISR:0,LeaderEpoch:0,ControllerEpoch:2) to brokers Set() for partition car-data-0 (state.change.logger)
[2018-09-12 09:36:24,262] TRACE Controller 0 epoch 3 sending UpdateMetadata request (Leader:0,ISR:0,LeaderEpoch:1,ControllerEpoch:2) to brokers Set() for partition test-0 (state.change.logger)
[2018-09-12 09:36:24,309] TRACE Controller 0 epoch 3 started leader election for partition [car-data,0] (state.change.logger)
[2018-09-12 09:36:24,340] ERROR Controller 0 epoch 3 initiated state change for partition [car-data,0] from OfflinePartition to OnlinePartition failed (state.change.logger)
kafka.common.NoReplicaOnlineException: No replica for partition [car-data,0] is alive. Live brokers are: [Set()], Assigned replicas are: [List(0)]
	at kafka.controller.OfflinePartitionLeaderSelector.selectLeader(PartitionLeaderSelector.scala:73)
	at kafka.controller.PartitionStateMachine.electLeaderForPartition(PartitionStateMachine.scala:339)
	at kafka.controller.PartitionStateMachine.kafka$controller$PartitionStateMachine$$handleStateChange(PartitionStateMachine.scala:200)
	at kafka.controller.PartitionStateMachine$$anonfun$triggerOnlinePartitionStateChange$3.apply(PartitionStateMachine.scala:115)
	at kafka.controller.PartitionStateMachine$$anonfun$triggerOnlinePartitionStateChange$3.apply(PartitionStateMachine.scala:112)
	at scala.collection.TraversableLike$WithFilter$$anonfun$foreach$1.apply(TraversableLike.scala:772)
	at scala.collection.mutable.HashMap$$anonfun$foreach$1.apply(HashMap.scala:98)
	at scala.collection.mutable.HashMap$$anonfun$foreach$1.apply(HashMap.scala:98)
	at scala.collection.mutable.HashTable$class.foreachEntry(HashTable.scala:226)
	at scala.collection.mutable.HashMap.foreachEntry(HashMap.scala:39)
	at scala.collection.mutable.HashMap.foreach(HashMap.scala:98)
	at scala.collection.TraversableLike$WithFilter.foreach(TraversableLike.scala:771)
	at kafka.controller.PartitionStateMachine.triggerOnlinePartitionStateChange(PartitionStateMachine.scala:112)
	at kafka.controller.PartitionStateMachine.startup(PartitionStateMachine.scala:67)
	at kafka.controller.KafkaController.onControllerFailover(KafkaController.scala:342)
	at kafka.controller.KafkaController$$anonfun$1.apply$mcV$sp(KafkaController.scala:160)
	at kafka.server.ZookeeperLeaderElector.elect(ZookeeperLeaderElector.scala:85)
	at kafka.server.ZookeeperLeaderElector$$anonfun$startup$1.apply$mcZ$sp(ZookeeperLeaderElector.scala:51)
	at kafka.server.ZookeeperLeaderElector$$anonfun$startup$1.apply(ZookeeperLeaderElector.scala:49)
	at kafka.server.ZookeeperLeaderElector$$anonfun$startup$1.apply(ZookeeperLeaderElector.scala:49)
	at kafka.utils.CoreUtils$.inLock(CoreUtils.scala:213)
	at kafka.server.ZookeeperLeaderElector.startup(ZookeeperLeaderElector.scala:49)
	at kafka.controller.KafkaController$$anonfun$startup$1.apply$mcV$sp(KafkaController.scala:681)
	at kafka.controller.KafkaController$$anonfun$startup$1.apply(KafkaController.scala:677)
	at kafka.controller.KafkaController$$anonfun$startup$1.apply(KafkaController.scala:677)
	at kafka.utils.CoreUtils$.inLock(CoreUtils.scala:213)
	at kafka.controller.KafkaController.startup(KafkaController.scala:677)
	at kafka.server.KafkaServer.startup(KafkaServer.scala:224)
	at kafka.server.KafkaServerStartable.startup(KafkaServerStartable.scala:39)
	at kafka.Kafka$.main(Kafka.scala:67)
	at kafka.Kafka.main(Kafka.scala)
[2018-09-12 09:36:24,356] TRACE Controller 0 epoch 3 started leader election for partition [test,0] (state.change.logger)
[2018-09-12 09:36:24,372] ERROR Controller 0 epoch 3 initiated state change for partition [test,0] from OfflinePartition to OnlinePartition failed (state.change.logger)
kafka.common.NoReplicaOnlineException: No replica for partition [test,0] is alive. Live brokers are: [Set()], Assigned replicas are: [List(0)]
	at kafka.controller.OfflinePartitionLeaderSelector.selectLeader(PartitionLeaderSelector.scala:73)
	at kafka.controller.PartitionStateMachine.electLeaderForPartition(PartitionStateMachine.scala:339)
	at kafka.controller.PartitionStateMachine.kafka$controller$PartitionStateMachine$$handleStateChange(PartitionStateMachine.scala:200)
	at kafka.controller.PartitionStateMachine$$anonfun$triggerOnlinePartitionStateChange$3.apply(PartitionStateMachine.scala:115)
	at kafka.controller.PartitionStateMachine$$anonfun$triggerOnlinePartitionStateChange$3.apply(PartitionStateMachine.scala:112)
	at scala.collection.TraversableLike$WithFilter$$anonfun$foreach$1.apply(TraversableLike.scala:772)
	at scala.collection.mutable.HashMap$$anonfun$foreach$1.apply(HashMap.scala:98)
	at scala.collection.mutable.HashMap$$anonfun$foreach$1.apply(HashMap.scala:98)
	at scala.collection.mutable.HashTable$class.foreachEntry(HashTable.scala:226)
	at scala.collection.mutable.HashMap.foreachEntry(HashMap.scala:39)
	at scala.collection.mutable.HashMap.foreach(HashMap.scala:98)
	at scala.collection.TraversableLike$WithFilter.foreach(TraversableLike.scala:771)
	at kafka.controller.PartitionStateMachine.triggerOnlinePartitionStateChange(PartitionStateMachine.scala:112)
	at kafka.controller.PartitionStateMachine.startup(PartitionStateMachine.scala:67)
	at kafka.controller.KafkaController.onControllerFailover(KafkaController.scala:342)
	at kafka.controller.KafkaController$$anonfun$1.apply$mcV$sp(KafkaController.scala:160)
	at kafka.server.ZookeeperLeaderElector.elect(ZookeeperLeaderElector.scala:85)
	at kafka.server.ZookeeperLeaderElector$$anonfun$startup$1.apply$mcZ$sp(ZookeeperLeaderElector.scala:51)
	at kafka.server.ZookeeperLeaderElector$$anonfun$startup$1.apply(ZookeeperLeaderElector.scala:49)
	at kafka.server.ZookeeperLeaderElector$$anonfun$startup$1.apply(ZookeeperLeaderElector.scala:49)
	at kafka.utils.CoreUtils$.inLock(CoreUtils.scala:213)
	at kafka.server.ZookeeperLeaderElector.startup(ZookeeperLeaderElector.scala:49)
	at kafka.controller.KafkaController$$anonfun$startup$1.apply$mcV$sp(KafkaController.scala:681)
	at kafka.controller.KafkaController$$anonfun$startup$1.apply(KafkaController.scala:677)
	at kafka.controller.KafkaController$$anonfun$startup$1.apply(KafkaController.scala:677)
	at kafka.utils.CoreUtils$.inLock(CoreUtils.scala:213)
	at kafka.controller.KafkaController.startup(KafkaController.scala:677)
	at kafka.server.KafkaServer.startup(KafkaServer.scala:224)
	at kafka.server.KafkaServerStartable.startup(KafkaServerStartable.scala:39)
	at kafka.Kafka$.main(Kafka.scala:67)
	at kafka.Kafka.main(Kafka.scala)
[2018-09-12 09:36:24,387] TRACE Controller 0 epoch 3 started leader election for partition [car-data,1] (state.change.logger)
[2018-09-12 09:36:24,403] ERROR Controller 0 epoch 3 initiated state change for partition [car-data,1] from OfflinePartition to OnlinePartition failed (state.change.logger)
kafka.common.NoReplicaOnlineException: No replica for partition [car-data,1] is alive. Live brokers are: [Set()], Assigned replicas are: [List(0)]
	at kafka.controller.OfflinePartitionLeaderSelector.selectLeader(PartitionLeaderSelector.scala:73)
	at kafka.controller.PartitionStateMachine.electLeaderForPartition(PartitionStateMachine.scala:339)
	at kafka.controller.PartitionStateMachine.kafka$controller$PartitionStateMachine$$handleStateChange(PartitionStateMachine.scala:200)
	at kafka.controller.PartitionStateMachine$$anonfun$triggerOnlinePartitionStateChange$3.apply(PartitionStateMachine.scala:115)
	at kafka.controller.PartitionStateMachine$$anonfun$triggerOnlinePartitionStateChange$3.apply(PartitionStateMachine.scala:112)
	at scala.collection.TraversableLike$WithFilter$$anonfun$foreach$1.apply(TraversableLike.scala:772)
	at scala.collection.mutable.HashMap$$anonfun$foreach$1.apply(HashMap.scala:98)
	at scala.collection.mutable.HashMap$$anonfun$foreach$1.apply(HashMap.scala:98)
	at scala.collection.mutable.HashTable$class.foreachEntry(HashTable.scala:226)
	at scala.collection.mutable.HashMap.foreachEntry(HashMap.scala:39)
	at scala.collection.mutable.HashMap.foreach(HashMap.scala:98)
	at scala.collection.TraversableLike$WithFilter.foreach(TraversableLike.scala:771)
	at kafka.controller.PartitionStateMachine.triggerOnlinePartitionStateChange(PartitionStateMachine.scala:112)
	at kafka.controller.PartitionStateMachine.startup(PartitionStateMachine.scala:67)
	at kafka.controller.KafkaController.onControllerFailover(KafkaController.scala:342)
	at kafka.controller.KafkaController$$anonfun$1.apply$mcV$sp(KafkaController.scala:160)
	at kafka.server.ZookeeperLeaderElector.elect(ZookeeperLeaderElector.scala:85)
	at kafka.server.ZookeeperLeaderElector$$anonfun$startup$1.apply$mcZ$sp(ZookeeperLeaderElector.scala:51)
	at kafka.server.ZookeeperLeaderElector$$anonfun$startup$1.apply(ZookeeperLeaderElector.scala:49)
	at kafka.server.ZookeeperLeaderElector$$anonfun$startup$1.apply(ZookeeperLeaderElector.scala:49)
	at kafka.utils.CoreUtils$.inLock(CoreUtils.scala:213)
	at kafka.server.ZookeeperLeaderElector.startup(ZookeeperLeaderElector.scala:49)
	at kafka.controller.KafkaController$$anonfun$startup$1.apply$mcV$sp(KafkaController.scala:681)
	at kafka.controller.KafkaController$$anonfun$startup$1.apply(KafkaController.scala:677)
	at kafka.controller.KafkaController$$anonfun$startup$1.apply(KafkaController.scala:677)
	at kafka.utils.CoreUtils$.inLock(CoreUtils.scala:213)
	at kafka.controller.KafkaController.startup(KafkaController.scala:677)
	at kafka.server.KafkaServer.startup(KafkaServer.scala:224)
	at kafka.server.KafkaServerStartable.startup(KafkaServerStartable.scala:39)
	at kafka.Kafka$.main(Kafka.scala:67)
	at kafka.Kafka.main(Kafka.scala)
[2018-09-12 09:36:24,918] TRACE Controller 0 epoch 3 sending UpdateMetadata request (Leader:0,ISR:0,LeaderEpoch:0,ControllerEpoch:2) to brokers Set(0) for partition car-data-1 (state.change.logger)
[2018-09-12 09:36:24,918] TRACE Controller 0 epoch 3 sending UpdateMetadata request (Leader:0,ISR:0,LeaderEpoch:0,ControllerEpoch:2) to brokers Set(0) for partition car-data-0 (state.change.logger)
[2018-09-12 09:36:24,918] TRACE Controller 0 epoch 3 sending UpdateMetadata request (Leader:0,ISR:0,LeaderEpoch:1,ControllerEpoch:2) to brokers Set(0) for partition test-0 (state.change.logger)
[2018-09-12 09:36:24,933] TRACE Controller 0 epoch 3 changed state of replica 0 for partition [car-data,0] from ReplicaDeletionIneligible to OnlineReplica (state.change.logger)
[2018-09-12 09:36:24,933] TRACE Controller 0 epoch 3 changed state of replica 0 for partition [test,0] from ReplicaDeletionIneligible to OnlineReplica (state.change.logger)
[2018-09-12 09:36:24,933] TRACE Controller 0 epoch 3 changed state of replica 0 for partition [car-data,1] from ReplicaDeletionIneligible to OnlineReplica (state.change.logger)
[2018-09-12 09:36:24,949] TRACE Controller 0 epoch 3 sending become-leader LeaderAndIsr request (Leader:0,ISR:0,LeaderEpoch:0,ControllerEpoch:2) to broker 0 for partition [car-data,1] (state.change.logger)
[2018-09-12 09:36:24,949] TRACE Controller 0 epoch 3 sending become-leader LeaderAndIsr request (Leader:0,ISR:0,LeaderEpoch:0,ControllerEpoch:2) to broker 0 for partition [car-data,0] (state.change.logger)
[2018-09-12 09:36:24,949] TRACE Controller 0 epoch 3 sending become-leader LeaderAndIsr request (Leader:0,ISR:0,LeaderEpoch:1,ControllerEpoch:2) to broker 0 for partition [test,0] (state.change.logger)
[2018-09-12 09:36:24,949] TRACE Controller 0 epoch 3 sending UpdateMetadata request (Leader:0,ISR:0,LeaderEpoch:0,ControllerEpoch:2) to brokers Set(0) for partition car-data-1 (state.change.logger)
[2018-09-12 09:36:24,949] TRACE Controller 0 epoch 3 sending UpdateMetadata request (Leader:0,ISR:0,LeaderEpoch:0,ControllerEpoch:2) to brokers Set(0) for partition car-data-0 (state.change.logger)
[2018-09-12 09:36:24,949] TRACE Controller 0 epoch 3 sending UpdateMetadata request (Leader:0,ISR:0,LeaderEpoch:1,ControllerEpoch:2) to brokers Set(0) for partition test-0 (state.change.logger)
[2018-09-12 09:36:24,949] TRACE Controller 0 epoch 3 started leader election for partition [car-data,0] (state.change.logger)
[2018-09-12 09:36:25,011] TRACE Broker 0 cached leader info (LeaderAndIsrInfo:(Leader:0,ISR:0,LeaderEpoch:0,ControllerEpoch:2),ReplicationFactor:1),AllReplicas:0) for partition car-data-1 in response to UpdateMetadata request sent by controller 0 epoch 3 with correlation id 0 (state.change.logger)
[2018-09-12 09:36:25,011] TRACE Broker 0 cached leader info (LeaderAndIsrInfo:(Leader:0,ISR:0,LeaderEpoch:1,ControllerEpoch:2),ReplicationFactor:1),AllReplicas:0) for partition test-0 in response to UpdateMetadata request sent by controller 0 epoch 3 with correlation id 0 (state.change.logger)
[2018-09-12 09:36:25,011] TRACE Broker 0 cached leader info (LeaderAndIsrInfo:(Leader:0,ISR:0,LeaderEpoch:0,ControllerEpoch:2),ReplicationFactor:1),AllReplicas:0) for partition car-data-0 in response to UpdateMetadata request sent by controller 0 epoch 3 with correlation id 0 (state.change.logger)
[2018-09-12 09:36:25,042] TRACE Controller 0 epoch 3 received response {error_code=0} for a request sent to broker user-PC:9092 (id: 0 rack: null) (state.change.logger)
[2018-09-12 09:36:25,074] TRACE Controller 0 epoch 3 elected leader 0 for Offline partition [car-data,0] (state.change.logger)
[2018-09-12 09:36:25,089] TRACE Controller 0 epoch 3 changed partition [car-data,0] from OfflinePartition to OnlinePartition with leader 0 (state.change.logger)
[2018-09-12 09:36:25,089] TRACE Controller 0 epoch 3 started leader election for partition [test,0] (state.change.logger)
[2018-09-12 09:36:25,183] TRACE Broker 0 received LeaderAndIsr request PartitionState(controllerEpoch=2, leader=0, leaderEpoch=0, isr=[0], zkVersion=0, replicas=[0]) correlation id 1 from controller 0 epoch 3 for partition [car-data,1] (state.change.logger)
[2018-09-12 09:36:25,183] TRACE Broker 0 received LeaderAndIsr request PartitionState(controllerEpoch=2, leader=0, leaderEpoch=1, isr=[0], zkVersion=1, replicas=[0]) correlation id 1 from controller 0 epoch 3 for partition [test,0] (state.change.logger)
[2018-09-12 09:36:25,183] TRACE Broker 0 received LeaderAndIsr request PartitionState(controllerEpoch=2, leader=0, leaderEpoch=0, isr=[0], zkVersion=0, replicas=[0]) correlation id 1 from controller 0 epoch 3 for partition [car-data,0] (state.change.logger)
[2018-09-12 09:36:25,198] TRACE Broker 0 handling LeaderAndIsr request correlationId 1 from controller 0 epoch 3 starting the become-leader transition for partition test-0 (state.change.logger)
[2018-09-12 09:36:25,198] TRACE Broker 0 handling LeaderAndIsr request correlationId 1 from controller 0 epoch 3 starting the become-leader transition for partition car-data-0 (state.change.logger)
[2018-09-12 09:36:25,198] TRACE Broker 0 handling LeaderAndIsr request correlationId 1 from controller 0 epoch 3 starting the become-leader transition for partition car-data-1 (state.change.logger)
[2018-09-12 09:36:25,198] TRACE Controller 0 epoch 3 elected leader 0 for Offline partition [test,0] (state.change.logger)
[2018-09-12 09:36:25,198] TRACE Controller 0 epoch 3 changed partition [test,0] from OfflinePartition to OnlinePartition with leader 0 (state.change.logger)
[2018-09-12 09:36:25,214] TRACE Controller 0 epoch 3 started leader election for partition [car-data,1] (state.change.logger)
[2018-09-12 09:36:25,354] TRACE Controller 0 epoch 3 elected leader 0 for Offline partition [car-data,1] (state.change.logger)
[2018-09-12 09:36:25,370] TRACE Controller 0 epoch 3 changed partition [car-data,1] from OfflinePartition to OnlinePartition with leader 0 (state.change.logger)
[2018-09-12 09:36:25,370] TRACE Controller 0 epoch 3 sending become-leader LeaderAndIsr request (Leader:0,ISR:0,LeaderEpoch:1,ControllerEpoch:3) to broker 0 for partition [car-data,1] (state.change.logger)
[2018-09-12 09:36:25,370] TRACE Controller 0 epoch 3 sending become-leader LeaderAndIsr request (Leader:0,ISR:0,LeaderEpoch:1,ControllerEpoch:3) to broker 0 for partition [car-data,0] (state.change.logger)
[2018-09-12 09:36:25,370] TRACE Controller 0 epoch 3 sending become-leader LeaderAndIsr request (Leader:0,ISR:0,LeaderEpoch:2,ControllerEpoch:3) to broker 0 for partition [test,0] (state.change.logger)
[2018-09-12 09:36:25,370] TRACE Broker 0 stopped fetchers as part of become-leader request from controller 0 epoch 3 with correlation id 1 for partition car-data-0 (state.change.logger)
[2018-09-12 09:36:25,370] TRACE Broker 0 stopped fetchers as part of become-leader request from controller 0 epoch 3 with correlation id 1 for partition car-data-1 (state.change.logger)
[2018-09-12 09:36:25,370] TRACE Broker 0 stopped fetchers as part of become-leader request from controller 0 epoch 3 with correlation id 1 for partition test-0 (state.change.logger)
[2018-09-12 09:36:25,370] TRACE Controller 0 epoch 3 sending UpdateMetadata request (Leader:0,ISR:0,LeaderEpoch:1,ControllerEpoch:3) to brokers Set(0) for partition car-data-1 (state.change.logger)
[2018-09-12 09:36:25,370] TRACE Broker 0 completed LeaderAndIsr request correlationId 1 from controller 0 epoch 3 for the become-leader transition for partition test-0 (state.change.logger)
[2018-09-12 09:36:25,370] TRACE Controller 0 epoch 3 sending UpdateMetadata request (Leader:0,ISR:0,LeaderEpoch:1,ControllerEpoch:3) to brokers Set(0) for partition car-data-0 (state.change.logger)
[2018-09-12 09:36:25,370] TRACE Broker 0 completed LeaderAndIsr request correlationId 1 from controller 0 epoch 3 for the become-leader transition for partition car-data-0 (state.change.logger)
[2018-09-12 09:36:25,370] TRACE Broker 0 completed LeaderAndIsr request correlationId 1 from controller 0 epoch 3 for the become-leader transition for partition car-data-1 (state.change.logger)
[2018-09-12 09:36:25,370] TRACE Controller 0 epoch 3 sending UpdateMetadata request (Leader:0,ISR:0,LeaderEpoch:2,ControllerEpoch:3) to brokers Set(0) for partition test-0 (state.change.logger)
[2018-09-12 09:36:25,386] TRACE Controller 0 epoch 3 received response {error_code=0,partitions=[{topic=car-data,partition=1,error_code=0},{topic=car-data,partition=0,error_code=0},{topic=test,partition=0,error_code=0}]} for a request sent to broker user-PC:9092 (id: 0 rack: null) (state.change.logger)
[2018-09-12 09:36:25,386] TRACE Broker 0 cached leader info (LeaderAndIsrInfo:(Leader:0,ISR:0,LeaderEpoch:0,ControllerEpoch:2),ReplicationFactor:1),AllReplicas:0) for partition car-data-1 in response to UpdateMetadata request sent by controller 0 epoch 3 with correlation id 2 (state.change.logger)
[2018-09-12 09:36:25,386] TRACE Broker 0 cached leader info (LeaderAndIsrInfo:(Leader:0,ISR:0,LeaderEpoch:1,ControllerEpoch:2),ReplicationFactor:1),AllReplicas:0) for partition test-0 in response to UpdateMetadata request sent by controller 0 epoch 3 with correlation id 2 (state.change.logger)
[2018-09-12 09:36:25,386] TRACE Broker 0 cached leader info (LeaderAndIsrInfo:(Leader:0,ISR:0,LeaderEpoch:0,ControllerEpoch:2),ReplicationFactor:1),AllReplicas:0) for partition car-data-0 in response to UpdateMetadata request sent by controller 0 epoch 3 with correlation id 2 (state.change.logger)
[2018-09-12 09:36:25,386] TRACE Controller 0 epoch 3 received response {error_code=0} for a request sent to broker user-PC:9092 (id: 0 rack: null) (state.change.logger)
[2018-09-12 09:36:25,386] TRACE Broker 0 received LeaderAndIsr request PartitionState(controllerEpoch=3, leader=0, leaderEpoch=1, isr=[0], zkVersion=1, replicas=[0]) correlation id 3 from controller 0 epoch 3 for partition [car-data,1] (state.change.logger)
[2018-09-12 09:36:25,386] TRACE Broker 0 received LeaderAndIsr request PartitionState(controllerEpoch=3, leader=0, leaderEpoch=2, isr=[0], zkVersion=2, replicas=[0]) correlation id 3 from controller 0 epoch 3 for partition [test,0] (state.change.logger)
[2018-09-12 09:36:25,386] TRACE Broker 0 received LeaderAndIsr request PartitionState(controllerEpoch=3, leader=0, leaderEpoch=1, isr=[0], zkVersion=1, replicas=[0]) correlation id 3 from controller 0 epoch 3 for partition [car-data,0] (state.change.logger)
[2018-09-12 09:36:25,386] TRACE Broker 0 handling LeaderAndIsr request correlationId 3 from controller 0 epoch 3 starting the become-leader transition for partition test-0 (state.change.logger)
[2018-09-12 09:36:25,386] TRACE Broker 0 handling LeaderAndIsr request correlationId 3 from controller 0 epoch 3 starting the become-leader transition for partition car-data-0 (state.change.logger)
[2018-09-12 09:36:25,386] TRACE Broker 0 handling LeaderAndIsr request correlationId 3 from controller 0 epoch 3 starting the become-leader transition for partition car-data-1 (state.change.logger)
[2018-09-12 09:36:25,386] INFO Broker 0 skipped the become-leader state change after marking its partition as leader with correlation id 3 from controller 0 epoch 3 for partition test-0 since it is already the leader for the partition. (state.change.logger)
[2018-09-12 09:36:25,386] INFO Broker 0 skipped the become-leader state change after marking its partition as leader with correlation id 3 from controller 0 epoch 3 for partition car-data-0 since it is already the leader for the partition. (state.change.logger)
[2018-09-12 09:36:25,386] INFO Broker 0 skipped the become-leader state change after marking its partition as leader with correlation id 3 from controller 0 epoch 3 for partition car-data-1 since it is already the leader for the partition. (state.change.logger)
[2018-09-12 09:36:25,386] TRACE Broker 0 completed LeaderAndIsr request correlationId 3 from controller 0 epoch 3 for the become-leader transition for partition test-0 (state.change.logger)
[2018-09-12 09:36:25,386] TRACE Broker 0 completed LeaderAndIsr request correlationId 3 from controller 0 epoch 3 for the become-leader transition for partition car-data-0 (state.change.logger)
[2018-09-12 09:36:25,386] TRACE Broker 0 completed LeaderAndIsr request correlationId 3 from controller 0 epoch 3 for the become-leader transition for partition car-data-1 (state.change.logger)
[2018-09-12 09:36:25,401] TRACE Controller 0 epoch 3 received response {error_code=0,partitions=[{topic=car-data,partition=1,error_code=0},{topic=car-data,partition=0,error_code=0},{topic=test,partition=0,error_code=0}]} for a request sent to broker user-PC:9092 (id: 0 rack: null) (state.change.logger)
[2018-09-12 09:36:25,401] TRACE Broker 0 cached leader info (LeaderAndIsrInfo:(Leader:0,ISR:0,LeaderEpoch:1,ControllerEpoch:3),ReplicationFactor:1),AllReplicas:0) for partition car-data-1 in response to UpdateMetadata request sent by controller 0 epoch 3 with correlation id 4 (state.change.logger)
[2018-09-12 09:36:25,401] TRACE Broker 0 cached leader info (LeaderAndIsrInfo:(Leader:0,ISR:0,LeaderEpoch:2,ControllerEpoch:3),ReplicationFactor:1),AllReplicas:0) for partition test-0 in response to UpdateMetadata request sent by controller 0 epoch 3 with correlation id 4 (state.change.logger)
[2018-09-12 09:36:25,401] TRACE Broker 0 cached leader info (LeaderAndIsrInfo:(Leader:0,ISR:0,LeaderEpoch:1,ControllerEpoch:3),ReplicationFactor:1),AllReplicas:0) for partition car-data-0 in response to UpdateMetadata request sent by controller 0 epoch 3 with correlation id 4 (state.change.logger)
[2018-09-12 09:36:25,401] TRACE Controller 0 epoch 3 received response {error_code=0} for a request sent to broker user-PC:9092 (id: 0 rack: null) (state.change.logger)
[2018-09-12 09:38:49,996] TRACE Controller 0 epoch 3 sending UpdateMetadata request (Leader:-2,ISR:0,LeaderEpoch:0,ControllerEpoch:3) to brokers Set(0) for partition test-0 (state.change.logger)
[2018-09-12 09:38:50,027] TRACE Broker 0 deleted partition test-0 from metadata cache in response to UpdateMetadata request sent by controller 0 epoch 3 with correlation id 5 (state.change.logger)
[2018-09-12 09:38:50,027] TRACE Controller 0 epoch 3 received response {error_code=0} for a request sent to broker user-PC:9092 (id: 0 rack: null) (state.change.logger)
[2018-09-12 09:38:50,058] TRACE Controller 0 epoch 3 changed state of replica 0 for partition [test,0] from OnlineReplica to OfflineReplica (state.change.logger)
[2018-09-12 09:38:50,089] TRACE Controller 0 epoch 3 changed state of replica 0 for partition [test,0] from OfflineReplica to ReplicaDeletionStarted (state.change.logger)
[2018-09-12 09:38:50,089] TRACE Broker 0 handling stop replica (delete=false) for partition test-0 (state.change.logger)
[2018-09-12 09:38:50,089] TRACE Broker 0 finished handling stop replica (delete=false) for partition test-0 (state.change.logger)
[2018-09-12 09:38:50,121] TRACE Controller 0 epoch 3 received response {error_code=0,partitions=[{topic=test,partition=0,error_code=0}]} for a request sent to broker user-PC:9092 (id: 0 rack: null) (state.change.logger)
[2018-09-12 09:38:50,121] TRACE Controller 0 epoch 3 received response {error_code=0,partitions=[]} for a request sent to broker user-PC:9092 (id: 0 rack: null) (state.change.logger)
[2018-09-12 09:38:50,121] TRACE Broker 0 handling stop replica (delete=true) for partition test-0 (state.change.logger)
[2018-09-12 09:38:50,230] TRACE Controller 0 epoch 3 received response {error_code=0,partitions=[{topic=test,partition=0,error_code=-1}]} for a request sent to broker user-PC:9092 (id: 0 rack: null) (state.change.logger)
[2018-09-12 09:38:50,230] TRACE Controller 0 epoch 3 changed state of replica 0 for partition [test,0] from ReplicaDeletionStarted to ReplicaDeletionIneligible (state.change.logger)
[2018-09-12 09:38:50,245] TRACE Controller 0 epoch 3 changed state of replica 0 for partition [test,0] from ReplicaDeletionIneligible to OfflineReplica (state.change.logger)
[2018-09-12 09:38:50,261] TRACE Broker 0 handling stop replica (delete=false) for partition test-0 (state.change.logger)
[2018-09-12 09:38:50,261] TRACE Broker 0 ignoring stop replica (delete=false) for partition test-0 as replica doesn't exist on broker (state.change.logger)
[2018-09-12 09:38:50,261] TRACE Broker 0 finished handling stop replica (delete=false) for partition test-0 (state.change.logger)
[2018-09-12 09:38:50,261] TRACE Controller 0 epoch 3 received response {error_code=0,partitions=[{topic=test,partition=0,error_code=0}]} for a request sent to broker user-PC:9092 (id: 0 rack: null) (state.change.logger)
[2018-09-12 09:40:07,512] TRACE Controller 0 epoch 3 sending UpdateMetadata request (Leader:-2,ISR:0,LeaderEpoch:0,ControllerEpoch:3) to brokers Set(0) for partition car-data-1 (state.change.logger)
[2018-09-12 09:40:07,512] TRACE Controller 0 epoch 3 sending UpdateMetadata request (Leader:-2,ISR:0,LeaderEpoch:0,ControllerEpoch:3) to brokers Set(0) for partition car-data-0 (state.change.logger)
[2018-09-12 09:40:07,512] TRACE Controller 0 epoch 3 sending UpdateMetadata request (Leader:-2,ISR:,LeaderEpoch:0,ControllerEpoch:3) to brokers Set(0) for partition test-0 (state.change.logger)
[2018-09-12 09:40:07,528] TRACE Broker 0 deleted partition car-data-1 from metadata cache in response to UpdateMetadata request sent by controller 0 epoch 3 with correlation id 10 (state.change.logger)
[2018-09-12 09:40:07,528] TRACE Broker 0 deleted partition test-0 from metadata cache in response to UpdateMetadata request sent by controller 0 epoch 3 with correlation id 10 (state.change.logger)
[2018-09-12 09:40:07,528] TRACE Broker 0 deleted partition car-data-0 from metadata cache in response to UpdateMetadata request sent by controller 0 epoch 3 with correlation id 10 (state.change.logger)
[2018-09-12 09:40:07,528] TRACE Controller 0 epoch 3 received response {error_code=0} for a request sent to broker user-PC:9092 (id: 0 rack: null) (state.change.logger)
[2018-09-12 09:40:07,575] TRACE Controller 0 epoch 3 changed state of replica 0 for partition [car-data,0] from OnlineReplica to OfflineReplica (state.change.logger)
[2018-09-12 09:40:07,637] TRACE Controller 0 epoch 3 changed state of replica 0 for partition [car-data,1] from OnlineReplica to OfflineReplica (state.change.logger)
[2018-09-12 09:40:07,637] TRACE Controller 0 epoch 3 changed state of replica 0 for partition [car-data,0] from OfflineReplica to ReplicaDeletionStarted (state.change.logger)
[2018-09-12 09:40:07,637] TRACE Controller 0 epoch 3 changed state of replica 0 for partition [car-data,1] from OfflineReplica to ReplicaDeletionStarted (state.change.logger)
[2018-09-12 09:40:07,653] TRACE Broker 0 handling stop replica (delete=false) for partition car-data-1 (state.change.logger)
[2018-09-12 09:40:07,653] TRACE Broker 0 finished handling stop replica (delete=false) for partition car-data-1 (state.change.logger)
[2018-09-12 09:40:07,653] TRACE Broker 0 handling stop replica (delete=false) for partition car-data-0 (state.change.logger)
[2018-09-12 09:40:07,653] TRACE Broker 0 finished handling stop replica (delete=false) for partition car-data-0 (state.change.logger)
[2018-09-12 09:40:07,653] TRACE Controller 0 epoch 3 received response {error_code=0,partitions=[{topic=car-data,partition=1,error_code=0},{topic=car-data,partition=0,error_code=0}]} for a request sent to broker user-PC:9092 (id: 0 rack: null) (state.change.logger)
[2018-09-12 09:40:07,653] TRACE Controller 0 epoch 3 received response {error_code=0,partitions=[]} for a request sent to broker user-PC:9092 (id: 0 rack: null) (state.change.logger)
[2018-09-12 09:40:07,668] TRACE Broker 0 handling stop replica (delete=true) for partition car-data-0 (state.change.logger)
[2018-09-12 09:40:07,731] TRACE Broker 0 finished handling stop replica (delete=true) for partition car-data-0 (state.change.logger)
[2018-09-12 09:40:07,731] TRACE Controller 0 epoch 3 received response {error_code=0,partitions=[{topic=car-data,partition=0,error_code=0}]} for a request sent to broker user-PC:9092 (id: 0 rack: null) (state.change.logger)
[2018-09-12 09:40:07,746] TRACE Controller 0 epoch 3 changed state of replica 0 for partition [car-data,0] from ReplicaDeletionStarted to ReplicaDeletionSuccessful (state.change.logger)
[2018-09-12 09:40:07,746] TRACE Broker 0 handling stop replica (delete=true) for partition car-data-1 (state.change.logger)
[2018-09-12 09:40:07,793] TRACE Broker 0 finished handling stop replica (delete=true) for partition car-data-1 (state.change.logger)
[2018-09-12 09:40:07,793] TRACE Controller 0 epoch 3 received response {error_code=0,partitions=[{topic=car-data,partition=1,error_code=0}]} for a request sent to broker user-PC:9092 (id: 0 rack: null) (state.change.logger)
[2018-09-12 09:40:07,793] TRACE Controller 0 epoch 3 changed state of replica 0 for partition [car-data,1] from ReplicaDeletionStarted to ReplicaDeletionSuccessful (state.change.logger)
[2018-09-12 09:40:07,809] TRACE Controller 0 epoch 3 changed state of replica 0 for partition [car-data,0] from ReplicaDeletionSuccessful to NonExistentReplica (state.change.logger)
[2018-09-12 09:40:07,809] TRACE Controller 0 epoch 3 changed state of replica 0 for partition [car-data,1] from ReplicaDeletionSuccessful to NonExistentReplica (state.change.logger)
[2018-09-12 09:40:07,809] TRACE Controller 0 epoch 3 changed partition [car-data,0] state from OnlinePartition to OfflinePartition (state.change.logger)
[2018-09-12 09:40:07,809] TRACE Controller 0 epoch 3 changed partition [car-data,1] state from OnlinePartition to OfflinePartition (state.change.logger)
[2018-09-12 09:40:07,809] TRACE Controller 0 epoch 3 changed partition [car-data,0] state from OfflinePartition to NonExistentPartition (state.change.logger)
[2018-09-12 09:40:07,809] TRACE Controller 0 epoch 3 changed partition [car-data,1] state from OfflinePartition to NonExistentPartition (state.change.logger)
[2018-09-12 10:49:06,594] TRACE Controller 0 epoch 4 sending UpdateMetadata request (Leader:-2,ISR:,LeaderEpoch:0,ControllerEpoch:3) to brokers Set() for partition test-0 (state.change.logger)
[2018-09-12 10:49:06,734] TRACE Controller 0 epoch 4 changed state of replica 0 for partition [test,0] from ReplicaDeletionIneligible to OfflineReplica (state.change.logger)
[2018-09-12 10:49:06,922] TRACE Controller 0 epoch 4 sending UpdateMetadata request (Leader:-2,ISR:,LeaderEpoch:0,ControllerEpoch:4) to brokers Set(0) for partition test-0 (state.change.logger)
[2018-09-12 10:49:06,922] TRACE Controller 0 epoch 4 changed state of replica 0 for partition [test,0] from OfflineReplica to OnlineReplica (state.change.logger)
[2018-09-12 10:49:06,922] TRACE Controller 0 epoch 4 sending become-follower LeaderAndIsr request (Leader:-1,ISR:,LeaderEpoch:3,ControllerEpoch:4) to broker 0 for partition [test,0] (state.change.logger)
[2018-09-12 10:49:06,922] TRACE Controller 0 epoch 4 sending UpdateMetadata request (Leader:-2,ISR:,LeaderEpoch:0,ControllerEpoch:4) to brokers Set(0) for partition test-0 (state.change.logger)
[2018-09-12 10:49:06,968] TRACE Controller 0 epoch 4 sending UpdateMetadata request (Leader:-2,ISR:,LeaderEpoch:0,ControllerEpoch:4) to brokers Set(0) for partition test-0 (state.change.logger)
[2018-09-12 10:49:06,984] TRACE Controller 0 epoch 4 changed state of replica 0 for partition [test,0] from OnlineReplica to OfflineReplica (state.change.logger)
[2018-09-12 10:49:06,984] TRACE Controller 0 epoch 4 changed state of replica 0 for partition [test,0] from OfflineReplica to ReplicaDeletionStarted (state.change.logger)
[2018-09-12 10:49:06,984] TRACE Broker 0 deleted partition test-0 from metadata cache in response to UpdateMetadata request sent by controller 0 epoch 4 with correlation id 0 (state.change.logger)
[2018-09-12 10:49:07,015] TRACE Controller 0 epoch 4 received response {error_code=0} for a request sent to broker user-PC:9092 (id: 0 rack: null) (state.change.logger)
[2018-09-12 10:49:07,015] TRACE Broker 0 received LeaderAndIsr request PartitionState(controllerEpoch=4, leader=-1, leaderEpoch=3, isr=[], zkVersion=3, replicas=[0]) correlation id 1 from controller 0 epoch 4 for partition [test,0] (state.change.logger)
[2018-09-12 10:49:07,015] TRACE Broker 0 handling LeaderAndIsr request correlationId 1 from controller 0 epoch 4 starting the become-follower transition for partition test-0 (state.change.logger)
[2018-09-12 10:49:07,031] ERROR Broker 0 received LeaderAndIsrRequest with correlation id 1 from controller 0 epoch 4 for partition test-0 but cannot become follower since the new leader -1 is unavailable. (state.change.logger)
[2018-09-12 10:49:07,046] ERROR Error on broker 0 while processing LeaderAndIsr request with correlationId 1 received from controller 0 epoch 4 (state.change.logger)
java.io.IOException: The requested operation cannot be performed on a file with a user-mapped section open
	at java.io.RandomAccessFile.setLength(Native Method)
	at kafka.log.AbstractIndex$$anonfun$resize$1.apply(AbstractIndex.scala:110)
	at kafka.log.AbstractIndex$$anonfun$resize$1.apply(AbstractIndex.scala:101)
	at kafka.utils.CoreUtils$.inLock(CoreUtils.scala:213)
	at kafka.log.AbstractIndex.resize(AbstractIndex.scala:101)
	at kafka.log.AbstractIndex$$anonfun$trimToValidSize$1.apply$mcV$sp(AbstractIndex.scala:163)
	at kafka.log.AbstractIndex$$anonfun$trimToValidSize$1.apply(AbstractIndex.scala:163)
	at kafka.log.AbstractIndex$$anonfun$trimToValidSize$1.apply(AbstractIndex.scala:163)
	at kafka.utils.CoreUtils$.inLock(CoreUtils.scala:213)
	at kafka.log.AbstractIndex.trimToValidSize(AbstractIndex.scala:162)
	at kafka.log.LogSegment.recover(LogSegment.scala:253)
	at kafka.log.Log.recoverLog(Log.scala:305)
	at kafka.log.Log.loadSegments(Log.scala:279)
	at kafka.log.Log.<init>(Log.scala:117)
	at kafka.log.LogManager$$anonfun$createLog$1.apply(LogManager.scala:365)
	at kafka.log.LogManager$$anonfun$createLog$1.apply(LogManager.scala:361)
	at scala.Option.getOrElse(Option.scala:120)
	at kafka.log.LogManager.createLog(LogManager.scala:361)
	at kafka.cluster.Partition$$anonfun$getOrCreateReplica$1.apply(Partition.scala:109)
	at kafka.cluster.Partition$$anonfun$getOrCreateReplica$1.apply(Partition.scala:106)
	at kafka.utils.Pool.getAndMaybePut(Pool.scala:70)
	at kafka.cluster.Partition.getOrCreateReplica(Partition.scala:105)
	at kafka.server.ReplicaManager$$anonfun$makeFollowers$3.apply(ReplicaManager.scala:843)
	at kafka.server.ReplicaManager$$anonfun$makeFollowers$3.apply(ReplicaManager.scala:822)
	at scala.collection.mutable.HashMap$$anonfun$foreach$1.apply(HashMap.scala:98)
	at scala.collection.mutable.HashMap$$anonfun$foreach$1.apply(HashMap.scala:98)
	at scala.collection.mutable.HashTable$class.foreachEntry(HashTable.scala:226)
	at scala.collection.mutable.HashMap.foreachEntry(HashMap.scala:39)
	at scala.collection.mutable.HashMap.foreach(HashMap.scala:98)
	at kafka.server.ReplicaManager.makeFollowers(ReplicaManager.scala:822)
	at kafka.server.ReplicaManager.becomeLeaderOrFollower(ReplicaManager.scala:700)
	at kafka.server.KafkaApis.handleLeaderAndIsrRequest(KafkaApis.scala:148)
	at kafka.server.KafkaApis.handle(KafkaApis.scala:84)
	at kafka.server.KafkaRequestHandler.run(KafkaRequestHandler.scala:62)
	at java.lang.Thread.run(Thread.java:748)
[2018-09-12 10:49:07,046] TRACE Controller 0 epoch 4 received response {error_code=0,partitions=[{topic=test,partition=0,error_code=-1}]} for a request sent to broker user-PC:9092 (id: 0 rack: null) (state.change.logger)
[2018-09-12 10:49:07,046] TRACE Broker 0 deleted partition test-0 from metadata cache in response to UpdateMetadata request sent by controller 0 epoch 4 with correlation id 2 (state.change.logger)
[2018-09-12 10:49:07,062] TRACE Controller 0 epoch 4 received response {error_code=0} for a request sent to broker user-PC:9092 (id: 0 rack: null) (state.change.logger)
[2018-09-12 10:49:07,062] TRACE Broker 0 deleted partition test-0 from metadata cache in response to UpdateMetadata request sent by controller 0 epoch 4 with correlation id 3 (state.change.logger)
[2018-09-12 10:49:07,078] TRACE Controller 0 epoch 4 received response {error_code=0} for a request sent to broker user-PC:9092 (id: 0 rack: null) (state.change.logger)
[2018-09-12 10:49:07,078] TRACE Broker 0 handling stop replica (delete=false) for partition test-0 (state.change.logger)
[2018-09-12 10:49:07,078] TRACE Broker 0 finished handling stop replica (delete=false) for partition test-0 (state.change.logger)
[2018-09-12 10:49:07,078] TRACE Controller 0 epoch 4 received response {error_code=0,partitions=[{topic=test,partition=0,error_code=0}]} for a request sent to broker user-PC:9092 (id: 0 rack: null) (state.change.logger)
[2018-09-12 10:49:07,093] TRACE Controller 0 epoch 4 received response {error_code=0,partitions=[]} for a request sent to broker user-PC:9092 (id: 0 rack: null) (state.change.logger)
[2018-09-12 10:49:07,093] TRACE Broker 0 handling stop replica (delete=true) for partition test-0 (state.change.logger)
[2018-09-12 10:49:07,109] TRACE Broker 0 finished handling stop replica (delete=true) for partition test-0 (state.change.logger)
[2018-09-12 10:49:07,124] TRACE Controller 0 epoch 4 received response {error_code=0,partitions=[{topic=test,partition=0,error_code=0}]} for a request sent to broker user-PC:9092 (id: 0 rack: null) (state.change.logger)
[2018-09-12 10:49:07,140] TRACE Controller 0 epoch 4 changed state of replica 0 for partition [test,0] from ReplicaDeletionStarted to ReplicaDeletionSuccessful (state.change.logger)
[2018-09-12 10:49:07,140] TRACE Controller 0 epoch 4 changed state of replica 0 for partition [test,0] from ReplicaDeletionSuccessful to NonExistentReplica (state.change.logger)
[2018-09-12 10:49:07,140] TRACE Controller 0 epoch 4 changed partition [test,0] state from OfflinePartition to OfflinePartition (state.change.logger)
[2018-09-12 10:49:07,140] TRACE Controller 0 epoch 4 changed partition [test,0] state from OfflinePartition to NonExistentPartition (state.change.logger)
[2018-09-12 11:19:44,349] TRACE Controller 0 epoch 5 received response {error_code=0} for a request sent to broker user-PC:9092 (id: 0 rack: null) (state.change.logger)
[2018-09-12 11:20:24,628] TRACE Controller 0 epoch 5 changed partition [car-data,0] state from NonExistentPartition to NewPartition with assigned replicas 0 (state.change.logger)
[2018-09-12 11:20:24,628] TRACE Controller 0 epoch 5 changed partition [car-data,1] state from NonExistentPartition to NewPartition with assigned replicas 0 (state.change.logger)
[2018-09-12 11:20:24,644] TRACE Controller 0 epoch 5 changed state of replica 0 for partition [car-data,0] from NonExistentReplica to NewReplica (state.change.logger)
[2018-09-12 11:20:24,644] TRACE Controller 0 epoch 5 changed state of replica 0 for partition [car-data,1] from NonExistentReplica to NewReplica (state.change.logger)
[2018-09-12 11:20:24,800] TRACE Controller 0 epoch 5 changed partition [car-data,0] from NewPartition to OnlinePartition with leader 0 (state.change.logger)
[2018-09-12 11:20:24,893] TRACE Controller 0 epoch 5 changed partition [car-data,1] from NewPartition to OnlinePartition with leader 0 (state.change.logger)
[2018-09-12 11:20:24,893] TRACE Controller 0 epoch 5 sending become-leader LeaderAndIsr request (Leader:0,ISR:0,LeaderEpoch:0,ControllerEpoch:5) to broker 0 for partition [car-data,1] (state.change.logger)
[2018-09-12 11:20:24,893] TRACE Controller 0 epoch 5 sending become-leader LeaderAndIsr request (Leader:0,ISR:0,LeaderEpoch:0,ControllerEpoch:5) to broker 0 for partition [car-data,0] (state.change.logger)
[2018-09-12 11:20:24,909] TRACE Controller 0 epoch 5 sending UpdateMetadata request (Leader:0,ISR:0,LeaderEpoch:0,ControllerEpoch:5) to brokers Set(0) for partition car-data-1 (state.change.logger)
[2018-09-12 11:20:24,909] TRACE Controller 0 epoch 5 sending UpdateMetadata request (Leader:0,ISR:0,LeaderEpoch:0,ControllerEpoch:5) to brokers Set(0) for partition car-data-0 (state.change.logger)
[2018-09-12 11:20:24,909] TRACE Controller 0 epoch 5 changed state of replica 0 for partition [car-data,0] from NewReplica to OnlineReplica (state.change.logger)
[2018-09-12 11:20:24,925] TRACE Controller 0 epoch 5 changed state of replica 0 for partition [car-data,1] from NewReplica to OnlineReplica (state.change.logger)
[2018-09-12 11:20:24,925] TRACE Broker 0 received LeaderAndIsr request PartitionState(controllerEpoch=5, leader=0, leaderEpoch=0, isr=[0], zkVersion=0, replicas=[0]) correlation id 1 from controller 0 epoch 5 for partition [car-data,1] (state.change.logger)
[2018-09-12 11:20:24,925] TRACE Broker 0 received LeaderAndIsr request PartitionState(controllerEpoch=5, leader=0, leaderEpoch=0, isr=[0], zkVersion=0, replicas=[0]) correlation id 1 from controller 0 epoch 5 for partition [car-data,0] (state.change.logger)
[2018-09-12 11:20:24,940] TRACE Broker 0 handling LeaderAndIsr request correlationId 1 from controller 0 epoch 5 starting the become-leader transition for partition car-data-0 (state.change.logger)
[2018-09-12 11:20:24,940] TRACE Broker 0 handling LeaderAndIsr request correlationId 1 from controller 0 epoch 5 starting the become-leader transition for partition car-data-1 (state.change.logger)
[2018-09-12 11:20:25,003] TRACE Broker 0 stopped fetchers as part of become-leader request from controller 0 epoch 5 with correlation id 1 for partition car-data-0 (state.change.logger)
[2018-09-12 11:20:25,003] TRACE Broker 0 stopped fetchers as part of become-leader request from controller 0 epoch 5 with correlation id 1 for partition car-data-1 (state.change.logger)
[2018-09-12 11:20:25,003] TRACE Broker 0 completed LeaderAndIsr request correlationId 1 from controller 0 epoch 5 for the become-leader transition for partition car-data-0 (state.change.logger)
[2018-09-12 11:20:25,003] TRACE Broker 0 completed LeaderAndIsr request correlationId 1 from controller 0 epoch 5 for the become-leader transition for partition car-data-1 (state.change.logger)
[2018-09-12 11:20:25,018] TRACE Controller 0 epoch 5 received response {error_code=0,partitions=[{topic=car-data,partition=1,error_code=0},{topic=car-data,partition=0,error_code=0}]} for a request sent to broker user-PC:9092 (id: 0 rack: null) (state.change.logger)
[2018-09-12 11:20:25,034] TRACE Broker 0 cached leader info (LeaderAndIsrInfo:(Leader:0,ISR:0,LeaderEpoch:0,ControllerEpoch:5),ReplicationFactor:1),AllReplicas:0) for partition car-data-1 in response to UpdateMetadata request sent by controller 0 epoch 5 with correlation id 2 (state.change.logger)
[2018-09-12 11:20:25,034] TRACE Broker 0 cached leader info (LeaderAndIsrInfo:(Leader:0,ISR:0,LeaderEpoch:0,ControllerEpoch:5),ReplicationFactor:1),AllReplicas:0) for partition car-data-0 in response to UpdateMetadata request sent by controller 0 epoch 5 with correlation id 2 (state.change.logger)
[2018-09-12 11:20:25,034] TRACE Controller 0 epoch 5 received response {error_code=0} for a request sent to broker user-PC:9092 (id: 0 rack: null) (state.change.logger)
[2018-09-12 11:21:11,912] TRACE Controller 0 epoch 5 sending UpdateMetadata request (Leader:-2,ISR:0,LeaderEpoch:0,ControllerEpoch:5) to brokers Set(0) for partition car-data-1 (state.change.logger)
[2018-09-12 11:21:11,912] TRACE Controller 0 epoch 5 sending UpdateMetadata request (Leader:-2,ISR:0,LeaderEpoch:0,ControllerEpoch:5) to brokers Set(0) for partition car-data-0 (state.change.logger)
[2018-09-12 11:21:11,912] TRACE Broker 0 deleted partition car-data-1 from metadata cache in response to UpdateMetadata request sent by controller 0 epoch 5 with correlation id 3 (state.change.logger)
[2018-09-12 11:21:11,927] TRACE Broker 0 deleted partition car-data-0 from metadata cache in response to UpdateMetadata request sent by controller 0 epoch 5 with correlation id 3 (state.change.logger)
[2018-09-12 11:21:11,927] TRACE Controller 0 epoch 5 received response {error_code=0} for a request sent to broker user-PC:9092 (id: 0 rack: null) (state.change.logger)
[2018-09-12 11:21:12,005] TRACE Controller 0 epoch 5 changed state of replica 0 for partition [car-data,0] from OnlineReplica to OfflineReplica (state.change.logger)
[2018-09-12 11:21:12,083] TRACE Controller 0 epoch 5 changed state of replica 0 for partition [car-data,1] from OnlineReplica to OfflineReplica (state.change.logger)
[2018-09-12 11:21:12,099] TRACE Controller 0 epoch 5 changed state of replica 0 for partition [car-data,0] from OfflineReplica to ReplicaDeletionStarted (state.change.logger)
[2018-09-12 11:21:12,099] TRACE Controller 0 epoch 5 changed state of replica 0 for partition [car-data,1] from OfflineReplica to ReplicaDeletionStarted (state.change.logger)
[2018-09-12 11:21:12,099] TRACE Broker 0 handling stop replica (delete=false) for partition car-data-1 (state.change.logger)
[2018-09-12 11:21:12,099] TRACE Broker 0 finished handling stop replica (delete=false) for partition car-data-1 (state.change.logger)
[2018-09-12 11:21:12,099] TRACE Broker 0 handling stop replica (delete=false) for partition car-data-0 (state.change.logger)
[2018-09-12 11:21:12,099] TRACE Broker 0 finished handling stop replica (delete=false) for partition car-data-0 (state.change.logger)
[2018-09-12 11:21:12,099] TRACE Controller 0 epoch 5 received response {error_code=0,partitions=[{topic=car-data,partition=1,error_code=0},{topic=car-data,partition=0,error_code=0}]} for a request sent to broker user-PC:9092 (id: 0 rack: null) (state.change.logger)
[2018-09-12 11:21:12,099] TRACE Controller 0 epoch 5 received response {error_code=0,partitions=[]} for a request sent to broker user-PC:9092 (id: 0 rack: null) (state.change.logger)
[2018-09-12 11:21:12,115] TRACE Broker 0 handling stop replica (delete=true) for partition car-data-0 (state.change.logger)
[2018-09-12 11:21:12,208] TRACE Broker 0 finished handling stop replica (delete=true) for partition car-data-0 (state.change.logger)
[2018-09-12 11:21:12,208] TRACE Controller 0 epoch 5 received response {error_code=0,partitions=[{topic=car-data,partition=0,error_code=0}]} for a request sent to broker user-PC:9092 (id: 0 rack: null) (state.change.logger)
[2018-09-12 11:21:12,208] TRACE Controller 0 epoch 5 changed state of replica 0 for partition [car-data,0] from ReplicaDeletionStarted to ReplicaDeletionSuccessful (state.change.logger)
[2018-09-12 11:21:12,224] TRACE Broker 0 handling stop replica (delete=true) for partition car-data-1 (state.change.logger)
[2018-09-12 11:21:12,286] TRACE Broker 0 finished handling stop replica (delete=true) for partition car-data-1 (state.change.logger)
[2018-09-12 11:21:12,286] TRACE Controller 0 epoch 5 received response {error_code=0,partitions=[{topic=car-data,partition=1,error_code=0}]} for a request sent to broker user-PC:9092 (id: 0 rack: null) (state.change.logger)
[2018-09-12 11:21:12,286] TRACE Controller 0 epoch 5 changed state of replica 0 for partition [car-data,1] from ReplicaDeletionStarted to ReplicaDeletionSuccessful (state.change.logger)
[2018-09-12 11:21:12,286] TRACE Controller 0 epoch 5 changed state of replica 0 for partition [car-data,0] from ReplicaDeletionSuccessful to NonExistentReplica (state.change.logger)
[2018-09-12 11:21:12,286] TRACE Controller 0 epoch 5 changed state of replica 0 for partition [car-data,1] from ReplicaDeletionSuccessful to NonExistentReplica (state.change.logger)
[2018-09-12 11:21:12,286] TRACE Controller 0 epoch 5 changed partition [car-data,0] state from OnlinePartition to OfflinePartition (state.change.logger)
[2018-09-12 11:21:12,286] TRACE Controller 0 epoch 5 changed partition [car-data,1] state from OnlinePartition to OfflinePartition (state.change.logger)
[2018-09-12 11:21:12,302] TRACE Controller 0 epoch 5 changed partition [car-data,0] state from OfflinePartition to NonExistentPartition (state.change.logger)
[2018-09-12 11:21:12,302] TRACE Controller 0 epoch 5 changed partition [car-data,1] state from OfflinePartition to NonExistentPartition (state.change.logger)
[2018-09-12 11:22:13,813] TRACE Controller 0 epoch 5 changed partition [car-data,9] state from NonExistentPartition to NewPartition with assigned replicas 0 (state.change.logger)
[2018-09-12 11:22:13,813] TRACE Controller 0 epoch 5 changed partition [car-data,7] state from NonExistentPartition to NewPartition with assigned replicas 0 (state.change.logger)
[2018-09-12 11:22:13,813] TRACE Controller 0 epoch 5 changed partition [car-data,2] state from NonExistentPartition to NewPartition with assigned replicas 0 (state.change.logger)
[2018-09-12 11:22:13,813] TRACE Controller 0 epoch 5 changed partition [car-data,12] state from NonExistentPartition to NewPartition with assigned replicas 0 (state.change.logger)
[2018-09-12 11:22:13,813] TRACE Controller 0 epoch 5 changed partition [car-data,8] state from NonExistentPartition to NewPartition with assigned replicas 0 (state.change.logger)
[2018-09-12 11:22:13,813] TRACE Controller 0 epoch 5 changed partition [car-data,6] state from NonExistentPartition to NewPartition with assigned replicas 0 (state.change.logger)
[2018-09-12 11:22:13,813] TRACE Controller 0 epoch 5 changed partition [car-data,0] state from NonExistentPartition to NewPartition with assigned replicas 0 (state.change.logger)
[2018-09-12 11:22:13,813] TRACE Controller 0 epoch 5 changed partition [car-data,10] state from NonExistentPartition to NewPartition with assigned replicas 0 (state.change.logger)
[2018-09-12 11:22:13,813] TRACE Controller 0 epoch 5 changed partition [car-data,4] state from NonExistentPartition to NewPartition with assigned replicas 0 (state.change.logger)
[2018-09-12 11:22:13,813] TRACE Controller 0 epoch 5 changed partition [car-data,3] state from NonExistentPartition to NewPartition with assigned replicas 0 (state.change.logger)
[2018-09-12 11:22:13,813] TRACE Controller 0 epoch 5 changed partition [car-data,11] state from NonExistentPartition to NewPartition with assigned replicas 0 (state.change.logger)
[2018-09-12 11:22:13,813] TRACE Controller 0 epoch 5 changed partition [car-data,5] state from NonExistentPartition to NewPartition with assigned replicas 0 (state.change.logger)
[2018-09-12 11:22:13,813] TRACE Controller 0 epoch 5 changed partition [car-data,1] state from NonExistentPartition to NewPartition with assigned replicas 0 (state.change.logger)
[2018-09-12 11:22:13,828] TRACE Controller 0 epoch 5 changed state of replica 0 for partition [car-data,7] from NonExistentReplica to NewReplica (state.change.logger)
[2018-09-12 11:22:13,828] TRACE Controller 0 epoch 5 changed state of replica 0 for partition [car-data,2] from NonExistentReplica to NewReplica (state.change.logger)
[2018-09-12 11:22:13,875] TRACE Controller 0 epoch 5 changed state of replica 0 for partition [car-data,1] from NonExistentReplica to NewReplica (state.change.logger)
[2018-09-12 11:22:13,875] TRACE Controller 0 epoch 5 changed state of replica 0 for partition [car-data,11] from NonExistentReplica to NewReplica (state.change.logger)
[2018-09-12 11:22:13,875] TRACE Controller 0 epoch 5 changed state of replica 0 for partition [car-data,5] from NonExistentReplica to NewReplica (state.change.logger)
[2018-09-12 11:22:13,875] TRACE Controller 0 epoch 5 changed state of replica 0 for partition [car-data,10] from NonExistentReplica to NewReplica (state.change.logger)
[2018-09-12 11:22:13,875] TRACE Controller 0 epoch 5 changed state of replica 0 for partition [car-data,9] from NonExistentReplica to NewReplica (state.change.logger)
[2018-09-12 11:22:13,891] TRACE Controller 0 epoch 5 changed state of replica 0 for partition [car-data,12] from NonExistentReplica to NewReplica (state.change.logger)
[2018-09-12 11:22:13,891] TRACE Controller 0 epoch 5 changed state of replica 0 for partition [car-data,6] from NonExistentReplica to NewReplica (state.change.logger)
[2018-09-12 11:22:13,891] TRACE Controller 0 epoch 5 changed state of replica 0 for partition [car-data,0] from NonExistentReplica to NewReplica (state.change.logger)
[2018-09-12 11:22:13,891] TRACE Controller 0 epoch 5 changed state of replica 0 for partition [car-data,4] from NonExistentReplica to NewReplica (state.change.logger)
[2018-09-12 11:22:13,891] TRACE Controller 0 epoch 5 changed state of replica 0 for partition [car-data,8] from NonExistentReplica to NewReplica (state.change.logger)
[2018-09-12 11:22:13,906] TRACE Controller 0 epoch 5 changed state of replica 0 for partition [car-data,3] from NonExistentReplica to NewReplica (state.change.logger)
[2018-09-12 11:22:14,093] TRACE Controller 0 epoch 5 changed partition [car-data,9] from NewPartition to OnlinePartition with leader 0 (state.change.logger)
[2018-09-12 11:22:14,218] TRACE Controller 0 epoch 5 changed partition [car-data,7] from NewPartition to OnlinePartition with leader 0 (state.change.logger)
[2018-09-12 11:22:14,312] TRACE Controller 0 epoch 5 changed partition [car-data,2] from NewPartition to OnlinePartition with leader 0 (state.change.logger)
[2018-09-12 11:22:14,405] TRACE Controller 0 epoch 5 changed partition [car-data,12] from NewPartition to OnlinePartition with leader 0 (state.change.logger)
[2018-09-12 11:22:14,499] TRACE Controller 0 epoch 5 changed partition [car-data,8] from NewPartition to OnlinePartition with leader 0 (state.change.logger)
[2018-09-12 11:22:14,593] TRACE Controller 0 epoch 5 changed partition [car-data,6] from NewPartition to OnlinePartition with leader 0 (state.change.logger)
[2018-09-12 11:22:14,671] TRACE Controller 0 epoch 5 changed partition [car-data,0] from NewPartition to OnlinePartition with leader 0 (state.change.logger)
[2018-09-12 11:22:14,749] TRACE Controller 0 epoch 5 changed partition [car-data,10] from NewPartition to OnlinePartition with leader 0 (state.change.logger)
[2018-09-12 11:22:14,842] TRACE Controller 0 epoch 5 changed partition [car-data,4] from NewPartition to OnlinePartition with leader 0 (state.change.logger)
[2018-09-12 11:22:14,936] TRACE Controller 0 epoch 5 changed partition [car-data,3] from NewPartition to OnlinePartition with leader 0 (state.change.logger)
[2018-09-12 11:22:15,030] TRACE Controller 0 epoch 5 changed partition [car-data,11] from NewPartition to OnlinePartition with leader 0 (state.change.logger)
[2018-09-12 11:22:15,108] TRACE Controller 0 epoch 5 changed partition [car-data,5] from NewPartition to OnlinePartition with leader 0 (state.change.logger)
[2018-09-12 11:22:15,201] TRACE Controller 0 epoch 5 changed partition [car-data,1] from NewPartition to OnlinePartition with leader 0 (state.change.logger)
[2018-09-12 11:22:15,201] TRACE Controller 0 epoch 5 sending become-leader LeaderAndIsr request (Leader:0,ISR:0,LeaderEpoch:0,ControllerEpoch:5) to broker 0 for partition [car-data,4] (state.change.logger)
[2018-09-12 11:22:15,201] TRACE Controller 0 epoch 5 sending become-leader LeaderAndIsr request (Leader:0,ISR:0,LeaderEpoch:0,ControllerEpoch:5) to broker 0 for partition [car-data,9] (state.change.logger)
[2018-09-12 11:22:15,201] TRACE Controller 0 epoch 5 sending become-leader LeaderAndIsr request (Leader:0,ISR:0,LeaderEpoch:0,ControllerEpoch:5) to broker 0 for partition [car-data,12] (state.change.logger)
[2018-09-12 11:22:15,201] TRACE Controller 0 epoch 5 sending become-leader LeaderAndIsr request (Leader:0,ISR:0,LeaderEpoch:0,ControllerEpoch:5) to broker 0 for partition [car-data,1] (state.change.logger)
[2018-09-12 11:22:15,201] TRACE Controller 0 epoch 5 sending become-leader LeaderAndIsr request (Leader:0,ISR:0,LeaderEpoch:0,ControllerEpoch:5) to broker 0 for partition [car-data,6] (state.change.logger)
[2018-09-12 11:22:15,201] TRACE Controller 0 epoch 5 sending become-leader LeaderAndIsr request (Leader:0,ISR:0,LeaderEpoch:0,ControllerEpoch:5) to broker 0 for partition [car-data,3] (state.change.logger)
[2018-09-12 11:22:15,201] TRACE Controller 0 epoch 5 sending become-leader LeaderAndIsr request (Leader:0,ISR:0,LeaderEpoch:0,ControllerEpoch:5) to broker 0 for partition [car-data,0] (state.change.logger)
[2018-09-12 11:22:15,201] TRACE Controller 0 epoch 5 sending become-leader LeaderAndIsr request (Leader:0,ISR:0,LeaderEpoch:0,ControllerEpoch:5) to broker 0 for partition [car-data,11] (state.change.logger)
[2018-09-12 11:22:15,201] TRACE Controller 0 epoch 5 sending become-leader LeaderAndIsr request (Leader:0,ISR:0,LeaderEpoch:0,ControllerEpoch:5) to broker 0 for partition [car-data,8] (state.change.logger)
[2018-09-12 11:22:15,201] TRACE Controller 0 epoch 5 sending become-leader LeaderAndIsr request (Leader:0,ISR:0,LeaderEpoch:0,ControllerEpoch:5) to broker 0 for partition [car-data,2] (state.change.logger)
[2018-09-12 11:22:15,201] TRACE Controller 0 epoch 5 sending become-leader LeaderAndIsr request (Leader:0,ISR:0,LeaderEpoch:0,ControllerEpoch:5) to broker 0 for partition [car-data,5] (state.change.logger)
[2018-09-12 11:22:15,201] TRACE Controller 0 epoch 5 sending become-leader LeaderAndIsr request (Leader:0,ISR:0,LeaderEpoch:0,ControllerEpoch:5) to broker 0 for partition [car-data,10] (state.change.logger)
[2018-09-12 11:22:15,201] TRACE Controller 0 epoch 5 sending become-leader LeaderAndIsr request (Leader:0,ISR:0,LeaderEpoch:0,ControllerEpoch:5) to broker 0 for partition [car-data,7] (state.change.logger)
[2018-09-12 11:22:15,201] TRACE Controller 0 epoch 5 sending UpdateMetadata request (Leader:0,ISR:0,LeaderEpoch:0,ControllerEpoch:5) to brokers Set(0) for partition car-data-4 (state.change.logger)
[2018-09-12 11:22:15,201] TRACE Controller 0 epoch 5 sending UpdateMetadata request (Leader:0,ISR:0,LeaderEpoch:0,ControllerEpoch:5) to brokers Set(0) for partition car-data-9 (state.change.logger)
[2018-09-12 11:22:15,201] TRACE Controller 0 epoch 5 sending UpdateMetadata request (Leader:0,ISR:0,LeaderEpoch:0,ControllerEpoch:5) to brokers Set(0) for partition car-data-12 (state.change.logger)
[2018-09-12 11:22:15,201] TRACE Controller 0 epoch 5 sending UpdateMetadata request (Leader:0,ISR:0,LeaderEpoch:0,ControllerEpoch:5) to brokers Set(0) for partition car-data-1 (state.change.logger)
[2018-09-12 11:22:15,201] TRACE Controller 0 epoch 5 sending UpdateMetadata request (Leader:0,ISR:0,LeaderEpoch:0,ControllerEpoch:5) to brokers Set(0) for partition car-data-6 (state.change.logger)
[2018-09-12 11:22:15,201] TRACE Controller 0 epoch 5 sending UpdateMetadata request (Leader:0,ISR:0,LeaderEpoch:0,ControllerEpoch:5) to brokers Set(0) for partition car-data-3 (state.change.logger)
[2018-09-12 11:22:15,201] TRACE Controller 0 epoch 5 sending UpdateMetadata request (Leader:0,ISR:0,LeaderEpoch:0,ControllerEpoch:5) to brokers Set(0) for partition car-data-0 (state.change.logger)
[2018-09-12 11:22:15,201] TRACE Controller 0 epoch 5 sending UpdateMetadata request (Leader:0,ISR:0,LeaderEpoch:0,ControllerEpoch:5) to brokers Set(0) for partition car-data-11 (state.change.logger)
[2018-09-12 11:22:15,201] TRACE Controller 0 epoch 5 sending UpdateMetadata request (Leader:0,ISR:0,LeaderEpoch:0,ControllerEpoch:5) to brokers Set(0) for partition car-data-8 (state.change.logger)
[2018-09-12 11:22:15,201] TRACE Controller 0 epoch 5 sending UpdateMetadata request (Leader:0,ISR:0,LeaderEpoch:0,ControllerEpoch:5) to brokers Set(0) for partition car-data-2 (state.change.logger)
[2018-09-12 11:22:15,201] TRACE Controller 0 epoch 5 sending UpdateMetadata request (Leader:0,ISR:0,LeaderEpoch:0,ControllerEpoch:5) to brokers Set(0) for partition car-data-5 (state.change.logger)
[2018-09-12 11:22:15,201] TRACE Controller 0 epoch 5 sending UpdateMetadata request (Leader:0,ISR:0,LeaderEpoch:0,ControllerEpoch:5) to brokers Set(0) for partition car-data-10 (state.change.logger)
[2018-09-12 11:22:15,201] TRACE Controller 0 epoch 5 sending UpdateMetadata request (Leader:0,ISR:0,LeaderEpoch:0,ControllerEpoch:5) to brokers Set(0) for partition car-data-7 (state.change.logger)
[2018-09-12 11:22:15,201] TRACE Controller 0 epoch 5 changed state of replica 0 for partition [car-data,7] from NewReplica to OnlineReplica (state.change.logger)
[2018-09-12 11:22:15,201] TRACE Controller 0 epoch 5 changed state of replica 0 for partition [car-data,2] from NewReplica to OnlineReplica (state.change.logger)
[2018-09-12 11:22:15,217] TRACE Controller 0 epoch 5 changed state of replica 0 for partition [car-data,1] from NewReplica to OnlineReplica (state.change.logger)
[2018-09-12 11:22:15,217] TRACE Controller 0 epoch 5 changed state of replica 0 for partition [car-data,11] from NewReplica to OnlineReplica (state.change.logger)
[2018-09-12 11:22:15,217] TRACE Controller 0 epoch 5 changed state of replica 0 for partition [car-data,5] from NewReplica to OnlineReplica (state.change.logger)
[2018-09-12 11:22:15,217] TRACE Controller 0 epoch 5 changed state of replica 0 for partition [car-data,10] from NewReplica to OnlineReplica (state.change.logger)
[2018-09-12 11:22:15,217] TRACE Controller 0 epoch 5 changed state of replica 0 for partition [car-data,9] from NewReplica to OnlineReplica (state.change.logger)
[2018-09-12 11:22:15,217] TRACE Controller 0 epoch 5 changed state of replica 0 for partition [car-data,12] from NewReplica to OnlineReplica (state.change.logger)
[2018-09-12 11:22:15,217] TRACE Controller 0 epoch 5 changed state of replica 0 for partition [car-data,6] from NewReplica to OnlineReplica (state.change.logger)
[2018-09-12 11:22:15,217] TRACE Controller 0 epoch 5 changed state of replica 0 for partition [car-data,0] from NewReplica to OnlineReplica (state.change.logger)
[2018-09-12 11:22:15,217] TRACE Controller 0 epoch 5 changed state of replica 0 for partition [car-data,4] from NewReplica to OnlineReplica (state.change.logger)
[2018-09-12 11:22:15,217] TRACE Controller 0 epoch 5 changed state of replica 0 for partition [car-data,8] from NewReplica to OnlineReplica (state.change.logger)
[2018-09-12 11:22:15,217] TRACE Controller 0 epoch 5 changed state of replica 0 for partition [car-data,3] from NewReplica to OnlineReplica (state.change.logger)
[2018-09-12 11:22:15,217] TRACE Broker 0 received LeaderAndIsr request PartitionState(controllerEpoch=5, leader=0, leaderEpoch=0, isr=[0], zkVersion=0, replicas=[0]) correlation id 8 from controller 0 epoch 5 for partition [car-data,2] (state.change.logger)
[2018-09-12 11:22:15,217] TRACE Broker 0 received LeaderAndIsr request PartitionState(controllerEpoch=5, leader=0, leaderEpoch=0, isr=[0], zkVersion=0, replicas=[0]) correlation id 8 from controller 0 epoch 5 for partition [car-data,1] (state.change.logger)
[2018-09-12 11:22:15,232] TRACE Broker 0 received LeaderAndIsr request PartitionState(controllerEpoch=5, leader=0, leaderEpoch=0, isr=[0], zkVersion=0, replicas=[0]) correlation id 8 from controller 0 epoch 5 for partition [car-data,4] (state.change.logger)
[2018-09-12 11:22:15,232] TRACE Broker 0 received LeaderAndIsr request PartitionState(controllerEpoch=5, leader=0, leaderEpoch=0, isr=[0], zkVersion=0, replicas=[0]) correlation id 8 from controller 0 epoch 5 for partition [car-data,3] (state.change.logger)
[2018-09-12 11:22:15,232] TRACE Broker 0 received LeaderAndIsr request PartitionState(controllerEpoch=5, leader=0, leaderEpoch=0, isr=[0], zkVersion=0, replicas=[0]) correlation id 8 from controller 0 epoch 5 for partition [car-data,0] (state.change.logger)
[2018-09-12 11:22:15,232] TRACE Broker 0 received LeaderAndIsr request PartitionState(controllerEpoch=5, leader=0, leaderEpoch=0, isr=[0], zkVersion=0, replicas=[0]) correlation id 8 from controller 0 epoch 5 for partition [car-data,10] (state.change.logger)
[2018-09-12 11:22:15,232] TRACE Broker 0 received LeaderAndIsr request PartitionState(controllerEpoch=5, leader=0, leaderEpoch=0, isr=[0], zkVersion=0, replicas=[0]) correlation id 8 from controller 0 epoch 5 for partition [car-data,9] (state.change.logger)
[2018-09-12 11:22:15,232] TRACE Broker 0 received LeaderAndIsr request PartitionState(controllerEpoch=5, leader=0, leaderEpoch=0, isr=[0], zkVersion=0, replicas=[0]) correlation id 8 from controller 0 epoch 5 for partition [car-data,12] (state.change.logger)
[2018-09-12 11:22:15,232] TRACE Broker 0 received LeaderAndIsr request PartitionState(controllerEpoch=5, leader=0, leaderEpoch=0, isr=[0], zkVersion=0, replicas=[0]) correlation id 8 from controller 0 epoch 5 for partition [car-data,11] (state.change.logger)
[2018-09-12 11:22:15,232] TRACE Broker 0 received LeaderAndIsr request PartitionState(controllerEpoch=5, leader=0, leaderEpoch=0, isr=[0], zkVersion=0, replicas=[0]) correlation id 8 from controller 0 epoch 5 for partition [car-data,6] (state.change.logger)
[2018-09-12 11:22:15,232] TRACE Broker 0 received LeaderAndIsr request PartitionState(controllerEpoch=5, leader=0, leaderEpoch=0, isr=[0], zkVersion=0, replicas=[0]) correlation id 8 from controller 0 epoch 5 for partition [car-data,5] (state.change.logger)
[2018-09-12 11:22:15,232] TRACE Broker 0 received LeaderAndIsr request PartitionState(controllerEpoch=5, leader=0, leaderEpoch=0, isr=[0], zkVersion=0, replicas=[0]) correlation id 8 from controller 0 epoch 5 for partition [car-data,8] (state.change.logger)
[2018-09-12 11:22:15,232] TRACE Broker 0 received LeaderAndIsr request PartitionState(controllerEpoch=5, leader=0, leaderEpoch=0, isr=[0], zkVersion=0, replicas=[0]) correlation id 8 from controller 0 epoch 5 for partition [car-data,7] (state.change.logger)
[2018-09-12 11:22:15,279] TRACE Broker 0 handling LeaderAndIsr request correlationId 8 from controller 0 epoch 5 starting the become-leader transition for partition car-data-5 (state.change.logger)
[2018-09-12 11:22:15,279] TRACE Broker 0 handling LeaderAndIsr request correlationId 8 from controller 0 epoch 5 starting the become-leader transition for partition car-data-2 (state.change.logger)
[2018-09-12 11:22:15,279] TRACE Broker 0 handling LeaderAndIsr request correlationId 8 from controller 0 epoch 5 starting the become-leader transition for partition car-data-12 (state.change.logger)
[2018-09-12 11:22:15,279] TRACE Broker 0 handling LeaderAndIsr request correlationId 8 from controller 0 epoch 5 starting the become-leader transition for partition car-data-9 (state.change.logger)
[2018-09-12 11:22:15,279] TRACE Broker 0 handling LeaderAndIsr request correlationId 8 from controller 0 epoch 5 starting the become-leader transition for partition car-data-6 (state.change.logger)
[2018-09-12 11:22:15,279] TRACE Broker 0 handling LeaderAndIsr request correlationId 8 from controller 0 epoch 5 starting the become-leader transition for partition car-data-3 (state.change.logger)
[2018-09-12 11:22:15,279] TRACE Broker 0 handling LeaderAndIsr request correlationId 8 from controller 0 epoch 5 starting the become-leader transition for partition car-data-0 (state.change.logger)
[2018-09-12 11:22:15,279] TRACE Broker 0 handling LeaderAndIsr request correlationId 8 from controller 0 epoch 5 starting the become-leader transition for partition car-data-10 (state.change.logger)
[2018-09-12 11:22:15,279] TRACE Broker 0 handling LeaderAndIsr request correlationId 8 from controller 0 epoch 5 starting the become-leader transition for partition car-data-7 (state.change.logger)
[2018-09-12 11:22:15,279] TRACE Broker 0 handling LeaderAndIsr request correlationId 8 from controller 0 epoch 5 starting the become-leader transition for partition car-data-4 (state.change.logger)
[2018-09-12 11:22:15,279] TRACE Broker 0 handling LeaderAndIsr request correlationId 8 from controller 0 epoch 5 starting the become-leader transition for partition car-data-1 (state.change.logger)
[2018-09-12 11:22:15,279] TRACE Broker 0 handling LeaderAndIsr request correlationId 8 from controller 0 epoch 5 starting the become-leader transition for partition car-data-11 (state.change.logger)
[2018-09-12 11:22:15,279] TRACE Broker 0 handling LeaderAndIsr request correlationId 8 from controller 0 epoch 5 starting the become-leader transition for partition car-data-8 (state.change.logger)
[2018-09-12 11:22:15,576] TRACE Broker 0 stopped fetchers as part of become-leader request from controller 0 epoch 5 with correlation id 8 for partition car-data-0 (state.change.logger)
[2018-09-12 11:22:15,576] TRACE Broker 0 stopped fetchers as part of become-leader request from controller 0 epoch 5 with correlation id 8 for partition car-data-3 (state.change.logger)
[2018-09-12 11:22:15,576] TRACE Broker 0 stopped fetchers as part of become-leader request from controller 0 epoch 5 with correlation id 8 for partition car-data-6 (state.change.logger)
[2018-09-12 11:22:15,576] TRACE Broker 0 stopped fetchers as part of become-leader request from controller 0 epoch 5 with correlation id 8 for partition car-data-9 (state.change.logger)
[2018-09-12 11:22:15,576] TRACE Broker 0 stopped fetchers as part of become-leader request from controller 0 epoch 5 with correlation id 8 for partition car-data-12 (state.change.logger)
[2018-09-12 11:22:15,576] TRACE Broker 0 stopped fetchers as part of become-leader request from controller 0 epoch 5 with correlation id 8 for partition car-data-2 (state.change.logger)
[2018-09-12 11:22:15,576] TRACE Broker 0 stopped fetchers as part of become-leader request from controller 0 epoch 5 with correlation id 8 for partition car-data-5 (state.change.logger)
[2018-09-12 11:22:15,576] TRACE Broker 0 stopped fetchers as part of become-leader request from controller 0 epoch 5 with correlation id 8 for partition car-data-8 (state.change.logger)
[2018-09-12 11:22:15,576] TRACE Broker 0 stopped fetchers as part of become-leader request from controller 0 epoch 5 with correlation id 8 for partition car-data-11 (state.change.logger)
[2018-09-12 11:22:15,576] TRACE Broker 0 stopped fetchers as part of become-leader request from controller 0 epoch 5 with correlation id 8 for partition car-data-1 (state.change.logger)
[2018-09-12 11:22:15,576] TRACE Broker 0 stopped fetchers as part of become-leader request from controller 0 epoch 5 with correlation id 8 for partition car-data-4 (state.change.logger)
[2018-09-12 11:22:15,576] TRACE Broker 0 stopped fetchers as part of become-leader request from controller 0 epoch 5 with correlation id 8 for partition car-data-7 (state.change.logger)
[2018-09-12 11:22:15,576] TRACE Broker 0 stopped fetchers as part of become-leader request from controller 0 epoch 5 with correlation id 8 for partition car-data-10 (state.change.logger)
[2018-09-12 11:22:15,576] TRACE Broker 0 completed LeaderAndIsr request correlationId 8 from controller 0 epoch 5 for the become-leader transition for partition car-data-5 (state.change.logger)
[2018-09-12 11:22:15,576] TRACE Broker 0 completed LeaderAndIsr request correlationId 8 from controller 0 epoch 5 for the become-leader transition for partition car-data-2 (state.change.logger)
[2018-09-12 11:22:15,576] TRACE Broker 0 completed LeaderAndIsr request correlationId 8 from controller 0 epoch 5 for the become-leader transition for partition car-data-12 (state.change.logger)
[2018-09-12 11:22:15,576] TRACE Broker 0 completed LeaderAndIsr request correlationId 8 from controller 0 epoch 5 for the become-leader transition for partition car-data-9 (state.change.logger)
[2018-09-12 11:22:15,576] TRACE Broker 0 completed LeaderAndIsr request correlationId 8 from controller 0 epoch 5 for the become-leader transition for partition car-data-6 (state.change.logger)
[2018-09-12 11:22:15,576] TRACE Broker 0 completed LeaderAndIsr request correlationId 8 from controller 0 epoch 5 for the become-leader transition for partition car-data-3 (state.change.logger)
[2018-09-12 11:22:15,576] TRACE Broker 0 completed LeaderAndIsr request correlationId 8 from controller 0 epoch 5 for the become-leader transition for partition car-data-0 (state.change.logger)
[2018-09-12 11:22:15,576] TRACE Broker 0 completed LeaderAndIsr request correlationId 8 from controller 0 epoch 5 for the become-leader transition for partition car-data-10 (state.change.logger)
[2018-09-12 11:22:15,576] TRACE Broker 0 completed LeaderAndIsr request correlationId 8 from controller 0 epoch 5 for the become-leader transition for partition car-data-7 (state.change.logger)
[2018-09-12 11:22:15,576] TRACE Broker 0 completed LeaderAndIsr request correlationId 8 from controller 0 epoch 5 for the become-leader transition for partition car-data-4 (state.change.logger)
[2018-09-12 11:22:15,576] TRACE Broker 0 completed LeaderAndIsr request correlationId 8 from controller 0 epoch 5 for the become-leader transition for partition car-data-1 (state.change.logger)
[2018-09-12 11:22:15,576] TRACE Broker 0 completed LeaderAndIsr request correlationId 8 from controller 0 epoch 5 for the become-leader transition for partition car-data-11 (state.change.logger)
[2018-09-12 11:22:15,576] TRACE Broker 0 completed LeaderAndIsr request correlationId 8 from controller 0 epoch 5 for the become-leader transition for partition car-data-8 (state.change.logger)
[2018-09-12 11:22:15,591] TRACE Controller 0 epoch 5 received response {error_code=0,partitions=[{topic=car-data,partition=4,error_code=0},{topic=car-data,partition=9,error_code=0},{topic=car-data,partition=12,error_code=0},{topic=car-data,partition=1,error_code=0},{topic=car-data,partition=6,error_code=0},{topic=car-data,partition=3,error_code=0},{topic=car-data,partition=0,error_code=0},{topic=car-data,partition=11,error_code=0},{topic=car-data,partition=8,error_code=0},{topic=car-data,partition=2,error_code=0},{topic=car-data,partition=5,error_code=0},{topic=car-data,partition=10,error_code=0},{topic=car-data,partition=7,error_code=0}]} for a request sent to broker user-PC:9092 (id: 0 rack: null) (state.change.logger)
[2018-09-12 11:22:15,591] TRACE Broker 0 cached leader info (LeaderAndIsrInfo:(Leader:0,ISR:0,LeaderEpoch:0,ControllerEpoch:5),ReplicationFactor:1),AllReplicas:0) for partition car-data-2 in response to UpdateMetadata request sent by controller 0 epoch 5 with correlation id 9 (state.change.logger)
[2018-09-12 11:22:15,591] TRACE Broker 0 cached leader info (LeaderAndIsrInfo:(Leader:0,ISR:0,LeaderEpoch:0,ControllerEpoch:5),ReplicationFactor:1),AllReplicas:0) for partition car-data-1 in response to UpdateMetadata request sent by controller 0 epoch 5 with correlation id 9 (state.change.logger)
[2018-09-12 11:22:15,591] TRACE Broker 0 cached leader info (LeaderAndIsrInfo:(Leader:0,ISR:0,LeaderEpoch:0,ControllerEpoch:5),ReplicationFactor:1),AllReplicas:0) for partition car-data-4 in response to UpdateMetadata request sent by controller 0 epoch 5 with correlation id 9 (state.change.logger)
[2018-09-12 11:22:15,591] TRACE Broker 0 cached leader info (LeaderAndIsrInfo:(Leader:0,ISR:0,LeaderEpoch:0,ControllerEpoch:5),ReplicationFactor:1),AllReplicas:0) for partition car-data-3 in response to UpdateMetadata request sent by controller 0 epoch 5 with correlation id 9 (state.change.logger)
[2018-09-12 11:22:15,591] TRACE Broker 0 cached leader info (LeaderAndIsrInfo:(Leader:0,ISR:0,LeaderEpoch:0,ControllerEpoch:5),ReplicationFactor:1),AllReplicas:0) for partition car-data-0 in response to UpdateMetadata request sent by controller 0 epoch 5 with correlation id 9 (state.change.logger)
[2018-09-12 11:22:15,591] TRACE Broker 0 cached leader info (LeaderAndIsrInfo:(Leader:0,ISR:0,LeaderEpoch:0,ControllerEpoch:5),ReplicationFactor:1),AllReplicas:0) for partition car-data-10 in response to UpdateMetadata request sent by controller 0 epoch 5 with correlation id 9 (state.change.logger)
[2018-09-12 11:22:15,591] TRACE Broker 0 cached leader info (LeaderAndIsrInfo:(Leader:0,ISR:0,LeaderEpoch:0,ControllerEpoch:5),ReplicationFactor:1),AllReplicas:0) for partition car-data-9 in response to UpdateMetadata request sent by controller 0 epoch 5 with correlation id 9 (state.change.logger)
[2018-09-12 11:22:15,591] TRACE Broker 0 cached leader info (LeaderAndIsrInfo:(Leader:0,ISR:0,LeaderEpoch:0,ControllerEpoch:5),ReplicationFactor:1),AllReplicas:0) for partition car-data-12 in response to UpdateMetadata request sent by controller 0 epoch 5 with correlation id 9 (state.change.logger)
[2018-09-12 11:22:15,591] TRACE Broker 0 cached leader info (LeaderAndIsrInfo:(Leader:0,ISR:0,LeaderEpoch:0,ControllerEpoch:5),ReplicationFactor:1),AllReplicas:0) for partition car-data-11 in response to UpdateMetadata request sent by controller 0 epoch 5 with correlation id 9 (state.change.logger)
[2018-09-12 11:22:15,591] TRACE Broker 0 cached leader info (LeaderAndIsrInfo:(Leader:0,ISR:0,LeaderEpoch:0,ControllerEpoch:5),ReplicationFactor:1),AllReplicas:0) for partition car-data-6 in response to UpdateMetadata request sent by controller 0 epoch 5 with correlation id 9 (state.change.logger)
[2018-09-12 11:22:15,591] TRACE Broker 0 cached leader info (LeaderAndIsrInfo:(Leader:0,ISR:0,LeaderEpoch:0,ControllerEpoch:5),ReplicationFactor:1),AllReplicas:0) for partition car-data-5 in response to UpdateMetadata request sent by controller 0 epoch 5 with correlation id 9 (state.change.logger)
[2018-09-12 11:22:15,591] TRACE Broker 0 cached leader info (LeaderAndIsrInfo:(Leader:0,ISR:0,LeaderEpoch:0,ControllerEpoch:5),ReplicationFactor:1),AllReplicas:0) for partition car-data-8 in response to UpdateMetadata request sent by controller 0 epoch 5 with correlation id 9 (state.change.logger)
[2018-09-12 11:22:15,591] TRACE Broker 0 cached leader info (LeaderAndIsrInfo:(Leader:0,ISR:0,LeaderEpoch:0,ControllerEpoch:5),ReplicationFactor:1),AllReplicas:0) for partition car-data-7 in response to UpdateMetadata request sent by controller 0 epoch 5 with correlation id 9 (state.change.logger)
[2018-09-12 11:22:15,591] TRACE Controller 0 epoch 5 received response {error_code=0} for a request sent to broker user-PC:9092 (id: 0 rack: null) (state.change.logger)
[2018-09-12 12:32:24,871] TRACE Controller 0 epoch 5 changed partition [car-ata,0] state from NonExistentPartition to NewPartition with assigned replicas 0 (state.change.logger)
[2018-09-12 12:32:24,887] TRACE Controller 0 epoch 5 changed state of replica 0 for partition [car-ata,0] from NonExistentReplica to NewReplica (state.change.logger)
[2018-09-12 12:32:25,401] TRACE Controller 0 epoch 5 changed partition [car-ata,0] from NewPartition to OnlinePartition with leader 0 (state.change.logger)
[2018-09-12 12:32:25,401] TRACE Controller 0 epoch 5 sending become-leader LeaderAndIsr request (Leader:0,ISR:0,LeaderEpoch:0,ControllerEpoch:5) to broker 0 for partition [car-ata,0] (state.change.logger)
[2018-09-12 12:32:25,401] TRACE Controller 0 epoch 5 sending UpdateMetadata request (Leader:0,ISR:0,LeaderEpoch:0,ControllerEpoch:5) to brokers Set(0) for partition car-ata-0 (state.change.logger)
[2018-09-12 12:32:25,401] TRACE Controller 0 epoch 5 changed state of replica 0 for partition [car-ata,0] from NewReplica to OnlineReplica (state.change.logger)
[2018-09-12 12:32:25,433] TRACE Broker 0 received LeaderAndIsr request PartitionState(controllerEpoch=5, leader=0, leaderEpoch=0, isr=[0], zkVersion=0, replicas=[0]) correlation id 10 from controller 0 epoch 5 for partition [car-ata,0] (state.change.logger)
[2018-09-12 12:32:25,433] TRACE Broker 0 handling LeaderAndIsr request correlationId 10 from controller 0 epoch 5 starting the become-leader transition for partition car-ata-0 (state.change.logger)
[2018-09-12 12:32:25,620] TRACE Broker 0 stopped fetchers as part of become-leader request from controller 0 epoch 5 with correlation id 10 for partition car-ata-0 (state.change.logger)
[2018-09-12 12:32:25,620] TRACE Broker 0 completed LeaderAndIsr request correlationId 10 from controller 0 epoch 5 for the become-leader transition for partition car-ata-0 (state.change.logger)
[2018-09-12 12:32:25,620] TRACE Controller 0 epoch 5 received response {error_code=0,partitions=[{topic=car-ata,partition=0,error_code=0}]} for a request sent to broker user-PC:9092 (id: 0 rack: null) (state.change.logger)
[2018-09-12 12:32:25,620] TRACE Broker 0 cached leader info (LeaderAndIsrInfo:(Leader:0,ISR:0,LeaderEpoch:0,ControllerEpoch:5),ReplicationFactor:1),AllReplicas:0) for partition car-ata-0 in response to UpdateMetadata request sent by controller 0 epoch 5 with correlation id 11 (state.change.logger)
[2018-09-12 12:32:25,620] TRACE Controller 0 epoch 5 received response {error_code=0} for a request sent to broker user-PC:9092 (id: 0 rack: null) (state.change.logger)
